#
# There is insufficient memory for the Java Runtime Environment to continue.
# Native memory allocation (mmap) failed to map 65536 bytes. Error detail: Failed to commit metaspace.
# Possible reasons:
#   The system is out of physical RAM or swap space
#   This process is running with CompressedOops enabled, and the Java Heap may be blocking the growth of the native heap
# Possible solutions:
#   Reduce memory load on the system
#   Increase physical memory or swap space
#   Check if swap backing store is full
#   Decrease Java heap size (-Xmx/-Xms)
#   Decrease number of Java threads
#   Decrease Java thread stack sizes (-Xss)
#   Set larger code cache with -XX:ReservedCodeCacheSize=
#   JVM is running with Zero Based Compressed Oops mode in which the Java heap is
#     placed in the first 32GB address space. The Java Heap base address is the
#     maximum limit for the native heap growth. Please use -XX:HeapBaseMinAddress
#     to set the Java Heap base and to place the Java Heap above 32GB virtual address.
# This output file may be truncated or incomplete.
#
#  Out of Memory Error (virtualSpaceNode.cpp:113), pid=30660, tid=27168
#
# JRE version: OpenJDK Runtime Environment JBR-21.0.5+8-631.30-jcef (21.0.5+8) (build 21.0.5+8-b631.30)
# Java VM: OpenJDK 64-Bit Server VM JBR-21.0.5+8-631.30-jcef (21.0.5+8-b631.30, mixed mode, tiered, compressed oops, compressed class ptrs, g1 gc, windows-amd64)
# No core dump will be written. Minidumps are not enabled by default on client versions of Windows
#

---------------  S U M M A R Y ------------

Command Line: git4idea.http.GitAskPassApp Username for 'https://github.com': 

Host: AMD Ryzen 5 2600 Six-Core Processor            , 12 cores, 15G,  Windows 11 , 64 bit Build 26100 (10.0.26100.2454)
Time: Thu May  1 00:15:22 2025  Windows 11 , 64 bit Build 26100 (10.0.26100.2454) elapsed time: 0.177567 seconds (0d 0h 0m 0s)

---------------  T H R E A D  ---------------

Current thread (0x0000028115deefe0):  JavaThread "main"             [_thread_in_vm, id=27168, stack(0x000000e96df00000,0x000000e96e000000) (1024K)]

Stack: [0x000000e96df00000,0x000000e96e000000]
Native frames: (J=compiled Java code, j=interpreted, Vv=VM code, C=native code)
V  [jvm.dll+0x6e52b9]
V  [jvm.dll+0x8c3633]
V  [jvm.dll+0x8c5b8e]
V  [jvm.dll+0x8c6273]
V  [jvm.dll+0x288f46]
V  [jvm.dll+0x8be47e]
V  [jvm.dll+0x686805]
V  [jvm.dll+0x68686a]
V  [jvm.dll+0x689086]
V  [jvm.dll+0x688f52]
V  [jvm.dll+0x6871be]
V  [jvm.dll+0x273aa7]
V  [jvm.dll+0x218c67]
V  [jvm.dll+0x21dcd4]
V  [jvm.dll+0x213199]
V  [jvm.dll+0x5c4333]
V  [jvm.dll+0x224bdb]
V  [jvm.dll+0x83a43c]
V  [jvm.dll+0x83b4e2]
V  [jvm.dll+0x83baa4]
V  [jvm.dll+0x83b738]
V  [jvm.dll+0x27607b]
V  [jvm.dll+0x3e378e]
C  0x000002812351a97f

The last pc belongs to new (printed below).
Java frames: (J=compiled Java code, j=interpreted, Vv=VM code)
j  sun.security.provider.Sun.<init>()V+13 java.base@21.0.5
j  sun.security.jca.ProviderConfig.getProvider()Ljava/security/Provider;+67 java.base@21.0.5
j  sun.security.jca.ProviderList.getProvider(I)Ljava/security/Provider;+6 java.base@21.0.5
j  sun.security.jca.ProviderList.getService(Ljava/lang/String;Ljava/lang/String;)Ljava/security/Provider$Service;+88 java.base@21.0.5
j  sun.security.jca.GetInstance.getInstance(Ljava/lang/String;Ljava/lang/Class;Ljava/lang/String;)Lsun/security/jca/GetInstance$Instance;+7 java.base@21.0.5
j  javax.net.ssl.SSLContext.getInstance(Ljava/lang/String;)Ljavax/net/ssl/SSLContext;+12 java.base@21.0.5
j  externalApp.ExternalAppUtil.sendIdeRequest(Ljava/lang/String;ILjava/lang/String;Ljava/lang/String;)LexternalApp/ExternalAppUtil$Result;+34
j  git4idea.http.GitAskPassApp.main([Ljava/lang/String;)V+37
v  ~StubRoutines::call_stub 0x000002812350100d
new  187 new  [0x000002812351a800, 0x000002812351aa08]  520 bytes
[MachCode]
  0x000002812351a800: 4883 ec08 | c5fa 1104 | 24eb 1f48 | 83ec 10c5 | fb11 0424 | eb14 4883 | ec10 4889 | 0424 48c7 
  0x000002812351a820: 4424 0800 | 0000 00eb | 0150 410f | b755 010f | cac1 ea10 | 488b 4de8 | 488b 4908 | 488b 4908 
  0x000002812351a840: 488b 4108 | 807c 1004 | 070f 85d3 | 0000 0066 | 8b54 d148 | 488b 4928 | 488b 4cd1 | 0851 80b9 
  0x000002812351a860: 4101 0000 | 040f 85b6 | 0000 008b | 5108 f6c2 | 010f 85aa | 0000 0049 | 8b87 b801 | 0000 488d 
  0x000002812351a880: 1c10 493b | 9fc8 0100 | 000f 8792 | 0000 0049 | 899f b801 | 0000 4883 | ea10 0f84 | 0f00 0000 
  0x000002812351a8a0: 33c9 c1ea | 0348 894c | d008 48ff | ca75 f648 | c700 0100 | 0000 5933 | f689 700c | 49ba 0000 
  0x000002812351a8c0: 0000 0800 | 0000 492b | ca89 4808 | 49ba f75d | ad60 fd7f | 0000 4180 | 3a00 0f84 | 3c00 0000 
  0x000002812351a8e0: 5048 8bc8 | 4883 ec20 | 40f6 c40f | 0f84 1900 | 0000 4883 | ec08 48b8 | a0c7 5660 | fd7f 0000 
  0x000002812351a900: ffd0 4883 | c408 e90c | 0000 0048 | b8a0 c756 | 60fd 7f00 | 00ff d048 | 83c4 2058 | e9cb 0000 
  0x000002812351a920: 0059 488b | 55e8 488b | 5208 488b | 5208 450f | b745 0141 | 0fc8 41c1 | e810 e805 | 0000 00e9 
  0x000002812351a940: a800 0000 | 488d 4424 | 084c 896d | c049 8bcf | c5f8 7749 | 89af a803 | 0000 4989 | 8798 0300 
  0x000002812351a960: 0048 83ec | 2040 f6c4 | 0f0f 8419 | 0000 0048 | 83ec 0848 | b840 3720 | 60fd 7f00 | 00ff d048 
  0x000002812351a980: 83c4 08e9 | 0c00 0000 | 48b8 4037 | 2060 fd7f | 0000 ffd0 | 4883 c420 | 49c7 8798 | 0300 0000 
  0x000002812351a9a0: 0000 0049 | c787 a803 | 0000 0000 | 0000 49c7 | 87a0 0300 | 0000 0000 | 00c5 f877 | 4983 7f08 
  0x000002812351a9c0: 000f 8405 | 0000 00e9 | 3465 feff | 498b 87f0 | 0300 0049 | c787 f003 | 0000 0000 | 0000 4c8b 
  0x000002812351a9e0: 6dc0 4c8b | 75c8 4e8d | 74f5 00c3 | 410f b65d | 0349 83c5 | 0349 bac0 | 28b0 60fd | 7f00 0041 
  0x000002812351aa00: ff24 da0f | 1f44 0000 
[/MachCode]

---------------  P R O C E S S  ---------------

Threads class SMR info:
_java_thread_list=0x0000028133536360, length=11, elements={
0x0000028115deefe0, 0x0000028133344110, 0x0000028133371d90, 0x0000028133394c30,
0x0000028133395680, 0x000002813338be30, 0x00000281333960d0, 0x0000028133396b20,
0x00000281333adf50, 0x00000281335541c0, 0x00000281335694f0
}

Java Threads: ( => current thread )
=>0x0000028115deefe0 JavaThread "main"                              [_thread_in_vm, id=27168, stack(0x000000e96df00000,0x000000e96e000000) (1024K)]
  0x0000028133344110 JavaThread "Reference Handler"          daemon [_thread_blocked, id=25936, stack(0x000000e96e700000,0x000000e96e800000) (1024K)]
  0x0000028133371d90 JavaThread "Finalizer"                  daemon [_thread_blocked, id=12764, stack(0x000000e96e800000,0x000000e96e900000) (1024K)]
  0x0000028133394c30 JavaThread "Signal Dispatcher"          daemon [_thread_blocked, id=15428, stack(0x000000e96e900000,0x000000e96ea00000) (1024K)]
  0x0000028133395680 JavaThread "Attach Listener"            daemon [_thread_blocked, id=26072, stack(0x000000e96ea00000,0x000000e96eb00000) (1024K)]
  0x000002813338be30 JavaThread "Service Thread"             daemon [_thread_blocked, id=29272, stack(0x000000e96eb00000,0x000000e96ec00000) (1024K)]
  0x00000281333960d0 JavaThread "Monitor Deflation Thread"   daemon [_thread_blocked, id=27112, stack(0x000000e96ec00000,0x000000e96ed00000) (1024K)]
  0x0000028133396b20 JavaThread "C2 CompilerThread0"         daemon [_thread_blocked, id=30480, stack(0x000000e96ed00000,0x000000e96ee00000) (1024K)]
  0x00000281333adf50 JavaThread "C1 CompilerThread0"         daemon [_thread_blocked, id=30444, stack(0x000000e96ee00000,0x000000e96ef00000) (1024K)]
  0x00000281335541c0 JavaThread "Notification Thread"        daemon [_thread_blocked, id=14664, stack(0x000000e96ef00000,0x000000e96f000000) (1024K)]
  0x00000281335694f0 JavaThread "Common-Cleaner"             daemon [_thread_blocked, id=28824, stack(0x000000e96f000000,0x000000e96f100000) (1024K)]
Total: 11

Other Threads:
  0x00000281333112e0 VMThread "VM Thread"                           [id=29612, stack(0x000000e96e600000,0x000000e96e700000) (1024K)]
  0x000002813314f610 WatcherThread "VM Periodic Task Thread"        [id=28916, stack(0x000000e96e500000,0x000000e96e600000) (1024K)]
  0x00000281180a1b90 WorkerThread "GC Thread#0"                     [id=28208, stack(0x000000e96e000000,0x000000e96e100000) (1024K)]
  0x00000281180b3900 ConcurrentGCThread "G1 Main Marker"            [id=29096, stack(0x000000e96e100000,0x000000e96e200000) (1024K)]
  0x00000281180b5bb0 WorkerThread "G1 Conc#0"                       [id=14668, stack(0x000000e96e200000,0x000000e96e300000) (1024K)]
  0x000002813300d1f0 ConcurrentGCThread "G1 Refine#0"               [id=30640, stack(0x000000e96e300000,0x000000e96e400000) (1024K)]
  0x000002813300ea20 ConcurrentGCThread "G1 Service"                [id=29932, stack(0x000000e96e400000,0x000000e96e500000) (1024K)]
Total: 7

Threads with active compile tasks:
Total: 0

VM state: not at safepoint (normal execution)

VM Mutex/Monitor currently owned by a thread:  ([mutex/lock_event])
[0x00007ffd60aec830] Metaspace_lock - owner thread: 0x0000028115deefe0

Heap address: 0x0000000700e00000, size: 4082 MB, Compressed Oops mode: Zero based, Oop shift amount: 3

CDS archive(s) not mapped
Compressed class space mapped at: 0x0000000800000000-0x0000000840000000, reserved size: 1073741824
Narrow klass base: 0x0000000800000000, Narrow klass shift: 0, Narrow klass range: 0x40000000

GC Precious Log:
 CardTable entry size: 512
 Card Set container configuration: InlinePtr #cards 4 size 8 Array Of Cards #cards 16 size 48 Howl #buckets 8 coarsen threshold 3686 Howl Bitmap #cards 512 size 80 coarsen threshold 460 Card regions per heap region 1 cards per card region 4096
 CPUs: 12 total, 12 available
 Memory: 16320M
 Large Page Support: Disabled
 NUMA Support: Disabled
 Compressed Oops: Enabled (Zero based)
 Heap Region Size: 2M
 Heap Min Capacity: 8M
 Heap Initial Capacity: 256M
 Heap Max Capacity: 4082M
 Pre-touch: Disabled
 Parallel Workers: 10
 Concurrent Workers: 3
 Concurrent Refinement Workers: 10
 Periodic GC: Disabled

Heap:
 garbage-first heap   total 262144K, used 2048K [0x0000000700e00000, 0x0000000800000000)
  region size 2048K, 2 young (4096K), 0 survivors (0K)
 Metaspace       used 7092K, committed 7232K, reserved 1114112K
  class space    used 566K, committed 640K, reserved 1048576K

Heap Regions: E=young(eden), S=young(survivor), O=old, HS=humongous(starts), HC=humongous(continues), CS=collection set, F=free, TAMS=top-at-mark-start, PB=parsable bottom
|   0|0x0000000700e00000, 0x0000000700e00000, 0x0000000701000000|  0%| F|  |TAMS 0x0000000700e00000| PB 0x0000000700e00000| Untracked 
|   1|0x0000000701000000, 0x0000000701000000, 0x0000000701200000|  0%| F|  |TAMS 0x0000000701000000| PB 0x0000000701000000| Untracked 
|   2|0x0000000701200000, 0x0000000701200000, 0x0000000701400000|  0%| F|  |TAMS 0x0000000701200000| PB 0x0000000701200000| Untracked 
|   3|0x0000000701400000, 0x0000000701400000, 0x0000000701600000|  0%| F|  |TAMS 0x0000000701400000| PB 0x0000000701400000| Untracked 
|   4|0x0000000701600000, 0x0000000701600000, 0x0000000701800000|  0%| F|  |TAMS 0x0000000701600000| PB 0x0000000701600000| Untracked 
|   5|0x0000000701800000, 0x0000000701800000, 0x0000000701a00000|  0%| F|  |TAMS 0x0000000701800000| PB 0x0000000701800000| Untracked 
|   6|0x0000000701a00000, 0x0000000701a00000, 0x0000000701c00000|  0%| F|  |TAMS 0x0000000701a00000| PB 0x0000000701a00000| Untracked 
|   7|0x0000000701c00000, 0x0000000701c00000, 0x0000000701e00000|  0%| F|  |TAMS 0x0000000701c00000| PB 0x0000000701c00000| Untracked 
|   8|0x0000000701e00000, 0x0000000701e00000, 0x0000000702000000|  0%| F|  |TAMS 0x0000000701e00000| PB 0x0000000701e00000| Untracked 
|   9|0x0000000702000000, 0x0000000702000000, 0x0000000702200000|  0%| F|  |TAMS 0x0000000702000000| PB 0x0000000702000000| Untracked 
|  10|0x0000000702200000, 0x0000000702200000, 0x0000000702400000|  0%| F|  |TAMS 0x0000000702200000| PB 0x0000000702200000| Untracked 
|  11|0x0000000702400000, 0x0000000702400000, 0x0000000702600000|  0%| F|  |TAMS 0x0000000702400000| PB 0x0000000702400000| Untracked 
|  12|0x0000000702600000, 0x0000000702600000, 0x0000000702800000|  0%| F|  |TAMS 0x0000000702600000| PB 0x0000000702600000| Untracked 
|  13|0x0000000702800000, 0x0000000702800000, 0x0000000702a00000|  0%| F|  |TAMS 0x0000000702800000| PB 0x0000000702800000| Untracked 
|  14|0x0000000702a00000, 0x0000000702a00000, 0x0000000702c00000|  0%| F|  |TAMS 0x0000000702a00000| PB 0x0000000702a00000| Untracked 
|  15|0x0000000702c00000, 0x0000000702c00000, 0x0000000702e00000|  0%| F|  |TAMS 0x0000000702c00000| PB 0x0000000702c00000| Untracked 
|  16|0x0000000702e00000, 0x0000000702e00000, 0x0000000703000000|  0%| F|  |TAMS 0x0000000702e00000| PB 0x0000000702e00000| Untracked 
|  17|0x0000000703000000, 0x0000000703000000, 0x0000000703200000|  0%| F|  |TAMS 0x0000000703000000| PB 0x0000000703000000| Untracked 
|  18|0x0000000703200000, 0x0000000703200000, 0x0000000703400000|  0%| F|  |TAMS 0x0000000703200000| PB 0x0000000703200000| Untracked 
|  19|0x0000000703400000, 0x0000000703400000, 0x0000000703600000|  0%| F|  |TAMS 0x0000000703400000| PB 0x0000000703400000| Untracked 
|  20|0x0000000703600000, 0x0000000703600000, 0x0000000703800000|  0%| F|  |TAMS 0x0000000703600000| PB 0x0000000703600000| Untracked 
|  21|0x0000000703800000, 0x0000000703800000, 0x0000000703a00000|  0%| F|  |TAMS 0x0000000703800000| PB 0x0000000703800000| Untracked 
|  22|0x0000000703a00000, 0x0000000703a00000, 0x0000000703c00000|  0%| F|  |TAMS 0x0000000703a00000| PB 0x0000000703a00000| Untracked 
|  23|0x0000000703c00000, 0x0000000703c00000, 0x0000000703e00000|  0%| F|  |TAMS 0x0000000703c00000| PB 0x0000000703c00000| Untracked 
|  24|0x0000000703e00000, 0x0000000703e00000, 0x0000000704000000|  0%| F|  |TAMS 0x0000000703e00000| PB 0x0000000703e00000| Untracked 
|  25|0x0000000704000000, 0x0000000704000000, 0x0000000704200000|  0%| F|  |TAMS 0x0000000704000000| PB 0x0000000704000000| Untracked 
|  26|0x0000000704200000, 0x0000000704200000, 0x0000000704400000|  0%| F|  |TAMS 0x0000000704200000| PB 0x0000000704200000| Untracked 
|  27|0x0000000704400000, 0x0000000704400000, 0x0000000704600000|  0%| F|  |TAMS 0x0000000704400000| PB 0x0000000704400000| Untracked 
|  28|0x0000000704600000, 0x0000000704600000, 0x0000000704800000|  0%| F|  |TAMS 0x0000000704600000| PB 0x0000000704600000| Untracked 
|  29|0x0000000704800000, 0x0000000704800000, 0x0000000704a00000|  0%| F|  |TAMS 0x0000000704800000| PB 0x0000000704800000| Untracked 
|  30|0x0000000704a00000, 0x0000000704a00000, 0x0000000704c00000|  0%| F|  |TAMS 0x0000000704a00000| PB 0x0000000704a00000| Untracked 
|  31|0x0000000704c00000, 0x0000000704c00000, 0x0000000704e00000|  0%| F|  |TAMS 0x0000000704c00000| PB 0x0000000704c00000| Untracked 
|  32|0x0000000704e00000, 0x0000000704e00000, 0x0000000705000000|  0%| F|  |TAMS 0x0000000704e00000| PB 0x0000000704e00000| Untracked 
|  33|0x0000000705000000, 0x0000000705000000, 0x0000000705200000|  0%| F|  |TAMS 0x0000000705000000| PB 0x0000000705000000| Untracked 
|  34|0x0000000705200000, 0x0000000705200000, 0x0000000705400000|  0%| F|  |TAMS 0x0000000705200000| PB 0x0000000705200000| Untracked 
|  35|0x0000000705400000, 0x0000000705400000, 0x0000000705600000|  0%| F|  |TAMS 0x0000000705400000| PB 0x0000000705400000| Untracked 
|  36|0x0000000705600000, 0x0000000705600000, 0x0000000705800000|  0%| F|  |TAMS 0x0000000705600000| PB 0x0000000705600000| Untracked 
|  37|0x0000000705800000, 0x0000000705800000, 0x0000000705a00000|  0%| F|  |TAMS 0x0000000705800000| PB 0x0000000705800000| Untracked 
|  38|0x0000000705a00000, 0x0000000705a00000, 0x0000000705c00000|  0%| F|  |TAMS 0x0000000705a00000| PB 0x0000000705a00000| Untracked 
|  39|0x0000000705c00000, 0x0000000705c00000, 0x0000000705e00000|  0%| F|  |TAMS 0x0000000705c00000| PB 0x0000000705c00000| Untracked 
|  40|0x0000000705e00000, 0x0000000705e00000, 0x0000000706000000|  0%| F|  |TAMS 0x0000000705e00000| PB 0x0000000705e00000| Untracked 
|  41|0x0000000706000000, 0x0000000706000000, 0x0000000706200000|  0%| F|  |TAMS 0x0000000706000000| PB 0x0000000706000000| Untracked 
|  42|0x0000000706200000, 0x0000000706200000, 0x0000000706400000|  0%| F|  |TAMS 0x0000000706200000| PB 0x0000000706200000| Untracked 
|  43|0x0000000706400000, 0x0000000706400000, 0x0000000706600000|  0%| F|  |TAMS 0x0000000706400000| PB 0x0000000706400000| Untracked 
|  44|0x0000000706600000, 0x0000000706600000, 0x0000000706800000|  0%| F|  |TAMS 0x0000000706600000| PB 0x0000000706600000| Untracked 
|  45|0x0000000706800000, 0x0000000706800000, 0x0000000706a00000|  0%| F|  |TAMS 0x0000000706800000| PB 0x0000000706800000| Untracked 
|  46|0x0000000706a00000, 0x0000000706a00000, 0x0000000706c00000|  0%| F|  |TAMS 0x0000000706a00000| PB 0x0000000706a00000| Untracked 
|  47|0x0000000706c00000, 0x0000000706c00000, 0x0000000706e00000|  0%| F|  |TAMS 0x0000000706c00000| PB 0x0000000706c00000| Untracked 
|  48|0x0000000706e00000, 0x0000000706e00000, 0x0000000707000000|  0%| F|  |TAMS 0x0000000706e00000| PB 0x0000000706e00000| Untracked 
|  49|0x0000000707000000, 0x0000000707000000, 0x0000000707200000|  0%| F|  |TAMS 0x0000000707000000| PB 0x0000000707000000| Untracked 
|  50|0x0000000707200000, 0x0000000707200000, 0x0000000707400000|  0%| F|  |TAMS 0x0000000707200000| PB 0x0000000707200000| Untracked 
|  51|0x0000000707400000, 0x0000000707400000, 0x0000000707600000|  0%| F|  |TAMS 0x0000000707400000| PB 0x0000000707400000| Untracked 
|  52|0x0000000707600000, 0x0000000707600000, 0x0000000707800000|  0%| F|  |TAMS 0x0000000707600000| PB 0x0000000707600000| Untracked 
|  53|0x0000000707800000, 0x0000000707800000, 0x0000000707a00000|  0%| F|  |TAMS 0x0000000707800000| PB 0x0000000707800000| Untracked 
|  54|0x0000000707a00000, 0x0000000707a00000, 0x0000000707c00000|  0%| F|  |TAMS 0x0000000707a00000| PB 0x0000000707a00000| Untracked 
|  55|0x0000000707c00000, 0x0000000707c00000, 0x0000000707e00000|  0%| F|  |TAMS 0x0000000707c00000| PB 0x0000000707c00000| Untracked 
|  56|0x0000000707e00000, 0x0000000707e00000, 0x0000000708000000|  0%| F|  |TAMS 0x0000000707e00000| PB 0x0000000707e00000| Untracked 
|  57|0x0000000708000000, 0x0000000708000000, 0x0000000708200000|  0%| F|  |TAMS 0x0000000708000000| PB 0x0000000708000000| Untracked 
|  58|0x0000000708200000, 0x0000000708200000, 0x0000000708400000|  0%| F|  |TAMS 0x0000000708200000| PB 0x0000000708200000| Untracked 
|  59|0x0000000708400000, 0x0000000708400000, 0x0000000708600000|  0%| F|  |TAMS 0x0000000708400000| PB 0x0000000708400000| Untracked 
|  60|0x0000000708600000, 0x0000000708600000, 0x0000000708800000|  0%| F|  |TAMS 0x0000000708600000| PB 0x0000000708600000| Untracked 
|  61|0x0000000708800000, 0x0000000708800000, 0x0000000708a00000|  0%| F|  |TAMS 0x0000000708800000| PB 0x0000000708800000| Untracked 
|  62|0x0000000708a00000, 0x0000000708a00000, 0x0000000708c00000|  0%| F|  |TAMS 0x0000000708a00000| PB 0x0000000708a00000| Untracked 
|  63|0x0000000708c00000, 0x0000000708c00000, 0x0000000708e00000|  0%| F|  |TAMS 0x0000000708c00000| PB 0x0000000708c00000| Untracked 
|  64|0x0000000708e00000, 0x0000000708e00000, 0x0000000709000000|  0%| F|  |TAMS 0x0000000708e00000| PB 0x0000000708e00000| Untracked 
|  65|0x0000000709000000, 0x0000000709000000, 0x0000000709200000|  0%| F|  |TAMS 0x0000000709000000| PB 0x0000000709000000| Untracked 
|  66|0x0000000709200000, 0x0000000709200000, 0x0000000709400000|  0%| F|  |TAMS 0x0000000709200000| PB 0x0000000709200000| Untracked 
|  67|0x0000000709400000, 0x0000000709400000, 0x0000000709600000|  0%| F|  |TAMS 0x0000000709400000| PB 0x0000000709400000| Untracked 
|  68|0x0000000709600000, 0x0000000709600000, 0x0000000709800000|  0%| F|  |TAMS 0x0000000709600000| PB 0x0000000709600000| Untracked 
|  69|0x0000000709800000, 0x0000000709800000, 0x0000000709a00000|  0%| F|  |TAMS 0x0000000709800000| PB 0x0000000709800000| Untracked 
|  70|0x0000000709a00000, 0x0000000709a00000, 0x0000000709c00000|  0%| F|  |TAMS 0x0000000709a00000| PB 0x0000000709a00000| Untracked 
|  71|0x0000000709c00000, 0x0000000709c00000, 0x0000000709e00000|  0%| F|  |TAMS 0x0000000709c00000| PB 0x0000000709c00000| Untracked 
|  72|0x0000000709e00000, 0x0000000709e00000, 0x000000070a000000|  0%| F|  |TAMS 0x0000000709e00000| PB 0x0000000709e00000| Untracked 
|  73|0x000000070a000000, 0x000000070a000000, 0x000000070a200000|  0%| F|  |TAMS 0x000000070a000000| PB 0x000000070a000000| Untracked 
|  74|0x000000070a200000, 0x000000070a200000, 0x000000070a400000|  0%| F|  |TAMS 0x000000070a200000| PB 0x000000070a200000| Untracked 
|  75|0x000000070a400000, 0x000000070a400000, 0x000000070a600000|  0%| F|  |TAMS 0x000000070a400000| PB 0x000000070a400000| Untracked 
|  76|0x000000070a600000, 0x000000070a600000, 0x000000070a800000|  0%| F|  |TAMS 0x000000070a600000| PB 0x000000070a600000| Untracked 
|  77|0x000000070a800000, 0x000000070a800000, 0x000000070aa00000|  0%| F|  |TAMS 0x000000070a800000| PB 0x000000070a800000| Untracked 
|  78|0x000000070aa00000, 0x000000070aa00000, 0x000000070ac00000|  0%| F|  |TAMS 0x000000070aa00000| PB 0x000000070aa00000| Untracked 
|  79|0x000000070ac00000, 0x000000070ac00000, 0x000000070ae00000|  0%| F|  |TAMS 0x000000070ac00000| PB 0x000000070ac00000| Untracked 
|  80|0x000000070ae00000, 0x000000070ae00000, 0x000000070b000000|  0%| F|  |TAMS 0x000000070ae00000| PB 0x000000070ae00000| Untracked 
|  81|0x000000070b000000, 0x000000070b000000, 0x000000070b200000|  0%| F|  |TAMS 0x000000070b000000| PB 0x000000070b000000| Untracked 
|  82|0x000000070b200000, 0x000000070b200000, 0x000000070b400000|  0%| F|  |TAMS 0x000000070b200000| PB 0x000000070b200000| Untracked 
|  83|0x000000070b400000, 0x000000070b400000, 0x000000070b600000|  0%| F|  |TAMS 0x000000070b400000| PB 0x000000070b400000| Untracked 
|  84|0x000000070b600000, 0x000000070b600000, 0x000000070b800000|  0%| F|  |TAMS 0x000000070b600000| PB 0x000000070b600000| Untracked 
|  85|0x000000070b800000, 0x000000070b800000, 0x000000070ba00000|  0%| F|  |TAMS 0x000000070b800000| PB 0x000000070b800000| Untracked 
|  86|0x000000070ba00000, 0x000000070ba00000, 0x000000070bc00000|  0%| F|  |TAMS 0x000000070ba00000| PB 0x000000070ba00000| Untracked 
|  87|0x000000070bc00000, 0x000000070bc00000, 0x000000070be00000|  0%| F|  |TAMS 0x000000070bc00000| PB 0x000000070bc00000| Untracked 
|  88|0x000000070be00000, 0x000000070be00000, 0x000000070c000000|  0%| F|  |TAMS 0x000000070be00000| PB 0x000000070be00000| Untracked 
|  89|0x000000070c000000, 0x000000070c000000, 0x000000070c200000|  0%| F|  |TAMS 0x000000070c000000| PB 0x000000070c000000| Untracked 
|  90|0x000000070c200000, 0x000000070c200000, 0x000000070c400000|  0%| F|  |TAMS 0x000000070c200000| PB 0x000000070c200000| Untracked 
|  91|0x000000070c400000, 0x000000070c400000, 0x000000070c600000|  0%| F|  |TAMS 0x000000070c400000| PB 0x000000070c400000| Untracked 
|  92|0x000000070c600000, 0x000000070c600000, 0x000000070c800000|  0%| F|  |TAMS 0x000000070c600000| PB 0x000000070c600000| Untracked 
|  93|0x000000070c800000, 0x000000070c800000, 0x000000070ca00000|  0%| F|  |TAMS 0x000000070c800000| PB 0x000000070c800000| Untracked 
|  94|0x000000070ca00000, 0x000000070ca00000, 0x000000070cc00000|  0%| F|  |TAMS 0x000000070ca00000| PB 0x000000070ca00000| Untracked 
|  95|0x000000070cc00000, 0x000000070cc00000, 0x000000070ce00000|  0%| F|  |TAMS 0x000000070cc00000| PB 0x000000070cc00000| Untracked 
|  96|0x000000070ce00000, 0x000000070ce00000, 0x000000070d000000|  0%| F|  |TAMS 0x000000070ce00000| PB 0x000000070ce00000| Untracked 
|  97|0x000000070d000000, 0x000000070d000000, 0x000000070d200000|  0%| F|  |TAMS 0x000000070d000000| PB 0x000000070d000000| Untracked 
|  98|0x000000070d200000, 0x000000070d200000, 0x000000070d400000|  0%| F|  |TAMS 0x000000070d200000| PB 0x000000070d200000| Untracked 
|  99|0x000000070d400000, 0x000000070d400000, 0x000000070d600000|  0%| F|  |TAMS 0x000000070d400000| PB 0x000000070d400000| Untracked 
| 100|0x000000070d600000, 0x000000070d600000, 0x000000070d800000|  0%| F|  |TAMS 0x000000070d600000| PB 0x000000070d600000| Untracked 
| 101|0x000000070d800000, 0x000000070d800000, 0x000000070da00000|  0%| F|  |TAMS 0x000000070d800000| PB 0x000000070d800000| Untracked 
| 102|0x000000070da00000, 0x000000070da00000, 0x000000070dc00000|  0%| F|  |TAMS 0x000000070da00000| PB 0x000000070da00000| Untracked 
| 103|0x000000070dc00000, 0x000000070dc00000, 0x000000070de00000|  0%| F|  |TAMS 0x000000070dc00000| PB 0x000000070dc00000| Untracked 
| 104|0x000000070de00000, 0x000000070de00000, 0x000000070e000000|  0%| F|  |TAMS 0x000000070de00000| PB 0x000000070de00000| Untracked 
| 105|0x000000070e000000, 0x000000070e000000, 0x000000070e200000|  0%| F|  |TAMS 0x000000070e000000| PB 0x000000070e000000| Untracked 
| 106|0x000000070e200000, 0x000000070e200000, 0x000000070e400000|  0%| F|  |TAMS 0x000000070e200000| PB 0x000000070e200000| Untracked 
| 107|0x000000070e400000, 0x000000070e400000, 0x000000070e600000|  0%| F|  |TAMS 0x000000070e400000| PB 0x000000070e400000| Untracked 
| 108|0x000000070e600000, 0x000000070e600000, 0x000000070e800000|  0%| F|  |TAMS 0x000000070e600000| PB 0x000000070e600000| Untracked 
| 109|0x000000070e800000, 0x000000070e800000, 0x000000070ea00000|  0%| F|  |TAMS 0x000000070e800000| PB 0x000000070e800000| Untracked 
| 110|0x000000070ea00000, 0x000000070ea00000, 0x000000070ec00000|  0%| F|  |TAMS 0x000000070ea00000| PB 0x000000070ea00000| Untracked 
| 111|0x000000070ec00000, 0x000000070ec00000, 0x000000070ee00000|  0%| F|  |TAMS 0x000000070ec00000| PB 0x000000070ec00000| Untracked 
| 112|0x000000070ee00000, 0x000000070ee00000, 0x000000070f000000|  0%| F|  |TAMS 0x000000070ee00000| PB 0x000000070ee00000| Untracked 
| 113|0x000000070f000000, 0x000000070f000000, 0x000000070f200000|  0%| F|  |TAMS 0x000000070f000000| PB 0x000000070f000000| Untracked 
| 114|0x000000070f200000, 0x000000070f200000, 0x000000070f400000|  0%| F|  |TAMS 0x000000070f200000| PB 0x000000070f200000| Untracked 
| 115|0x000000070f400000, 0x000000070f400000, 0x000000070f600000|  0%| F|  |TAMS 0x000000070f400000| PB 0x000000070f400000| Untracked 
| 116|0x000000070f600000, 0x000000070f600000, 0x000000070f800000|  0%| F|  |TAMS 0x000000070f600000| PB 0x000000070f600000| Untracked 
| 117|0x000000070f800000, 0x000000070f800000, 0x000000070fa00000|  0%| F|  |TAMS 0x000000070f800000| PB 0x000000070f800000| Untracked 
| 118|0x000000070fa00000, 0x000000070fa00000, 0x000000070fc00000|  0%| F|  |TAMS 0x000000070fa00000| PB 0x000000070fa00000| Untracked 
| 119|0x000000070fc00000, 0x000000070fc00000, 0x000000070fe00000|  0%| F|  |TAMS 0x000000070fc00000| PB 0x000000070fc00000| Untracked 
| 120|0x000000070fe00000, 0x000000070fe00000, 0x0000000710000000|  0%| F|  |TAMS 0x000000070fe00000| PB 0x000000070fe00000| Untracked 
| 121|0x0000000710000000, 0x0000000710000000, 0x0000000710200000|  0%| F|  |TAMS 0x0000000710000000| PB 0x0000000710000000| Untracked 
| 122|0x0000000710200000, 0x0000000710200000, 0x0000000710400000|  0%| F|  |TAMS 0x0000000710200000| PB 0x0000000710200000| Untracked 
| 123|0x0000000710400000, 0x0000000710400000, 0x0000000710600000|  0%| F|  |TAMS 0x0000000710400000| PB 0x0000000710400000| Untracked 
| 124|0x0000000710600000, 0x0000000710600000, 0x0000000710800000|  0%| F|  |TAMS 0x0000000710600000| PB 0x0000000710600000| Untracked 
| 125|0x0000000710800000, 0x0000000710800000, 0x0000000710a00000|  0%| F|  |TAMS 0x0000000710800000| PB 0x0000000710800000| Untracked 
| 126|0x0000000710a00000, 0x0000000710ae1648, 0x0000000710c00000| 44%| E|  |TAMS 0x0000000710a00000| PB 0x0000000710a00000| Complete 
| 127|0x0000000710c00000, 0x0000000710e00000, 0x0000000710e00000|100%| E|CS|TAMS 0x0000000710c00000| PB 0x0000000710c00000| Complete 

Card table byte_map: [0x000002812bd30000,0x000002812c530000] _byte_map_base: 0x0000028128529000

Marking Bits: (CMBitMap*) 0x00000281180a2290
 Bits: [0x000002812c530000, 0x00000281304f8000)

Polling page: 0x00000281177c0000

Metaspace:

Usage:
  Non-class:      6.37 MB used.
      Class:    566.05 KB used.
       Both:      6.93 MB used.

Virtual space:
  Non-class space:       64.00 MB reserved,       6.44 MB ( 10%) committed,  1 nodes.
      Class space:        1.00 GB reserved,     640.00 KB ( <1%) committed,  1 nodes.
             Both:        1.06 GB reserved,       7.06 MB ( <1%) committed. 

Chunk freelists:
   Non-Class:  9.00 MB
       Class:  15.25 MB
        Both:  24.25 MB

MaxMetaspaceSize: unlimited
CompressedClassSpaceSize: 1.00 GB
Initial GC threshold: 21.00 MB
Current GC threshold: 21.00 MB
CDS: off
 - commit_granule_bytes: 65536.
 - commit_granule_words: 8192.
 - virtual_space_node_default_size: 8388608.
 - enlarge_chunks_in_place: 1.
 - use_allocation_guard: 0.


Internal statistics:

num_allocs_failed_limit: 0.
num_arena_births: 6.
num_arena_deaths: 0.
num_vsnodes_births: 2.
num_vsnodes_deaths: 0.
num_space_committed: 113.
num_space_uncommitted: 0.
num_chunks_returned_to_freelist: 0.
num_chunks_taken_from_freelist: 24.
num_chunk_merges: 0.
num_chunk_splits: 9.
num_chunks_enlarged: 3.
num_inconsistent_stats: 0.

CodeHeap 'non-profiled nmethods': size=120000Kb used=35Kb max_used=35Kb free=119964Kb
 bounds [0x0000028123aa0000, 0x0000028123d10000, 0x000002812afd0000]
CodeHeap 'profiled nmethods': size=120000Kb used=156Kb max_used=156Kb free=119844Kb
 bounds [0x000002811bfd0000, 0x000002811c240000, 0x0000028123500000]
CodeHeap 'non-nmethods': size=5760Kb used=1286Kb max_used=1299Kb free=4473Kb
 bounds [0x0000028123500000, 0x0000028123770000, 0x0000028123aa0000]
 total_blobs=521 nmethods=119 adapters=307
 compilation: enabled
              stopped_count=0, restarted_count=0
 full_count=0

Compilation events (20 events):
Event: 0.160 Thread 0x00000281333adf50  102       3       java.util.concurrent.ConcurrentHashMap::get (162 bytes)
Event: 0.161 Thread 0x00000281333adf50 nmethod 102 0x000002811bff1590 code [0x000002811bff1800, 0x000002811bff2260]
Event: 0.165 Thread 0x00000281333adf50  103       1       jdk.internal.util.StrongReferenceKey::get (5 bytes)
Event: 0.165 Thread 0x00000281333adf50 nmethod 103 0x0000028123aa6990 code [0x0000028123aa6b20, 0x0000028123aa6bf0]
Event: 0.167 Thread 0x00000281333adf50  110       1       java.lang.invoke.MethodType::returnType (5 bytes)
Event: 0.168 Thread 0x00000281333adf50 nmethod 110 0x0000028123aa7990 code [0x0000028123aa7b20, 0x0000028123aa7bf0]
Event: 0.168 Thread 0x00000281333adf50  112       3       java.lang.ref.ReferenceQueue::headIsNull (13 bytes)
Event: 0.168 Thread 0x00000281333adf50 nmethod 112 0x000002811bff2590 code [0x000002811bff2720, 0x000002811bff2888]
Event: 0.168 Thread 0x00000281333adf50  113       3       jdk.internal.util.ReferencedKeyMap::removeStaleReferences (30 bytes)
Event: 0.169 Thread 0x00000281333adf50 nmethod 113 0x000002811bff2910 code [0x000002811bff2ae0, 0x000002811bff2e48]
Event: 0.169 Thread 0x00000281333adf50  114   !   3       java.lang.ref.NativeReferenceQueue::poll (28 bytes)
Event: 0.169 Thread 0x00000281333adf50 nmethod 114 0x000002811bff2f90 code [0x000002811bff3160, 0x000002811bff34b0]
Event: 0.171 Thread 0x0000028133396b20  115       4       java.lang.String::charAt (25 bytes)
Event: 0.172 Thread 0x0000028133396b20 nmethod 115 0x0000028123aa7f90 code [0x0000028123aa8120, 0x0000028123aa8250]
Event: 0.174 Thread 0x00000281333adf50  117 %     3       java.util.Properties$LineReader::readLine @ 224 (584 bytes)
Event: 0.176 Thread 0x00000281333adf50 nmethod 117% 0x000002811bff3610 code [0x000002811bff3a00, 0x000002811bff6330]
Event: 0.176 Thread 0x00000281333adf50  118       1       java.lang.AbstractStringBuilder::getValue (5 bytes)
Event: 0.176 Thread 0x00000281333adf50 nmethod 118 0x0000028123aa8790 code [0x0000028123aa8920, 0x0000028123aa89f0]
Event: 0.176 Thread 0x00000281333adf50  119       1       java.lang.AbstractStringBuilder::length (5 bytes)
Event: 0.176 Thread 0x00000281333adf50 nmethod 119 0x0000028123aa8a90 code [0x0000028123aa8c20, 0x0000028123aa8ce8]

GC Heap History (0 events):
No events

Dll operation events (2 events):
Event: 0.006 Loaded shared library C:\Program Files\JetBrains\IntelliJ IDEA 2024.3.2\jbr\bin\java.dll
Event: 0.016 Loaded shared library C:\Program Files\JetBrains\IntelliJ IDEA 2024.3.2\jbr\bin\zip.dll

Deoptimization events (0 events):
No events

Classes loaded (20 events):
Event: 0.174 Loading class java/util/concurrent/ConcurrentHashMap$EntryIterator done
Event: 0.174 Loading class java/util/concurrent/ConcurrentHashMap$MapEntry
Event: 0.174 Loading class java/util/concurrent/ConcurrentHashMap$MapEntry done
Event: 0.174 Loading class java/security/Security$1
Event: 0.174 Loading class jdk/internal/access/JavaSecurityPropertiesAccess
Event: 0.174 Loading class jdk/internal/access/JavaSecurityPropertiesAccess done
Event: 0.174 Loading class java/security/Security$1 done
Event: 0.175 Loading class sun/security/provider/Sun
Event: 0.175 Loading class sun/security/provider/Sun done
Event: 0.175 Loading class sun/security/util/SecurityConstants
Event: 0.175 Loading class sun/security/util/SecurityConstants done
Event: 0.175 Loading class java/net/NetPermission
Event: 0.175 Loading class java/net/NetPermission done
Event: 0.175 Loading class java/security/SecurityPermission
Event: 0.175 Loading class java/security/SecurityPermission done
Event: 0.175 Loading class java/net/SocketPermission
Event: 0.175 Loading class java/net/SocketPermission done
Event: 0.176 Loading class java/lang/reflect/ReflectPermission
Event: 0.176 Loading class java/lang/reflect/ReflectPermission done
Event: 0.176 Loading class sun/security/provider/SunEntries

Classes unloaded (0 events):
No events

Classes redefined (0 events):
No events

Internal exceptions (0 events):
No events

ZGC Phase Switch (0 events):
No events

VM Operations (4 events):
Event: 0.139 Executing VM operation: HandshakeAllThreads (Deoptimize)
Event: 0.139 Executing VM operation: HandshakeAllThreads (Deoptimize) done
Event: 0.151 Executing VM operation: HandshakeAllThreads (Deoptimize)
Event: 0.151 Executing VM operation: HandshakeAllThreads (Deoptimize) done

Memory protections (0 events):
No events

Nmethod flushes (0 events):
No events

Events (14 events):
Event: 0.014 Thread 0x0000028115deefe0 Thread added: 0x0000028115deefe0
Event: 0.076 Thread 0x0000028115deefe0 Thread added: 0x0000028133344110
Event: 0.076 Thread 0x0000028115deefe0 Thread added: 0x0000028133371d90
Event: 0.078 Thread 0x0000028115deefe0 Thread added: 0x0000028133394c30
Event: 0.078 Thread 0x0000028115deefe0 Thread added: 0x0000028133395680
Event: 0.078 Thread 0x0000028115deefe0 Thread added: 0x000002813338be30
Event: 0.078 Thread 0x0000028115deefe0 Thread added: 0x00000281333960d0
Event: 0.078 Thread 0x0000028115deefe0 Thread added: 0x0000028133396b20
Event: 0.078 Thread 0x0000028115deefe0 Thread added: 0x00000281333adf50
Event: 0.110 Thread 0x0000028115deefe0 Thread added: 0x00000281335541c0
Event: 0.115 Thread 0x0000028115deefe0 Thread added: 0x00000281335694f0
Event: 0.123 Loaded shared library C:\Program Files\JetBrains\IntelliJ IDEA 2024.3.2\jbr\bin\net.dll
Event: 0.125 Loaded shared library C:\Program Files\JetBrains\IntelliJ IDEA 2024.3.2\jbr\bin\nio.dll
Event: 0.134 Loaded shared library C:\Program Files\JetBrains\IntelliJ IDEA 2024.3.2\jbr\bin\zip.dll


Dynamic libraries:
0x00007ff6a54b0000 - 0x00007ff6a54ba000 	C:\Program Files\JetBrains\IntelliJ IDEA 2024.3.2\jbr\bin\java.exe
0x00007ffdcafe0000 - 0x00007ffdcb243000 	C:\Windows\SYSTEM32\ntdll.dll
0x00007ffdc94c0000 - 0x00007ffdc9588000 	C:\Windows\System32\KERNEL32.DLL
0x00007ffdc8a80000 - 0x00007ffdc8e32000 	C:\Windows\System32\KERNELBASE.dll
0x00007ffdc8930000 - 0x00007ffdc8a7b000 	C:\Windows\System32\ucrtbase.dll
0x00007ffd6b110000 - 0x00007ffd6b128000 	C:\Program Files\JetBrains\IntelliJ IDEA 2024.3.2\jbr\bin\jli.dll
0x00007ffd6b130000 - 0x00007ffd6b14b000 	C:\Program Files\JetBrains\IntelliJ IDEA 2024.3.2\jbr\bin\VCRUNTIME140.dll
0x00007ffdc9680000 - 0x00007ffdc9848000 	C:\Windows\System32\USER32.dll
0x00007ffdc8590000 - 0x00007ffdc85b7000 	C:\Windows\System32\win32u.dll
0x00007ffdb6050000 - 0x00007ffdb62e0000 	C:\Windows\WinSxS\amd64_microsoft.windows.common-controls_6595b64144ccf1df_6.0.26100.2454_none_3e0b68a2e331ad60\COMCTL32.dll
0x00007ffdc8fe0000 - 0x00007ffdc900a000 	C:\Windows\System32\GDI32.dll
0x00007ffdc92e0000 - 0x00007ffdc9389000 	C:\Windows\System32\msvcrt.dll
0x00007ffdc85c0000 - 0x00007ffdc86eb000 	C:\Windows\System32\gdi32full.dll
0x00007ffdc8440000 - 0x00007ffdc84e3000 	C:\Windows\System32\msvcp_win.dll
0x00007ffdc98a0000 - 0x00007ffdc98cf000 	C:\Windows\System32\IMM32.DLL
0x00007ffdb0520000 - 0x00007ffdb052c000 	C:\Program Files\JetBrains\IntelliJ IDEA 2024.3.2\jbr\bin\vcruntime140_1.dll
0x00007ffd6d100000 - 0x00007ffd6d18d000 	C:\Program Files\JetBrains\IntelliJ IDEA 2024.3.2\jbr\bin\msvcp140.dll
0x00007ffd5fe20000 - 0x00007ffd60be1000 	C:\Program Files\JetBrains\IntelliJ IDEA 2024.3.2\jbr\bin\server\jvm.dll
0x00007ffdca060000 - 0x00007ffdca114000 	C:\Windows\System32\ADVAPI32.dll
0x00007ffdc93f0000 - 0x00007ffdc9496000 	C:\Windows\System32\sechost.dll
0x00007ffdcae80000 - 0x00007ffdcaf96000 	C:\Windows\System32\RPCRT4.dll
0x00007ffdc9260000 - 0x00007ffdc92d4000 	C:\Windows\System32\WS2_32.dll
0x00007ffdc8080000 - 0x00007ffdc80ce000 	C:\Windows\SYSTEM32\POWRPROF.dll
0x00007ffdb9e40000 - 0x00007ffdb9e76000 	C:\Windows\SYSTEM32\WINMM.dll
0x00007ffdc1e40000 - 0x00007ffdc1e4b000 	C:\Windows\SYSTEM32\VERSION.dll
0x00007ffdc8060000 - 0x00007ffdc8074000 	C:\Windows\SYSTEM32\UMPDC.dll
0x00007ffdc7150000 - 0x00007ffdc716a000 	C:\Windows\SYSTEM32\kernel.appcore.dll
0x00007ffdb01d0000 - 0x00007ffdb01da000 	C:\Program Files\JetBrains\IntelliJ IDEA 2024.3.2\jbr\bin\jimage.dll
0x00007ffda8b40000 - 0x00007ffda8d81000 	C:\Windows\SYSTEM32\DBGHELP.DLL
0x00007ffdcaae0000 - 0x00007ffdcae5e000 	C:\Windows\System32\combase.dll
0x00007ffdc9010000 - 0x00007ffdc90e6000 	C:\Windows\System32\OLEAUT32.dll
0x00007ffd5fde0000 - 0x00007ffd5fe19000 	C:\Windows\SYSTEM32\dbgcore.DLL
0x00007ffdc84f0000 - 0x00007ffdc8589000 	C:\Windows\System32\bcryptPrimitives.dll
0x00007ffd5fdc0000 - 0x00007ffd5fde0000 	C:\Program Files\JetBrains\IntelliJ IDEA 2024.3.2\jbr\bin\java.dll
0x00007ffd5fda0000 - 0x00007ffd5fdb8000 	C:\Program Files\JetBrains\IntelliJ IDEA 2024.3.2\jbr\bin\zip.dll
0x00007ffdca3d0000 - 0x00007ffdcaad1000 	C:\Windows\System32\SHELL32.dll
0x00007ffdc60a0000 - 0x00007ffdc68d1000 	C:\Windows\SYSTEM32\windows.storage.dll
0x00007ffdc9180000 - 0x00007ffdc925a000 	C:\Windows\System32\SHCORE.dll
0x00007ffdc9390000 - 0x00007ffdc93ed000 	C:\Windows\System32\shlwapi.dll
0x00007ffdc82c0000 - 0x00007ffdc82ee000 	C:\Windows\SYSTEM32\profapi.dll
0x00007ffda0a40000 - 0x00007ffda0a50000 	C:\Program Files\JetBrains\IntelliJ IDEA 2024.3.2\jbr\bin\net.dll
0x00007ffdc4330000 - 0x00007ffdc4456000 	C:\Windows\SYSTEM32\WINHTTP.dll
0x00007ffdc7690000 - 0x00007ffdc76f8000 	C:\Windows\system32\mswsock.dll
0x00007ffd5fd80000 - 0x00007ffd5fd96000 	C:\Program Files\JetBrains\IntelliJ IDEA 2024.3.2\jbr\bin\nio.dll

dbghelp: loaded successfully - version: 4.0.5 - missing functions: none
symbol engine: initialized successfully - sym options: 0x614 - pdb path: .;C:\Program Files\JetBrains\IntelliJ IDEA 2024.3.2\jbr\bin;C:\Windows\SYSTEM32;C:\Windows\WinSxS\amd64_microsoft.windows.common-controls_6595b64144ccf1df_6.0.26100.2454_none_3e0b68a2e331ad60;C:\Program Files\JetBrains\IntelliJ IDEA 2024.3.2\jbr\bin\server

VM Arguments:
java_command: git4idea.http.GitAskPassApp Username for 'https://github.com': 
java_class_path (initial): C:/Program Files/JetBrains/IntelliJ IDEA 2024.3.2/plugins/vcs-git/lib/git4idea-rt.jar;C:/Program Files/JetBrains/IntelliJ IDEA 2024.3.2/lib/externalProcess-rt.jar
Launcher Type: SUN_STANDARD

[Global flags]
     intx CICompilerCount                          = 4                                         {product} {ergonomic}
     uint ConcGCThreads                            = 3                                         {product} {ergonomic}
     uint G1ConcRefinementThreads                  = 10                                        {product} {ergonomic}
   size_t G1HeapRegionSize                         = 2097152                                   {product} {ergonomic}
    uintx GCDrainStackTargetSize                   = 64                                        {product} {ergonomic}
   size_t InitialHeapSize                          = 268435456                                 {product} {ergonomic}
   size_t MarkStackSize                            = 4194304                                   {product} {ergonomic}
   size_t MaxHeapSize                              = 4280287232                                {product} {ergonomic}
   size_t MaxNewSize                               = 2566914048                                {product} {ergonomic}
   size_t MinHeapDeltaBytes                        = 2097152                                   {product} {ergonomic}
   size_t MinHeapSize                              = 8388608                                   {product} {ergonomic}
    uintx NonNMethodCodeHeapSize                   = 5839372                                {pd product} {ergonomic}
    uintx NonProfiledCodeHeapSize                  = 122909434                              {pd product} {ergonomic}
    uintx ProfiledCodeHeapSize                     = 122909434                              {pd product} {ergonomic}
    uintx ReservedCodeCacheSize                    = 251658240                              {pd product} {ergonomic}
     bool SegmentedCodeCache                       = true                                      {product} {ergonomic}
   size_t SoftMaxHeapSize                          = 4280287232                             {manageable} {ergonomic}
     bool UseCompressedOops                        = true                           {product lp64_product} {ergonomic}
     bool UseG1GC                                  = true                                      {product} {ergonomic}
     bool UseLargePagesIndividualAllocation        = false                                  {pd product} {ergonomic}

Logging:
Log output configuration:
 #0: stdout all=warning uptime,level,tags foldmultilines=false
 #1: stderr all=off uptime,level,tags foldmultilines=false

Environment Variables:
JAVA_HOME=C:\Users\Zemich\.jdks\corretto-21.0.6
PATH=C:\Program Files\Git\mingw64\libexec\git-core;C:\Program Files\Git\mingw64\libexec\git-core;C:\Program Files\Git\mingw64\bin;C:\Program Files\Git\usr\bin;C:\Users\Zemich\bin;C:\Windows\system32;C:\Windows;C:\Windows\System32\Wbem;C:\Windows\System32\WindowsPowerShell\v1.0;C:\Windows\System32\OpenSSH;C:\Program Files\dotnet;C:\gradle-8.12-bin\gradle-8.12\bin;C:\Program Files\Git\cmd;C:\Program Files\Docker\Docker\resources\bin;C:\Program Files\nodejs;C:\Users\Zemich\AppData\Local\Microsoft\WindowsApps;C:\Program Files\JetBrains\IntelliJ IDEA 2024.3.2\bin;C:\Users\Zemich\.jdks\corretto-21.0.6\bin;C:\Users\Zemich\AppData\Local\Programs\Microsoft VS Code\bin;C:\Users\Zemich\AppData\Roaming\npm;C:\Program Files\JetBrains\WebStorm 2025.1\bin
USERNAME=Zemich
DISPLAY=:0.0
LC_ALL=en_US.UTF-8
TERM=xterm-256color
TMPDIR=C:\Users\Zemich\AppData\Local\Temp
OS=Windows_NT
PROCESSOR_IDENTIFIER=AMD64 Family 23 Model 8 Stepping 2, AuthenticAMD
TMP=C:\Users\Zemich\AppData\Local\Temp
TEMP=C:\Users\Zemich\AppData\Local\Temp




Periodic native trim disabled

JNI global refs:
JNI global refs: 9, weak refs: 0

JNI global refs memory usage: 835, weak refs: 201

Process memory usage:
Resident Set Size: 39628K (0% of 16712444K total physical memory with 2734564K free physical memory)

OOME stack traces (most recent first):
Classloader memory used:
Loader bootstrap                                                                       : 7076K
Loader jdk.internal.loader.ClassLoaders$AppClassLoader                                 : 16400B

---------------  S Y S T E M  ---------------

OS:
 Windows 11 , 64 bit Build 26100 (10.0.26100.2454)
OS uptime: 0 days 10:29 hours
Hyper-V role detected

CPU: total 12 (initial active 12) (12 cores per cpu, 2 threads per core) family 23 model 8 stepping 2 microcode 0x800820d, cx8, cmov, fxsr, ht, mmx, 3dnowpref, sse, sse2, sse3, ssse3, sse4a, sse4.1, sse4.2, popcnt, lzcnt, tsc, tscinvbit, avx, avx2, aes, clmul, bmi1, bmi2, adx, sha, fma, vzeroupper, clflush, clflushopt, hv, rdtscp, f16c
Processor Information for all 12 processors :
  Max Mhz: 3400, Current Mhz: 3400, Mhz Limit: 3400

Memory: 4k page, system-wide physical 16320M (2670M free)
TotalPageFile size 23190M (AvailPageFile size 3M)
current process WorkingSet (physical memory assigned to process): 38M, peak: 38M
current process commit charge ("private bytes"): 340M, peak: 341M

vm_info: OpenJDK 64-Bit Server VM (21.0.5+8-b631.30) for windows-amd64 JRE (21.0.5+8-b631.30), built on 2024-12-06 by "builduser" with MS VC++ 16.10 / 16.11 (VS2019)

END.
