#
# There is insufficient memory for the Java Runtime Environment to continue.
# Native memory allocation (mmap) failed to map 268435456 bytes. Error detail: G1 virtual space
# Possible reasons:
#   The system is out of physical RAM or swap space
#   This process is running with CompressedOops enabled, and the Java Heap may be blocking the growth of the native heap
# Possible solutions:
#   Reduce memory load on the system
#   Increase physical memory or swap space
#   Check if swap backing store is full
#   Decrease Java heap size (-Xmx/-Xms)
#   Decrease number of Java threads
#   Decrease Java thread stack sizes (-Xss)
#   Set larger code cache with -XX:ReservedCodeCacheSize=
#   JVM is running with Zero Based Compressed Oops mode in which the Java heap is
#     placed in the first 32GB address space. The Java Heap base address is the
#     maximum limit for the native heap growth. Please use -XX:HeapBaseMinAddress
#     to set the Java Heap base and to place the Java Heap above 32GB virtual address.
# This output file may be truncated or incomplete.
#
#  Out of Memory Error (os_windows.cpp:3686), pid=38308, tid=47668
#
# JRE version:  (21.0.6+7) (build )
# Java VM: OpenJDK 64-Bit Server VM (21.0.6+7-LTS, mixed mode, emulated-client, sharing, tiered, compressed oops, compressed class ptrs, g1 gc, windows-amd64)
# No core dump will be written. Minidumps are not enabled by default on client versions of Windows
#

---------------  S U M M A R Y ------------

Command Line: -XX:TieredStopAtLevel=1 -Dspring.output.ansi.enabled=always -Dcom.sun.management.jmxremote -Dspring.jmx.enabled=true -Dspring.liveBeansView.mbeanDomain -Dspring.application.admin.enabled=true -Dmanagement.endpoints.jmx.exposure.include=* -javaagent:C:\Program Files\JetBrains\IntelliJ IDEA 2024.3.2\lib\idea_rt.jar=54098:C:\Program Files\JetBrains\IntelliJ IDEA 2024.3.2\bin -Dfile.encoding=UTF-8 -Dsun.stdout.encoding=UTF-8 -Dsun.stderr.encoding=UTF-8 by.zemich.telegrambotservice.TelegramBotServiceApplication

Host: AMD Ryzen 5 2600 Six-Core Processor            , 12 cores, 15G,  Windows 11 , 64 bit Build 26100 (10.0.26100.2454)
Time: Wed Feb 26 19:28:10 2025  Windows 11 , 64 bit Build 26100 (10.0.26100.2454) elapsed time: 0.016958 seconds (0d 0h 0m 0s)

---------------  T H R E A D  ---------------

Current thread (0x0000021c44d826c0):  JavaThread "Unknown thread" [_thread_in_vm, id=47668, stack(0x000000f080600000,0x000000f080700000) (1024K)]

Stack: [0x000000f080600000,0x000000f080700000]
Native frames: (J=compiled Java code, j=interpreted, Vv=VM code, C=native code)
V  [jvm.dll+0x6da5e9]
V  [jvm.dll+0x8b6b73]
V  [jvm.dll+0x8b8ece]
V  [jvm.dll+0x8b95b3]
V  [jvm.dll+0x286256]
V  [jvm.dll+0x6d6ea5]
V  [jvm.dll+0x6cabba]
V  [jvm.dll+0x35f57b]
V  [jvm.dll+0x367146]
V  [jvm.dll+0x3b9416]
V  [jvm.dll+0x3b96e8]
V  [jvm.dll+0x332c6c]
V  [jvm.dll+0x33395b]
V  [jvm.dll+0x87ee59]
V  [jvm.dll+0x3c65d1]
V  [jvm.dll+0x868173]
V  [jvm.dll+0x45a4ee]
V  [jvm.dll+0x45c171]
C  [jli.dll+0x52ab]
C  [ucrtbase.dll+0x14ea0]
C  [KERNEL32.DLL+0x2e8d7]
C  [ntdll.dll+0xdfbcc]


---------------  P R O C E S S  ---------------

Threads class SMR info:
_java_thread_list=0x00007fff9523a088, length=0, elements={
}

Java Threads: ( => current thread )
Total: 0

Other Threads:
  0x0000021c4718c220 WorkerThread "GC Thread#0"                     [id=16112, stack(0x000000f080700000,0x000000f080800000) (1024K)]
  0x0000021c4719d110 ConcurrentGCThread "G1 Main Marker"            [id=38852, stack(0x000000f080800000,0x000000f080900000) (1024K)]
  0x0000021c471a00e0 WorkerThread "G1 Conc#0"                       [id=6400, stack(0x000000f080900000,0x000000f080a00000) (1024K)]

[error occurred during error reporting (printing all threads), id 0xc0000005, EXCEPTION_ACCESS_VIOLATION (0xc0000005) at pc=0x00007fff94935d27]
VM state: not at safepoint (not fully initialized)

VM Mutex/Monitor currently owned by a thread:  ([mutex/lock_event])
[0x00007fff952ae420] Heap_lock - owner thread: 0x0000021c44d826c0

Heap address: 0x0000000700e00000, size: 4082 MB, Compressed Oops mode: Zero based, Oop shift amount: 3

CDS archive(s) mapped at: [0x0000000000000000-0x0000000000000000-0x0000000000000000), size 0, SharedBaseAddress: 0x0000000800000000, ArchiveRelocationMode: 1.
Narrow klass base: 0x0000000000000000, Narrow klass shift: 0, Narrow klass range: 0x0

GC Precious Log:
 CardTable entry size: 512
 Card Set container configuration: InlinePtr #cards 4 size 8 Array Of Cards #cards 16 size 48 Howl #buckets 8 coarsen threshold 3686 Howl Bitmap #cards 512 size 80 coarsen threshold 460 Card regions per heap region 1 cards per card region 4096

Heap:
 garbage-first heap   total 0K, used 0K [0x0000000700e00000, 0x0000000800000000)
  region size 2048K, 0 young (0K), 0 survivors (0K)

[error occurred during error reporting (printing heap information), id 0xc0000005, EXCEPTION_ACCESS_VIOLATION (0xc0000005) at pc=0x00007fff94d24059]
GC Heap History (0 events):
No events

Dll operation events (1 events):
Event: 0.011 Loaded shared library C:\Users\Zemich\.jdks\corretto-21.0.6\bin\java.dll

Deoptimization events (0 events):
No events

Classes loaded (0 events):
No events

Classes unloaded (0 events):
No events

Classes redefined (0 events):
No events

Internal exceptions (0 events):
No events

ZGC Phase Switch (0 events):
No events

VM Operations (0 events):
No events

Memory protections (0 events):
No events

Nmethod flushes (0 events):
No events

Events (0 events):
No events


Dynamic libraries:
0x00007ff7875d0000 - 0x00007ff7875de000 	C:\Users\Zemich\.jdks\corretto-21.0.6\bin\java.exe
0x00007ff819000000 - 0x00007ff819263000 	C:\Windows\SYSTEM32\ntdll.dll
0x00007ff818990000 - 0x00007ff818a58000 	C:\Windows\System32\KERNEL32.DLL
0x00007ff8168b0000 - 0x00007ff816c62000 	C:\Windows\System32\KERNELBASE.dll
0x00007ff816760000 - 0x00007ff8168ab000 	C:\Windows\System32\ucrtbase.dll
0x00007fffde3f0000 - 0x00007fffde408000 	C:\Users\Zemich\.jdks\corretto-21.0.6\bin\jli.dll
0x00007fffe3f80000 - 0x00007fffe3f9b000 	C:\Users\Zemich\.jdks\corretto-21.0.6\bin\VCRUNTIME140.dll
0x00007ff816f10000 - 0x00007ff8170d8000 	C:\Windows\System32\USER32.dll
0x00007ff816600000 - 0x00007ff816627000 	C:\Windows\System32\win32u.dll
0x00007ff800cd0000 - 0x00007ff800f60000 	C:\Windows\WinSxS\amd64_microsoft.windows.common-controls_6595b64144ccf1df_6.0.26100.2454_none_3e0b68a2e331ad60\COMCTL32.dll
0x00007ff817250000 - 0x00007ff81727a000 	C:\Windows\System32\GDI32.dll
0x00007ff817920000 - 0x00007ff8179c9000 	C:\Windows\System32\msvcrt.dll
0x00007ff816630000 - 0x00007ff81675b000 	C:\Windows\System32\gdi32full.dll
0x00007ff816550000 - 0x00007ff8165f3000 	C:\Windows\System32\msvcp_win.dll
0x00007ff818570000 - 0x00007ff81859f000 	C:\Windows\System32\IMM32.DLL
0x00007ffff5200000 - 0x00007ffff520c000 	C:\Users\Zemich\.jdks\corretto-21.0.6\bin\vcruntime140_1.dll
0x00007fffafda0000 - 0x00007fffafe2d000 	C:\Users\Zemich\.jdks\corretto-21.0.6\bin\msvcp140.dll
0x00007fff945f0000 - 0x00007fff9538f000 	C:\Users\Zemich\.jdks\corretto-21.0.6\bin\server\jvm.dll
0x00007ff818a70000 - 0x00007ff818b24000 	C:\Windows\System32\ADVAPI32.dll
0x00007ff816e60000 - 0x00007ff816f06000 	C:\Windows\System32\sechost.dll
0x00007ff818690000 - 0x00007ff8187a6000 	C:\Windows\System32\RPCRT4.dll
0x00007ff8178a0000 - 0x00007ff817914000 	C:\Windows\System32\WS2_32.dll
0x00007ff80ebc0000 - 0x00007ff80ebf6000 	C:\Windows\SYSTEM32\WINMM.dll
0x00007ff8160a0000 - 0x00007ff8160ee000 	C:\Windows\SYSTEM32\POWRPROF.dll
0x00007ff810150000 - 0x00007ff81015b000 	C:\Windows\SYSTEM32\VERSION.dll
0x00007ff816080000 - 0x00007ff816094000 	C:\Windows\SYSTEM32\UMPDC.dll
0x00007ff8151d0000 - 0x00007ff8151ea000 	C:\Windows\SYSTEM32\kernel.appcore.dll
0x00007fffea8a0000 - 0x00007fffea8aa000 	C:\Users\Zemich\.jdks\corretto-21.0.6\bin\jimage.dll
0x00007ffff1f50000 - 0x00007ffff2191000 	C:\Windows\SYSTEM32\DBGHELP.DLL
0x00007ff817300000 - 0x00007ff81767e000 	C:\Windows\System32\combase.dll
0x00007ff818850000 - 0x00007ff818926000 	C:\Windows\System32\OLEAUT32.dll
0x00007ffff6ab0000 - 0x00007ffff6ae9000 	C:\Windows\SYSTEM32\dbgcore.DLL
0x00007ff816d00000 - 0x00007ff816d99000 	C:\Windows\System32\bcryptPrimitives.dll
0x00007fffea320000 - 0x00007fffea32e000 	C:\Users\Zemich\.jdks\corretto-21.0.6\bin\instrument.dll
0x00007fffde200000 - 0x00007fffde21f000 	C:\Users\Zemich\.jdks\corretto-21.0.6\bin\java.dll

dbghelp: loaded successfully - version: 4.0.5 - missing functions: none
symbol engine: initialized successfully - sym options: 0x614 - pdb path: .;C:\Users\Zemich\.jdks\corretto-21.0.6\bin;C:\Windows\SYSTEM32;C:\Windows\WinSxS\amd64_microsoft.windows.common-controls_6595b64144ccf1df_6.0.26100.2454_none_3e0b68a2e331ad60;C:\Users\Zemich\.jdks\corretto-21.0.6\bin\server

VM Arguments:
jvm_args: -XX:TieredStopAtLevel=1 -Dspring.output.ansi.enabled=always -Dcom.sun.management.jmxremote -Dspring.jmx.enabled=true -Dspring.liveBeansView.mbeanDomain -Dspring.application.admin.enabled=true -Dmanagement.endpoints.jmx.exposure.include=* -javaagent:C:\Program Files\JetBrains\IntelliJ IDEA 2024.3.2\lib\idea_rt.jar=54098:C:\Program Files\JetBrains\IntelliJ IDEA 2024.3.2\bin -Dfile.encoding=UTF-8 -Dsun.stdout.encoding=UTF-8 -Dsun.stderr.encoding=UTF-8 
java_command: by.zemich.telegrambotservice.TelegramBotServiceApplication
java_class_path (initial): D:\JAVA projects\kufar\telegram-bot-service\build\classes\java\main;D:\JAVA projects\kufar\telegram-bot-service\build\resources\main;C:\gradle-8.12-bin\caches\modules-2\files-2.1\org.projectlombok\lombok\1.18.36\5a30490a6e14977d97d9c73c924c1f1b5311ea95\lombok-1.18.36.jar;C:\gradle-8.12-bin\caches\modules-2\files-2.1\org.springframework.boot\spring-boot-starter-actuator\3.4.2\667a1a4340d65ee7fde16f61ada4b3e35da9f566\spring-boot-starter-actuator-3.4.2.jar;C:\gradle-8.12-bin\caches\modules-2\files-2.1\org.springframework.cloud\spring-cloud-starter-netflix-eureka-client\4.2.0\cf3f5817a74964573f8ab62d67692203484bfc17\spring-cloud-starter-netflix-eureka-client-4.2.0.jar;C:\gradle-8.12-bin\caches\modules-2\files-2.1\org.springframework.boot\spring-boot-starter-cache\3.4.2\5861d136fd5dc2e1f23e54b430e09dfef485f906\spring-boot-starter-cache-3.4.2.jar;C:\gradle-8.12-bin\caches\modules-2\files-2.1\org.springframework.boot\spring-boot-starter-data-jpa\3.4.2\b65a304b493807dff48bf114135dc4aa5f267927\spring-boot-starter-data-jpa-3.4.2.jar;C:\gradle-8.12-bin\caches\modules-2\files-2.1\org.springframework.boot\spring-boot-starter-validation\3.4.2\3195ea4da38b902a09bf192361800d4e43940465\spring-boot-starter-validation-3.4.2.jar;C:\gradle-8.12-bin\caches\modules-2\files-2.1\org.springframework.boot\spring-boot-starter-web\3.4.2\cf1c8efe77dccf221acf5f0ce9cc24c718c0ca44\spring-boot-starter-web-3.4.2.jar;C:\gradle-8.12-bin\caches\modules-2\files-2.1\org.springframework.boot\spring-boot-starter-webflux\3.4.2\3a7046c7291789ff33f724dd58d1ca6a23529ed\spring-boot-starter-webflux-3.4.2.jar;C:\gradle-8.12-bin\caches\modules-2\files-2.1\org.springframework.cloud\spring-cloud-starter-config\4.2.0\26ae50eb6a402c5b8f7d3763eaa27a6cd681b493\spring-cloud-starter-config-4.2.0.jar;C:\gradle-8.12-bin\caches\modules-2\files-2.1\org.springframework.boot\spring-boot-starter-aop\3.4.2\f93ec4dada668dcf27477427cd27af39152a0c9a\spring-boot-starter-aop-3.4.2.jar;C:\gradle-8.12-bin\caches\modules-2\files-2.1\io.hypersistence\hypersistence-utils-hibernate-63\3.9.0\fdb2d15654d94e21e6bcc9940995279d0b4c10b5\hypersistence-utils-hibernate-63-3.9.0.jar;C:\gradle-8.12-bin\caches\modules-2\files-2.1\com.github.ben-manes.caffeine\caffeine\3.2.0\35eba09997476a39492ac7f7b2bb0e8292c09d17\caffeine-3.2.0.jar;C:\gradle-8.12-bin\caches\modules-2\files-2.1\org.telegram\telegrambots\6.9.7.1\b3c613ffd77339af8288e31f1d8a29f5615126d0\telegrambots-6.9.7.1.jar;C:\gradle-8.12-bin\caches\modules-2\files-2.1\io.minio\minio\8.5.14\8fa61866c302f393d98ff0a5eac950180f068296\minio-8.5.14.jar;C:\gradle-8.12-bin\caches\modules-2\files-2.1\org.springframework.cloud\spring-cloud-starter-openfeign\4.2.0\2f325bbc3a6f60b3ddbd644b110afadf8a39c90b\spring-cloud-starter-openfeign-4.2.0.jar;C:\gradle-8.12-bin\caches\modules-2\files-2.1\io.confluent\kafka-avro-serializer\7.8.0\c757d2b07e3f564a7c6ba0f645c27364488d52c\kafka-avro-serializer-7.8.0.jar;C:\gradle-8.12-bin\caches\modules-2\files-2.1\io.confluent\kafka-schema-registry-client\7.8.0\88ec22e69cb51c2525a5e9cdf235487ee0a6e1ce\kafka-schema-registry-client-7.8.0.jar;C:\gradle-8.12-bin\caches\modules-2\files-2.1\org.apache.avro\avro\1.12.0\6e692a464b213f6df49f8e3e7fcf42df0dbb7639\avro-1.12.0.jar;C:\gradle-8.12-bin\caches\modules-2\files-2.1\org.springdoc\springdoc-openapi-starter-webmvc-ui\2.6.0\2dddebb56441dbaa1009c4de434a83c65596f6ad\springdoc-openapi-starter-webmvc-ui-2.6.0.jar;C:\gradle-8.12-bin\caches\modules-2\files-2.1\org.flywaydb\flyway-database-postgresql\10.20.1\6072b9a325858f57c7b88b96f6ee2aacae16ffaa\flyway-database-postgresql-10.20.1.jar;C:\gradle-8.12-bin\caches\modules-2\files-2.1\org.flywaydb\flyway-core\10.20.1\27c35cad285433947ef986c615ce2742f69145de\flyway-core-10.20.1.jar;C:\gradle-8.12-bin\caches\modules-2\files-2.1\org.springframework.kafka\spring-kafka\3.3.2\2ab3df68531166d0f94bfc68380a9ce9dc4e9ca3\spring-kafka-3.3.2.jar;C:\gradle-8.12-bin\caches\modules-2\files-2.1\org.springframework.boot\spring-boot-starter\3.4.2\9d914208449fce99a67d3def60957cdcc98b552a\spring-boot-starter-3.4.2.jar;C:\gradle-8.12-bin\caches\modules-2\files-2.1\org.springframework.boot\spring-boot-actuator-autoconfigure\3.4.2\d265afc28460f46189714e9c18e1cc5f94b953e3\spring-boot-actuator-autoconfigure-3.4.2.jar;C:\gradle-8.12-bin\caches\modules-2\files-2.1\io.micrometer\micrometer-jakarta9\1.14.3\a7611688d9290a647cc7fea5a1219ef4125d1e30\micrometer-jakarta9-1.14.3.jar;C:\gradle-8.12-bin\caches\modules-2\files-2.1\io.micrometer\micrometer-observation\1.14.3\cd66186a1fe8465dc732d9514bade1104044b56d\micrometer-observation-1.14.3.jar;C:\gradle-8.12-bin\caches\modules-2\files-2.1\org.springframework.cloud\spring-cloud-starter-loadbalancer\4.2.0\290ebc8df37c43336dbe66320ab84d6a57aec3c8\spring-cloud-starter-loadbalancer-4.2.0.jar;C:\gradle-8.12-bin\caches\modules-2\files-2.1\org.springframework.cloud\spring-cloud-starter\4.2.0\195fa9ee669616aebd5b1a481578ec336cfc1e9f\spring-cloud-starter-4.2.0.jar;C:\gradle-8.12-bin\caches\modules-2\files-2.1\org.springframework.cloud\spring-cloud-netflix-eureka-client\4.2.0\c8edf13a9deff7af515f65aba2df5810f15978bb\spring-cloud-netflix-eureka-client-4.2.0.jar;C:\gradle-8.12-bin\caches\modules-2\files-2.1\com.netflix.eureka\eureka-client\2.0.4\b39ef49393834e6f390370ceb54bbbf4df0a072e\eureka-client-2.0.4.jar;C:\gradle-8.12-bin\caches\modules-2\files-2.1\org.springframework\spring-context-support\6.2.2\d0ad90b2a0e80dcfeffe44184b5d0ac0b262ee46\spring-context-support-6.2.2.jar;C:\gradle-8.12-bin\caches\modules-2\files-2.1\org.springframework.boot\spring-boot-starter-jdbc\3.4.2\a3698cab03ba6daaaa38c16df1b36c862e9e3e4b\spring-boot-starter-jdbc-3.4.2.jar;C:\gradle-8.12-bin\caches\modules-2\files-2.1\org.springframework.data\spring-data-jpa\3.4.2\4213f2d185b49447057823f5ef9de41e931f4f2e\spring-data-jpa-3.4.2.jar;C:\gradle-8.12-bin\caches\modules-2\files-2.1\org.hibernate.orm\hibernate-core\6.6.5.Final\c81deca40ebdb823d9f8a9e5dc5798a6a205626a\hibernate-core-6.6.5.Final.jar;C:\gradle-8.12-bin\caches\modules-2\files-2.1\org.springframework\spring-aspects\6.2.2\e9e0379bc353e43ab1cb326f413bb293d8a52e78\spring-aspects-6.2.2.jar;C:\gradle-8.12-bin\caches\modules-2\files-2.1\org.apache.tomcat.embed\tomcat-embed-el\10.1.34\d2b2daca3bc999c62e58ae36b45ba0582530fb25\tomcat-embed-el-10.1.34.jar;C:\gradle-8.12-bin\caches\modules-2\files-2.1\org.hibernate.validator\hibernate-validator\8.0.2.Final\220e64815dd87535525331de20570017f899eb13\hibernate-validator-8.0.2.Final.jar;C:\gradle-8.12-bin\caches\modules-2\files-2.1\org.springframework.boot\spring-boot-starter-json\3.4.2\e413d51228ddaf6a9644533987faa0ae6e18fe47\spring-boot-starter-json-3.4.2.jar;C:\gradle-8.12-bin\caches\modules-2\files-2.1\org.springframework\spring-webmvc\6.2.2\9b1aeb179ba9667bc78a4a5cec4ec8087db404d7\spring-webmvc-6.2.2.jar;C:\gradle-8.12-bin\caches\modules-2\files-2.1\org.springframework\spring-web\6.2.2\bd2ef98bf98b6ecf8dd29106ae27b7515524c21\spring-web-6.2.2.jar;C:\gradle-8.12-bin\caches\modules-2\files-2.1\org.springframework.boot\spring-boot-starter-tomcat\3.4.2\aa345bdd83adc80db5bc6ac4a711460396ad17ef\spring-boot-starter-tomcat-3.4.2.jar;C:\gradle-8.12-bin\caches\modules-2\files-2.1\org.springframework\spring-webflux\6.2.2\bad6385429cf8fcfc65ddda225452f6cc49c3db\spring-webflux-6.2.2.jar;C:\gradle-8.12-bin\caches\modules-2\files-2.1\org.springframework.boot\spring-boot-starter-reactor-netty\3.4.2\3f90623d79fb997bec8bbde95428f87b5947e92e\spring-boot-starter-reactor-netty-3.4.2.jar;C:\gradle-8.12-bin\caches\modules-2\files-2.1\org.springframework.cloud\spring-cloud-config-client\4.2.0\feda4be108eae632246f35c6dfcf5b819321a28\spring-cloud-config-client-4.2.0.jar;C:\gradle-8.12-bin\caches\modules-2\files-2.1\com.fasterxml.jackson.core\jackson-databind\2.18.2\deef8697b92141fb6caf7aa86966cff4eec9b04f\jackson-databind-2.18.2.jar;C:\gradle-8.12-bin\caches\modules-2\files-2.1\org.springframework\spring-aop\6.2.2\2a1a445d4cd8e5fe2311df04fc25c0bc54bd2ce4\spring-aop-6.2.2.jar;C:\gradle-8.12-bin\caches\modules-2\files-2.1\org.aspectj\aspectjweaver\1.9.22.1\bca243d0af0db4758fbae45c5f4995cb5dabb612\aspectjweaver-1.9.22.1.jar;C:\gradle-8.12-bin\caches\modules-2\files-2.1\jakarta.xml.bind\jakarta.xml.bind-api\4.0.2\6cd5a999b834b63238005b7144136379dc36cad2\jakarta.xml.bind-api-4.0.2.jar;C:\gradle-8.12-bin\caches\modules-2\files-2.1\io.hypersistence\hypersistence-tsid\2.1.1\a80cf39312e81f97c8c84924a52bd8fafb4bfea4\hypersistence-tsid-2.1.1.jar;C:\gradle-8.12-bin\caches\modules-2\files-2.1\org.jspecify\jspecify\1.0.0\7425a601c1c7ec76645a78d22b8c6a627edee507\jspecify-1.0.0.jar;C:\gradle-8.12-bin\caches\modules-2\files-2.1\com.google.errorprone\error_prone_annotations\2.36.0\227d4d4957ccc3dc5761bd897e3a0ee587e750a7\error_prone_annotations-2.36.0.jar;C:\gradle-8.12-bin\caches\modules-2\files-2.1\org.telegram\telegrambots-meta\6.9.7.1\37288537d196235f21431f40a0b2cc349cba06f8\telegrambots-meta-6.9.7.1.jar;C:\gradle-8.12-bin\caches\modules-2\files-2.1\org.glassfish.jersey.media\jersey-media-json-jackson\3.1.10\fe379d7a9647ce4c38704457956d1a3630f4188\jersey-media-json-jackson-3.1.10.jar;C:\gradle-8.12-bin\caches\modules-2\files-2.1\com.fasterxml.jackson.core\jackson-annotations\2.18.2\985d77751ebc7fce5db115a986bc9aa82f973f4a\jackson-annotations-2.18.2.jar;C:\gradle-8.12-bin\caches\modules-2\files-2.1\com.fasterxml.jackson.jaxrs\jackson-jaxrs-json-provider\2.18.2\104c1d61b5e13e6048fa59a752e76784fb430348\jackson-jaxrs-json-provider-2.18.2.jar;C:\gradle-8.12-bin\caches\modules-2\files-2.1\com.fasterxml.jackson.module\jackson-module-jaxb-annotations\2.18.2\48c96032e5a428739e28ff04973717c032df598\jackson-module-jaxb-annotations-2.18.2.jar;C:\gradle-8.12-bin\caches\modules-2\files-2.1\org.glassfish.jersey.inject\jersey-hk2\3.1.10\85fa449300069937189bf0cfeb6da765e5e3854a\jersey-hk2-3.1.10.jar;C:\gradle-8.12-bin\caches\modules-2\files-2.1\org.glassfish.jersey.containers\jersey-container-grizzly2-http\3.1.10\e8533c345b99c30d2bbd5ba9c44bd959ca10d911\jersey-container-grizzly2-http-3.1.10.jar;C:\gradle-8.12-bin\caches\modules-2\files-2.1\org.glassfish.jersey.core\jersey-server\3.1.10\c0c631cfa916560b24aa3f0af1550aec6a87e69f\jersey-server-3.1.10.jar;C:\gradle-8.12-bin\caches\modules-2\files-2.1\org.apache.httpcomponents\httpmime\4.5.14\6662758a1f1cb1149cf916bdac28332e0902ec44\httpmime-4.5.14.jar;C:\gradle-8.12-bin\caches\modules-2\files-2.1\org.apache.httpcomponents\httpclient\4.5.14\1194890e6f56ec29177673f2f12d0b8e627dec98\httpclient-4.5.14.jar;C:\gradle-8.12-bin\caches\modules-2\files-2.1\commons-io\commons-io\2.16.1\377d592e740dc77124e0901291dbfaa6810a200e\commons-io-2.16.1.jar;C:\gradle-8.12-bin\caches\modules-2\files-2.1\org.slf4j\slf4j-api\2.0.16\172931663a09a1fa515567af5fbef00897d3c04\slf4j-api-2.0.16.jar;C:\gradle-8.12-bin\caches\modules-2\files-2.1\com.fasterxml.jackson.core\jackson-core\2.18.2\fb64ccac5c27dca8819418eb4e443a9f496d9ee7\jackson-core-2.18.2.jar;C:\gradle-8.12-bin\caches\modules-2\files-2.1\com.google.guava\guava\33.3.1-jre\852f8b363da0111e819460021ca693cacca3e8db\guava-33.3.1-jre.jar;C:\gradle-8.12-bin\caches\modules-2\files-2.1\org.apache.commons\commons-compress\1.27.1\a19151084758e2fbb6b41eddaa88e7b8ff4e6599\commons-compress-1.27.1.jar;C:\gradle-8.12-bin\caches\modules-2\files-2.1\com.carrotsearch.thirdparty\simple-xml-safe\2.7.1\45fda5ac6087bc82a209d8cdb73f8d0dbdcfc7b\simple-xml-safe-2.7.1.jar;C:\gradle-8.12-bin\caches\modules-2\files-2.1\com.squareup.okhttp3\okhttp\4.12.0\2f4525d4a200e97e1b87449c2cd9bd2e25b7e8cd\okhttp-4.12.0.jar;C:\gradle-8.12-bin\caches\modules-2\files-2.1\org.bouncycastle\bcprov-jdk18on\1.78.1\39e9e45359e20998eb79c1828751f94a818d25f8\bcprov-jdk18on-1.78.1.jar;C:\gradle-8.12-bin\caches\modules-2\files-2.1\commons-codec\commons-codec\1.17.2\cd6bb9d856db5f61871a94d5801efd0b93b7fcb2\commons-codec-1.17.2.jar;C:\gradle-8.12-bin\caches\modules-2\files-2.1\org.xerial.snappy\snappy-java\1.1.10.7\3049f95640f4625a945cfab85715f603fa4c8f80\snappy-java-1.1.10.7.jar;C:\gradle-8.12-bin\caches\modules-2\files-2.1\org.springframework.cloud\spring-cloud-openfeign-core\4.2.0\57ceb14303618008377aec69711a46473ea701c7\spring-cloud-openfeign-core-4.2.0.jar;C:\gradle-8.12-bin\caches\modules-2\files-2.1\io.github.openfeign\feign-slf4j\13.5\6bba2c17f95fd7a3a4e86f9f0239e1a631c40a4b\feign-slf4j-13.5.jar;C:\gradle-8.12-bin\caches\modules-2\files-2.1\org.springframework.cloud\spring-cloud-commons\4.2.0\3ef9d0044e12016527a1d13bc01774f1d1bfa30e\spring-cloud-commons-4.2.0.jar;C:\gradle-8.12-bin\caches\modules-2\files-2.1\io.github.openfeign\feign-core\13.5\7e94b76bce24f8028d29fbba7c5f0d59b09a837e\feign-core-13.5.jar;C:\gradle-8.12-bin\caches\modules-2\files-2.1\io.confluent\kafka-schema-serializer\7.8.0\6fdbe41775b91e5c00279c95f56acdb2b5cde4ef\kafka-schema-serializer-7.8.0.jar;C:\gradle-8.12-bin\caches\modules-2\files-2.1\io.confluent\common-utils\7.8.0\912a8c7dad9202310209047a4df64b14b7cce941\common-utils-7.8.0.jar;C:\gradle-8.12-bin\caches\modules-2\files-2.1\io.confluent\logredactor\1.0.12\89b8fb61626de8ca579069880507a1626fb3de92\logredactor-1.0.12.jar;C:\gradle-8.12-bin\caches\modules-2\files-2.1\org.yaml\snakeyaml\2.3\936b36210e27320f920536f695cf1af210c44586\snakeyaml-2.3.jar;C:\gradle-8.12-bin\caches\modules-2\files-2.1\org.apache.kafka\kafka-clients\3.8.1\fd79e3aa252c6d818334e9c0bac8166b426e498c\kafka-clients-3.8.1.jar;C:\gradle-8.12-bin\caches\modules-2\files-2.1\io.swagger.core.v3\swagger-annotations\2.1.10\1eec58d3db42dcefac76fa47211812c4782b1342\swagger-annotations-2.1.10.jar;C:\gradle-8.12-bin\caches\modules-2\files-2.1\org.springdoc\springdoc-openapi-starter-webmvc-api\2.6.0\d235c2989247641e5dfe764d7add3a11e4d54a5f\springdoc-openapi-starter-webmvc-api-2.6.0.jar;C:\gradle-8.12-bin\caches\modules-2\files-2.1\org.webjars\swagger-ui\5.17.14\7c746d197424eb721b4e08fcaa9e85231662d81f\swagger-ui-5.17.14.jar;C:\gradle-8.12-bin\caches\modules-2\files-2.1\com.fasterxml.jackson.datatype\jackson-datatype-jsr310\2.18.2\7b6ff96adf421f4c6edbd694e797dd8fe434510a\jackson-datatype-jsr310-2.18.2.jar;C:\gradle-8.12-bin\caches\modules-2\files-2.1\com.fasterxml.jackson.dataformat\jackson-dataformat-toml\2.18.2\7c31abc580fe46907b78dbd79406b1e40fbb781d\jackson-dataformat-toml-2.18.2.jar;C:\gradle-8.12-bin\caches\modules-2\files-2.1\org.springframework\spring-context\6.2.2\aa01a7faa3694983339ca7e45619860ef34052d6\spring-context-6.2.2.jar;C:\gradle-8.12-bin\caches\modules-2\files-2.1\org.springframework\spring-messaging\6.2.2\3b26ce466821f6f080bc643c7e4dae8a30af85c9\spring-messaging-6.2.2.jar;C:\gradle-8.12-bin\caches\modules-2\files-2.1\org.springframework\spring-tx\6.2.2\91a2e378d0e457b9c500f2b30aaf8a7a422ba522\spring-tx-6.2.2.jar;C:\gradle-8.12-bin\caches\modules-2\files-2.1\org.springframework.retry\spring-retry\2.0.10\2990d2957ef0988dd243d06e04d357eace43a522\spring-retry-2.0.10.jar;C:\gradle-8.12-bin\caches\modules-2\files-2.1\org.springframework.boot\spring-boot-autoconfigure\3.4.2\c50511dba751ffe7df320d27c6875feb2745654e\spring-boot-autoconfigure-3.4.2.jar;C:\gradle-8.12-bin\caches\modules-2\files-2.1\org.springframework.boot\spring-boot\3.4.2\b2514201ba6b838bd638a51619515501c5baefea\spring-boot-3.4.2.jar;C:\gradle-8.12-bin\caches\modules-2\files-2.1\org.springframework.boot\spring-boot-starter-logging\3.4.2\be7631ab8d3cb2a6a3c9981dcaa6d0867c964772\spring-boot-starter-logging-3.4.2.jar;C:\gradle-8.12-bin\caches\modules-2\files-2.1\jakarta.annotation\jakarta.annotation-api\2.1.1\48b9bda22b091b1f48b13af03fe36db3be6e1ae3\jakarta.annotation-api-2.1.1.jar;C:\gradle-8.12-bin\caches\modules-2\files-2.1\org.springframework\spring-core\6.2.2\94269e888dc979e75a1a1b9600d7153d72e6a7f1\spring-core-6.2.2.jar;C:\gradle-8.12-bin\caches\modules-2\files-2.1\org.springframework.boot\spring-boot-actuator\3.4.2\73caa22d88cf4d604aa24efea01b0c1a79cb073a\spring-boot-actuator-3.4.2.jar;C:\gradle-8.12-bin\caches\modules-2\files-2.1\io.micrometer\micrometer-core\1.14.3\8962714eb3a6bf97711765fbefe7f6ac28cae96f\micrometer-core-1.14.3.jar;C:\gradle-8.12-bin\caches\modules-2\files-2.1\io.micrometer\micrometer-commons\1.14.3\bf17f05dd6343d36ecc31076197a962cfdf46131\micrometer-commons-1.14.3.jar;C:\gradle-8.12-bin\caches\modules-2\files-2.1\org.springframework.cloud\spring-cloud-loadbalancer\4.2.0\214d3a47be66cb8bed558e1fb3a11e75ad2fd03c\spring-cloud-loadbalancer-4.2.0.jar;C:\gradle-8.12-bin\caches\modules-2\files-2.1\com.stoyanr\evictor\1.0.0\d4615a8516dc28cb958e723f1a0902faa8732217\evictor-1.0.0.jar;C:\gradle-8.12-bin\caches\modules-2\files-2.1\org.springframework.cloud\spring-cloud-context\4.2.0\54e92bae20fad0c5851f1e5a5666129695a13004\spring-cloud-context-4.2.0.jar;C:\gradle-8.12-bin\caches\modules-2\files-2.1\org.apache.httpcomponents.client5\httpclient5\5.4.1\ce913081e592ee8eeee35c4e577d7dce13cba7a4\httpclient5-5.4.1.jar;C:\gradle-8.12-bin\caches\modules-2\files-2.1\com.thoughtworks.xstream\xstream\1.4.20\e2315b8b2e95e9f21697833c8e56cdd9c98a5ee\xstream-1.4.20.jar;C:\gradle-8.12-bin\caches\modules-2\files-2.1\jakarta.ws.rs\jakarta.ws.rs-api\3.1.0\15ce10d249a38865b58fc39521f10f29ab0e3363\jakarta.ws.rs-api-3.1.0.jar;C:\gradle-8.12-bin\caches\modules-2\files-2.1\jakarta.inject\jakarta.inject-api\2.0.1\4c28afe1991a941d7702fe1362c365f0a8641d1e\jakarta.inject-api-2.0.1.jar;C:\gradle-8.12-bin\caches\modules-2\files-2.1\com.netflix.spectator\spectator-api\1.7.3\d7d62fc0559b4de07c99a8072896b4abb0c4124d\spectator-api-1.7.3.jar;C:\gradle-8.12-bin\caches\modules-2\files-2.1\com.google.code.findbugs\jsr305\3.0.2\25ea2e8b0c338a877313bd4672d3fe056ea78f0d\jsr305-3.0.2.jar;C:\gradle-8.12-bin\caches\modules-2\files-2.1\commons-configuration\commons-configuration\1.10\2b36e4adfb66d966c5aef2d73deb6be716389dc9\commons-configuration-1.10.jar;C:\gradle-8.12-bin\caches\modules-2\files-2.1\org.springframework\spring-beans\6.2.2\ec8ee520ff7b147de8ac04d330848d468253f84d\spring-beans-6.2.2.jar;C:\gradle-8.12-bin\caches\modules-2\files-2.1\com.zaxxer\HikariCP\5.1.0\8c96e36c14461fc436bb02b264b96ef3ca5dca8c\HikariCP-5.1.0.jar;C:\gradle-8.12-bin\caches\modules-2\files-2.1\org.springframework\spring-jdbc\6.2.2\840572e748c1dfe7122e19a10888918e5ecfb631\spring-jdbc-6.2.2.jar;C:\gradle-8.12-bin\caches\modules-2\files-2.1\org.springframework.data\spring-data-commons\3.4.2\387ff91a749cce404f7a6e4a15a3b75ff497bdbc\spring-data-commons-3.4.2.jar;C:\gradle-8.12-bin\caches\modules-2\files-2.1\org.springframework\spring-orm\6.2.2\98d0c8e2f8f65b776b24ffa979e9802a0c7085d7\spring-orm-6.2.2.jar;C:\gradle-8.12-bin\caches\modules-2\files-2.1\org.antlr\antlr4-runtime\4.13.0\5a02e48521624faaf5ff4d99afc88b01686af655\antlr4-runtime-4.13.0.jar;C:\gradle-8.12-bin\caches\modules-2\files-2.1\jakarta.persistence\jakarta.persistence-api\3.1.0\66901fa1c373c6aff65c13791cc11da72060a8d6\jakarta.persistence-api-3.1.0.jar;C:\gradle-8.12-bin\caches\modules-2\files-2.1\jakarta.transaction\jakarta.transaction-api\2.0.1\51a520e3fae406abb84e2e1148e6746ce3f80a1a\jakarta.transaction-api-2.0.1.jar;C:\gradle-8.12-bin\caches\modules-2\files-2.1\jakarta.validation\jakarta.validation-api\3.0.2\92b6631659ba35ca09e44874d3eb936edfeee532\jakarta.validation-api-3.0.2.jar;C:\gradle-8.12-bin\caches\modules-2\files-2.1\org.jboss.logging\jboss-logging\3.6.1.Final\886afbb445b4016a37c8960a7aef6ebd769ce7e5\jboss-logging-3.6.1.Final.jar;C:\gradle-8.12-bin\caches\modules-2\files-2.1\com.fasterxml\classmate\1.7.0\e98374da1f2143ac8e6e0a95036994bb19137a3\classmate-1.7.0.jar;C:\gradle-8.12-bin\caches\modules-2\files-2.1\com.fasterxml.jackson.datatype\jackson-datatype-jdk8\2.18.2\9ed6d538ebcc66864e114a7040953dce6ab6ea53\jackson-datatype-jdk8-2.18.2.jar;C:\gradle-8.12-bin\caches\modules-2\files-2.1\com.fasterxml.jackson.module\jackson-module-parameter-names\2.18.2\72960cb3277347a748911d100c3302d60e8a616a\jackson-module-parameter-names-2.18.2.jar;C:\gradle-8.12-bin\caches\modules-2\files-2.1\org.springframework\spring-expression\6.2.2\20164dd3a70d0048185cf02bb1b097b22e73d820\spring-expression-6.2.2.jar;C:\gradle-8.12-bin\caches\modules-2\files-2.1\org.apache.tomcat.embed\tomcat-embed-websocket\10.1.34\eef6d430f34b6e393b8d9e40f10db9043732b4e5\tomcat-embed-websocket-10.1.34.jar;C:\gradle-8.12-bin\caches\modules-2\files-2.1\org.apache.tomcat.embed\tomcat-embed-core\10.1.34\f610f84be607fbc82e393cc220f0ad45f92afc91\tomcat-embed-core-10.1.34.jar;C:\gradle-8.12-bin\caches\modules-2\files-2.1\io.projectreactor\reactor-core\3.7.2\18e669540bcadf4fae1761779a57a991beb013ec\reactor-core-3.7.2.jar;C:\gradle-8.12-bin\caches\modules-2\files-2.1\io.projectreactor.netty\reactor-netty-http\1.2.2\ca43d38c307ba9b0e15695f0e61f519d8fb7a51d\reactor-netty-http-1.2.2.jar;C:\gradle-8.12-bin\caches\modules-2\files-2.1\jakarta.activation\jakarta.activation-api\2.1.3\fa165bd70cda600368eee31555222776a46b881f\jakarta.activation-api-2.1.3.jar;C:\gradle-8.12-bin\caches\modules-2\files-2.1\org.apache.commons\commons-lang3\3.17.0\b17d2136f0460dcc0d2016ceefca8723bdf4ee70\commons-lang3-3.17.0.jar;C:\gradle-8.12-bin\caches\modules-2\files-2.1\com.fasterxml.jackson.module\jackson-module-jakarta-xmlbind-annotations\2.18.2\b801caf12e4541dfd8e28e3680dc04277fcf2311\jackson-module-jakarta-xmlbind-annotations-2.18.2.jar;C:\gradle-8.12-bin\caches\modules-2\files-2.1\org.glassfish.jersey.core\jersey-common\3.1.10\d9d17fdec864f33de58efe240ec53816f95c03f3\jersey-common-3.1.10.jar;C:\gradle-8.12-bin\caches\modules-2\files-2.1\org.glassfish.jersey.ext\jersey-entity-filtering\3.1.10\6528601d67f788e0b9ebaee28ea045bc93cd81f6\jersey-entity-filtering-3.1.10.jar;C:\gradle-8.12-bin\caches\modules-2\files-2.1\com.fasterxml.jackson.jaxrs\jackson-jaxrs-base\2.18.2\6e58fa4859da54617035ac5812719e8333f97e8c\jackson-jaxrs-base-2.18.2.jar;C:\gradle-8.12-bin\caches\modules-2\files-2.1\javax.xml.bind\jaxb-api\2.2.12\4c83805595b15acf41d71d49e3add7c0e85baaed\jaxb-api-2.2.12.jar;C:\gradle-8.12-bin\caches\modules-2\files-2.1\org.glassfish.hk2\hk2-locator\3.0.6\92d5c92c9f23bea4b8681c6f8d6ba3d708619f81\hk2-locator-3.0.6.jar;C:\gradle-8.12-bin\caches\modules-2\files-2.1\org.javassist\javassist\3.30.2-GA\284580b5e42dfa1b8267058566435d9e93fae7f7\javassist-3.30.2-GA.jar;C:\gradle-8.12-bin\caches\modules-2\files-2.1\org.glassfish.grizzly\grizzly-http-server\4.0.2\964ef18c55aea25633b12757863e2a3fae6d1190\grizzly-http-server-4.0.2.jar;C:\gradle-8.12-bin\caches\modules-2\files-2.1\org.glassfish.jersey.core\jersey-client\3.1.10\35d87d5a4af28c80e380a00efba94d9af8998849\jersey-client-3.1.10.jar;C:\gradle-8.12-bin\caches\modules-2\files-2.1\org.apache.httpcomponents\httpcore\4.4.16\51cf043c87253c9f58b539c9f7e44c8894223850\httpcore-4.4.16.jar;C:\gradle-8.12-bin\caches\modules-2\files-2.1\commons-logging\commons-logging\1.2\4bfc12adfe4842bf07b657f0369c4cb522955686\commons-logging-1.2.jar;C:\gradle-8.12-bin\caches\modules-2\files-2.1\com.google.guava\failureaccess\1.0.2\c4a06a64e650562f30b7bf9aaec1bfed43aca12b\failureaccess-1.0.2.jar;C:\gradle-8.12-bin\caches\modules-2\files-2.1\com.google.guava\listenablefuture\9999.0-empty-to-avoid-conflict-with-guava\b421526c5f297295adef1c886e5246c39d4ac629\listenablefuture-9999.0-empty-to-avoid-conflict-with-guava.jar;C:\gradle-8.12-bin\caches\modules-2\files-2.1\org.checkerframework\checker-qual\3.43.0\9425eee39e56b116d2b998b7c2cebcbd11a3c98b\checker-qual-3.43.0.jar;C:\gradle-8.12-bin\caches\modules-2\files-2.1\com.google.j2objc\j2objc-annotations\3.0.0\7399e65dd7e9ff3404f4535b2f017093bdb134c7\j2objc-annotations-3.0.0.jar;C:\gradle-8.12-bin\caches\modules-2\files-2.1\org.jetbrains.kotlin\kotlin-stdlib-jdk8\1.9.25\20d44e880a284f7b5cd99dd69450b403073f49b2\kotlin-stdlib-jdk8-1.9.25.jar;C:\gradle-8.12-bin\caches\modules-2\files-2.1\io.github.openfeign\feign-form-spring\13.5\3a6139f73fd3d7f7ada8cdfea0ac0d545d1d7539\feign-form-spring-13.5.jar;C:\gradle-8.12-bin\caches\modules-2\files-2.1\org.springframework.security\spring-security-crypto\6.4.2\a4d5bf27ca449200fc39e07de6ae016eb1ad21da\spring-security-crypto-6.4.2.jar;C:\gradle-8.12-bin\caches\modules-2\files-2.1\com.fasterxml.jackson.dataformat\jackson-dataformat-csv\2.18.2\3e1f715d7cbcc5b79b104115bf8d2a7b0a9b4b22\jackson-dataformat-csv-2.18.2.jar;C:\gradle-8.12-bin\caches\modules-2\files-2.1\com.google.re2j\re2j\1.6\a13e879fd7971738d06020fefeb108cc14e14169\re2j-1.6.jar;C:\gradle-8.12-bin\caches\modules-2\files-2.1\io.confluent\logredactor-metrics\1.0.12\7123728b9c428e26151e767ee65869c62373a6f6\logredactor-metrics-1.0.12.jar;C:\gradle-8.12-bin\caches\modules-2\files-2.1\com.eclipsesource.minimal-json\minimal-json\0.9.5\8134f8babbfbb18373110ea0b5871fd34b9c77bf\minimal-json-0.9.5.jar;C:\gradle-8.12-bin\caches\modules-2\files-2.1\org.springdoc\springdoc-openapi-starter-common\2.6.0\c8cf5fbd1f9e4c410d67f1de27dfc3529de13620\springdoc-openapi-starter-common-2.6.0.jar;C:\gradle-8.12-bin\caches\modules-2\files-2.1\ch.qos.logback\logback-classic\1.5.16\113979db51dfad6dc895b34460d7b7ff64ffe7d2\logback-classic-1.5.16.jar;C:\gradle-8.12-bin\caches\modules-2\files-2.1\org.apache.logging.log4j\log4j-to-slf4j\2.24.3\da1143e2a2531ee1c2d90baa98eb50a28a39d5a7\log4j-to-slf4j-2.24.3.jar;C:\gradle-8.12-bin\caches\modules-2\files-2.1\org.slf4j\jul-to-slf4j\2.0.16\6d57da3e961daac65bcca0dd3def6cd11e48a24a\jul-to-slf4j-2.0.16.jar;C:\gradle-8.12-bin\caches\modules-2\files-2.1\org.springframework\spring-jcl\6.2.2\1fbbb0b2e85c6eac7c366c5eed5b124785f05ac8\spring-jcl-6.2.2.jar;C:\gradle-8.12-bin\caches\modules-2\files-2.1\io.projectreactor.addons\reactor-extra\3.5.2\163f7babfc93f949738a440ea8cae5079cdb4aaa\reactor-extra-3.5.2.jar;C:\gradle-8.12-bin\caches\modules-2\files-2.1\org.apache.httpcomponents.core5\httpcore5-h2\5.3.2\d908a946e9161511accdc739e443b1e0b0cbba82\httpcore5-h2-5.3.2.jar;C:\gradle-8.12-bin\caches\modules-2\files-2.1\org.apache.httpcomponents.core5\httpcore5\5.3.2\35d387301d4a719972b15fbe863020da5f913c22\httpcore5-5.3.2.jar;C:\gradle-8.12-bin\caches\modules-2\files-2.1\io.github.x-stream\mxparser\1.2.2\476fb3b3bb3716cad797cd054ce45f89445794e9\mxparser-1.2.2.jar;C:\gradle-8.12-bin\caches\modules-2\files-2.1\commons-lang\commons-lang\2.6\ce1edb914c94ebc388f086c6827e8bdeec71ac2\commons-lang-2.6.jar;C:\gradle-8.12-bin\caches\modules-2\files-2.1\org.reactivestreams\reactive-streams\1.0.4\3864a1320d97d7b045f729a326e1e077661f31b7\reactive-streams-1.0.4.jar;C:\gradle-8.12-bin\caches\modules-2\files-2.1\io.projectreactor.netty\reactor-netty-core\1.2.2\56f274c7a4b46f1b9f15aee8a4294d96484f3f7a\reactor-netty-core-1.2.2.jar;C:\gradle-8.12-bin\caches\modules-2\files-2.1\io.netty\netty-codec-http2\4.1.117.Final\e0a678ac80e00b08a4c0118d496efabc4516ebbf\netty-codec-http2-4.1.117.Final.jar;C:\gradle-8.12-bin\caches\modules-2\files-2.1\io.netty\netty-codec-http\4.1.117.Final\5a0f8cd908b8b09b2cd1d39c1d2086a4d12e6029\netty-codec-http-4.1.117.Final.jar;C:\gradle-8.12-bin\caches\modules-2\files-2.1\io.netty\netty-resolver-dns-native-macos\4.1.117.Final\db4da7e0da91998a2ee3f9092dfc063d3e17d9b5\netty-resolver-dns-native-macos-4.1.117.Final-osx-x86_64.jar;C:\gradle-8.12-bin\caches\modules-2\files-2.1\io.netty\netty-resolver-dns\4.1.117.Final\54c433e75a6e0f101ac78332a9958cd200ca2434\netty-resolver-dns-4.1.117.Final.jar;C:\gradle-8.12-bin\caches\modules-2\files-2.1\io.netty\netty-transport-native-epoll\4.1.117.Final\679c2fc14434d55e7a183852a264928e1a345466\netty-transport-native-epoll-4.1.117.Final-linux-x86_64.jar;C:\gradle-8.12-bin\caches\modules-2\files-2.1\org.glassfish.hk2\osgi-resource-locator\1.0.3\de3b21279df7e755e38275137539be5e2c80dd58\osgi-resource-locator-1.0.3.jar;C:\gradle-8.12-bin\caches\modules-2\files-2.1\org.glassfish.hk2\hk2-api\3.0.6\5a5152dea2c43384f5c07985eb27140134074ecb\hk2-api-3.0.6.jar;C:\gradle-8.12-bin\caches\modules-2\files-2.1\org.glassfish.hk2.external\aopalliance-repackaged\3.0.6\e3c3f17b649c97155640616026bd32b1043b3c1d\aopalliance-repackaged-3.0.6.jar;C:\gradle-8.12-bin\caches\modules-2\files-2.1\org.glassfish.hk2\hk2-utils\3.0.6\b3187d0673c0fd52de197e52c62545c34d4eda29\hk2-utils-3.0.6.jar;C:\gradle-8.12-bin\caches\modules-2\files-2.1\org.glassfish.grizzly\grizzly-http\4.0.2\52403f90c894105ffe541c690f0a662e0614d590\grizzly-http-4.0.2.jar;C:\gradle-8.12-bin\caches\modules-2\files-2.1\com.squareup.okio\okio-jvm\3.6.0\5600569133b7bdefe1daf9ec7f4abeb6d13e1786\okio-jvm-3.6.0.jar;C:\gradle-8.12-bin\caches\modules-2\files-2.1\org.jetbrains.kotlin\kotlin-stdlib-jdk7\1.9.25\1c166692314a2639e5edfed0d23ed7eee4a5c7a5\kotlin-stdlib-jdk7-1.9.25.jar;C:\gradle-8.12-bin\caches\modules-2\files-2.1\org.jetbrains.kotlin\kotlin-stdlib\1.9.25\f700a2f2b8f0d6d0fde48f56d894dc722fb029d7\kotlin-stdlib-1.9.25.jar;C:\gradle-8.12-bin\caches\modules-2\files-2.1\commons-fileupload\commons-fileupload\1.5\ad4ad2ab2961b4e1891472bd1a33fabefb0385f3\commons-fileupload-1.5.jar;C:\gradle-8.12-bin\caches\modules-2\files-2.1\io.github.openfeign\feign-form\13.5\8e77844c9bc63d8ace84ea7b06353e0cebe85fdd\feign-form-13.5.jar;C:\gradle-8.12-bin\caches\modules-2\files-2.1\io.swagger.core.v3\swagger-core-jakarta\2.2.22\9ed5daaaa1c94c9a6b56c058c9d1b3190044a2e2\swagger-core-jakarta-2.2.22.jar;C:\gradle-8.12-bin\caches\modules-2\files-2.1\ch.qos.logback\logback-core\1.5.16\4f17700f046900aea2fadf115e2d67fec921f7fd\logback-core-1.5.16.jar;C:\gradle-8.12-bin\caches\modules-2\files-2.1\org.apache.logging.log4j\log4j-api\2.24.3\b02c125db8b6d295adf72ae6e71af5d83bce2370\log4j-api-2.24.3.jar;C:\gradle-8.12-bin\caches\modules-2\files-2.1\xmlpull\xmlpull\1.1.3.1\2b8e230d2ab644e4ecaa94db7cdedbc40c805dfa\xmlpull-1.1.3.1.jar;C:\gradle-8.12-bin\caches\modules-2\files-2.1\io.netty\netty-handler-proxy\4.1.117.Final\f032fb832d421d9906c705a1d328188723961c74\netty-handler-proxy-4.1.117.Final.jar;C:\gradle-8.12-bin\caches\modules-2\files-2.1\io.netty\netty-handler\4.1.117.Final\db14cd99515f8c98a3f2a347718e59f14d85c503\netty-handler-4.1.117.Final.jar;C:\gradle-8.12-bin\caches\modules-2\files-2.1\io.netty\netty-codec\4.1.117.Final\2831d3431ed93d9c0b64b1c0cce2ced4737539aa\netty-codec-4.1.117.Final.jar;C:\gradle-8.12-bin\caches\modules-2\files-2.1\io.netty\netty-transport\4.1.117.Final\f81d72962bd134d8d8e11b514321134fa5fd0ce6\netty-transport-4.1.117.Final.jar;C:\gradle-8.12-bin\caches\modules-2\files-2.1\io.netty\netty-buffer\4.1.117.Final\22b4cc28194cb23671274499229e0ef35028fbd\netty-buffer-4.1.117.Final.jar;C:\gradle-8.12-bin\caches\modules-2\files-2.1\io.netty\netty-common\4.1.117.Final\9e074a4382f56b37f3b9ee1fc21d53e7af58ec9d\netty-common-4.1.117.Final.jar;C:\gradle-8.12-bin\caches\modules-2\files-2.1\io.netty\netty-resolver-dns-classes-macos\4.1.117.Final\d050dbb27c89eae48f75138c4e39e3b9bed69978\netty-resolver-dns-classes-macos-4.1.117.Final.jar;C:\gradle-8.12-bin\caches\modules-2\files-2.1\io.netty\netty-codec-dns\4.1.117.Final\5023de39015bdc7a5740dcae109fb0a72160c207\netty-codec-dns-4.1.117.Final.jar;C:\gradle-8.12-bin\caches\modules-2\files-2.1\io.netty\netty-resolver\4.1.117.Final\581b37489a03162f473264b65f53d504269a74b0\netty-resolver-4.1.117.Final.jar;C:\gradle-8.12-bin\caches\modules-2\files-2.1\io.netty\netty-transport-classes-epoll\4.1.117.Final\ebca585acd227b8682ed5b2aafbb86d07f77848\netty-transport-classes-epoll-4.1.117.Final.jar;C:\gradle-8.12-bin\caches\modules-2\files-2.1\io.netty\netty-transport-native-unix-common\4.1.117.Final\684f2316ff2b2171babbc17c95ac3bd97f5f091e\netty-transport-native-unix-common-4.1.117.Final.jar;C:\gradle-8.12-bin\caches\modules-2\files-2.1\org.glassfish.grizzly\grizzly-framework\4.0.2\dd0f696cc6f09bdc6f57a3a1c0a70615544ffa67\grizzly-framework-4.0.2.jar;C:\gradle-8.12-bin\caches\modules-2\files-2.1\org.jetbrains\annotations\13.0\919f0dfe192fb4e063e7dacadee7f8bb9a2672a9\annotations-13.0.jar;C:\gradle-8.12-bin\caches\modules-2\files-2.1\io.swagger.core.v3\swagger-models-jakarta\2.2.22\bc2809b2efa1f7b062bc9668304a84b198fececd\swagger-models-jakarta-2.2.22.jar;C:\gradle-8.12-bin\caches\modules-2\files-2.1\com.fasterxml.jackson.dataformat\jackson-dataformat-yaml\2.18.2\d000e13505d1cf564371516fa3d5b8769a779dc9\jackson-dataformat-yaml-2.18.2.jar;C:\gradle-8.12-bin\caches\modules-2\files-2.1\io.swagger.core.v3\swagger-annotations-jakarta\2.2.22\1efc0b0af32fce629f0786062c89e8b117abe120\swagger-annotations-jakarta-2.2.22.jar;C:\gradle-8.12-bin\caches\modules-2\files-2.1\io.netty\netty-codec-socks\4.1.117.Final\c7e72e5ec8e349e15e2d38811696f6404e0a49e0\netty-codec-socks-4.1.117.Final.jar;C:\gradle-8.12-bin\caches\modules-2\files-2.1\io.micrometer\micrometer-registry-prometheus\1.14.3\d09eae0636e2759aafa561c722129b5c86451368\micrometer-registry-prometheus-1.14.3.jar;C:\gradle-8.12-bin\caches\modules-2\files-2.1\org.postgresql\postgresql\42.7.5\747897987b86c741fb8b56f6b81929ae1e6e4b46\postgresql-42.7.5.jar;C:\gradle-8.12-bin\caches\modules-2\files-2.1\io.prometheus\prometheus-metrics-core\1.3.5\2169cfe39084609c72a1fcd1a5775f74a4531919\prometheus-metrics-core-1.3.5.jar;C:\gradle-8.12-bin\caches\modules-2\files-2.1\io.prometheus\prometheus-metrics-tracer-common\1.3.5\adf529b691eb4514124662ad47e67676be52c3d8\prometheus-metrics-tracer-common-1.3.5.jar;C:\gradle-8.12-bin\caches\modules-2\files-2.1\io.prometheus\prometheus-metrics-exposition-formats\1.3.5\3a5d2539dad545b15a60f7113a01734779906d97\prometheus-metrics-exposition-formats-1.3.5.jar;C:\gradle-8.12-bin\caches\modules-2\files-2.1\org.checkerframework\checker-qual\3.48.3\c48effe7d78de3cf5e8a98c614281ec6a2466a77\checker-qual-3.48.3.jar;C:\gradle-8.12-bin\caches\modules-2\files-2.1\com.netflix.netflix-commons\netflix-eventbus\0.3.0\3f864adbe81f0849729fcbba3fe693c32be739ea\netflix-eventbus-0.3.0.jar;C:\gradle-8.12-bin\caches\modules-2\files-2.1\javax.annotation\javax.annotation-api\1.2\479c1e06db31c432330183f5cae684163f186146\javax.annotation-api-1.2.jar;C:\gradle-8.12-bin\caches\modules-2\files-2.1\org.codehaus.jettison\jettison\1.5.4\174ca56c411b05aec323d8f53e66709c0d28b337\jettison-1.5.4.jar;C:\gradle-8.12-bin\caches\modules-2\files-2.1\org.glassfish.jaxb\jaxb-runtime\4.0.5\ca84c2a7169b5293e232b9d00d1e4e36d4c3914a\jaxb-runtime-4.0.5.jar;C:\gradle-8.12-bin\caches\modules-2\files-2.1\org.hibernate.common\hibernate-commons-annotations\7.0.3.Final\e183c4be8bb41d12e9f19b374e00c34a0a85f439\hibernate-commons-annotations-7.0.3.Final.jar;C:\gradle-8.12-bin\caches\modules-2\files-2.1\io.smallrye\jandex\3.2.0\f17ad860f62a08487b9edabde608f8ac55c62fa7\jandex-3.2.0.jar;C:\gradle-8.12-bin\caches\modules-2\files-2.1\net.bytebuddy\byte-buddy\1.15.11\f61886478e0f9ee4c21d09574736f0ff45e0a46c\byte-buddy-1.15.11.jar;C:\gradle-8.12-bin\caches\modules-2\files-2.1\com.github.luben\zstd-jni\1.5.6-4\ba9e303e0b5e94cdd0017390d7d8c06f47fd61f7\zstd-jni-1.5.6-4.jar;C:\gradle-8.12-bin\caches\modules-2\files-2.1\org.lz4\lz4-java\1.8.0\4b986a99445e49ea5fbf5d149c4b63f6ed6c6780\lz4-java-1.8.0.jar;C:\gradle-8.12-bin\caches\modules-2\files-2.1\org.hdrhistogram\HdrHistogram\2.2.2\7959933ebcc0f05b2eaa5af0a0c8689fa257b15c\HdrHistogram-2.2.2.jar;C:\gradle-8.12-bin\caches\modules-2\files-2.1\org.latencyutils\LatencyUtils\2.0.3\769c0b82cb2421c8256300e907298a9410a2a3d3\LatencyUtils-2.0.3.jar;C:\gradle-8.12-bin\caches\modules-2\files-2.1\io.prometheus\prometheus-metrics-model\1.3.5\6a58b494b55eb3c0627cd00ac3957dc660fd4cf\prometheus-metrics-model-1.3.5.jar;C:\gradle-8.12-bin\caches\modules-2\files-2.1\io.prometheus\prometheus-metrics-config\1.3.5\c25f5a3e02c8de54cf4c38b21147ca2994135af6\prometheus-metrics-config-1.3.5.jar;C:\gradle-8.12-bin\caches\modules-2\files-2.1\io.prometheus\prometheus-metrics-exposition-textformats\1.3.5\c23b4fadcc2bb27a32a48f81fb8ac27b3f8cf192\prometheus-metrics-exposition-textformats-1.3.5.jar;C:\gradle-8.12-bin\caches\modules-2\files-2.1\com.netflix.netflix-commons\netflix-infix\0.3.0\acc65969f7367ddd2f1265e0cd7330509ed530dc\netflix-infix-0.3.0.jar;C:\gradle-8.12-bin\caches\modules-2\files-2.1\com.netflix.servo\servo-core\0.5.3\790cdf248baa2bf0b4b42fe83d79c717ed510f2b\servo-core-0.5.3.jar;C:\gradle-8.12-bin\caches\modules-2\files-2.1\org.apache.commons\commons-math\2.2\4877b85d388275f994a5cfc7eceb73a8045d3006\commons-math-2.2.jar;C:\gradle-8.12-bin\caches\modules-2\files-2.1\org.glassfish.jaxb\jaxb-core\4.0.5\7b4b11ea5542eea4ad55e1080b23be436795b3\jaxb-core-4.0.5.jar;C:\gradle-8.12-bin\caches\modules-2\files-2.1\com.google.code.gson\gson\2.11.0\527175ca6d81050b53bdd4c457a6d6e017626b0e\gson-2.11.0.jar;C:\gradle-8.12-bin\caches\modules-2\files-2.1\commons-jxpath\commons-jxpath\1.3\c22d7d0f0f40eb7059a23cfa61773a416768b137\commons-jxpath-1.3.jar;C:\gradle-8.12-bin\caches\modules-2\files-2.1\joda-time\joda-time\2.3\56498efd17752898cfcc3868c1b6211a07b12b8f\joda-time-2.3.jar;C:\gradle-8.12-bin\caches\modules-2\files-2.1\org.antlr\antlr-runtime\3.4\8f011408269a8e42b8548687e137d8eeb56df4b4\antlr-runtime-3.4.jar;C:\gradle-8.12-bin\caches\modules-2\files-2.1\org.eclipse.angus\angus-activation\2.0.2\41f1e0ddd157c856926ed149ab837d110955a9fc\angus-activation-2.0.2.jar;C:\gradle-8.12-bin\caches\modules-2\files-2.1\org.glassfish.jaxb\txw2\4.0.5\f36a4ef12120a9bb06d766d6a0e54b144fd7ed98\txw2-4.0.5.jar;C:\gradle-8.12-bin\caches\modules-2\files-2.1\com.sun.istack\istack-commons-runtime\4.1.2\18ec117c85f3ba0ac65409136afa8e42bc74e739\istack-commons-runtime-4.1.2.jar;C:\gradle-8.12-bin\caches\modules-2\files-2.1\org.antlr\stringtemplate\3.2.1\59ec8083721eae215c6f3caee944c410d2be34de\stringtemplate-3.2.1.jar;C:\gradle-8.12-bin\caches\modules-2\files-2.1\antlr\antlr\2.7.7\83cd2cd674a217ade95a4bb83a8a14f351f48bd0\antlr-2.7.7.jar
Launcher Type: SUN_STANDARD

[Global flags]
     intx CICompilerCount                          = 4                                         {product} {ergonomic}
     uint ConcGCThreads                            = 3                                         {product} {ergonomic}
     uint G1ConcRefinementThreads                  = 10                                        {product} {ergonomic}
   size_t G1HeapRegionSize                         = 2097152                                   {product} {ergonomic}
    uintx GCDrainStackTargetSize                   = 64                                        {product} {ergonomic}
   size_t InitialHeapSize                          = 268435456                                 {product} {ergonomic}
     bool ManagementServer                         = true                                      {product} {command line}
   size_t MarkStackSize                            = 4194304                                   {product} {ergonomic}
   size_t MaxHeapSize                              = 4280287232                                {product} {ergonomic}
   size_t MinHeapDeltaBytes                        = 2097152                                   {product} {ergonomic}
   size_t MinHeapSize                              = 8388608                                   {product} {ergonomic}
    uintx NonNMethodCodeHeapSize                   = 4096                                   {pd product} {ergonomic}
    uintx NonProfiledCodeHeapSize                  = 0                                      {pd product} {ergonomic}
     bool ProfileInterpreter                       = false                                  {pd product} {command line}
    uintx ProfiledCodeHeapSize                     = 0                                      {pd product} {ergonomic}
   size_t SoftMaxHeapSize                          = 4280287232                             {manageable} {ergonomic}
     intx TieredStopAtLevel                        = 1                                         {product} {command line}
     bool UseCompressedOops                        = true                           {product lp64_product} {ergonomic}
     bool UseG1GC                                  = true                                      {product} {ergonomic}
     bool UseLargePagesIndividualAllocation        = false                                  {pd product} {ergonomic}

Logging:
Log output configuration:
 #0: stdout all=warning uptime,level,tags foldmultilines=false
 #1: stderr all=off uptime,level,tags foldmultilines=false

Environment Variables:
JAVA_HOME=C:\Users\Zemich\.jdks\corretto-21.0.6
PATH=C:\Windows\system32;C:\Windows;C:\Windows\System32\Wbem;C:\Windows\System32\WindowsPowerShell\v1.0\;C:\Windows\System32\OpenSSH\;C:\Program Files\dotnet\;C:\gradle-8.12-bin\gradle-8.12\bin;C:\Program Files\Git\cmd;C:\Program Files\Docker\Docker\resources\bin;C:\Users\Zemich\AppData\Local\Microsoft\WindowsApps;C:\Program Files\JetBrains\IntelliJ IDEA 2024.3.2\bin;;C:\Users\Zemich\.jdks\corretto-21.0.6\bin;
USERNAME=Zemich
OS=Windows_NT
PROCESSOR_IDENTIFIER=AMD64 Family 23 Model 8 Stepping 2, AuthenticAMD
TMP=C:\Users\Zemich\AppData\Local\Temp
TEMP=C:\Users\Zemich\AppData\Local\Temp




Periodic native trim disabled

---------------  S Y S T E M  ---------------

OS:
 Windows 11 , 64 bit Build 26100 (10.0.26100.2454)
OS uptime: 3 days 0:41 hours
Hyper-V role detected

CPU: total 12 (initial active 12) (12 cores per cpu, 2 threads per core) family 23 model 8 stepping 2 microcode 0x800820d, cx8, cmov, fxsr, ht, mmx, 3dnowpref, sse, sse2, sse3, ssse3, sse4a, sse4.1, sse4.2, popcnt, lzcnt, tsc, tscinvbit, avx, avx2, aes, clmul, bmi1, bmi2, adx, sha, fma, vzeroupper, clflush, clflushopt, hv, rdtscp, f16c
Processor Information for the first 12 processors :
  Max Mhz: 3400, Current Mhz: 3400, Mhz Limit: 3400

Memory: 4k page, system-wide physical 16320M (797M free)
TotalPageFile size 28718M (AvailPageFile size 66M)
current process WorkingSet (physical memory assigned to process): 12M, peak: 12M
current process commit charge ("private bytes"): 59M, peak: 315M

vm_info: OpenJDK 64-Bit Server VM (21.0.6+7-LTS) for windows-amd64 JRE (21.0.6+7-LTS), built on 2025-01-07T23:42:01Z by "Administrator" with MS VC++ 16.10 / 16.11 (VS2019)

END.
