#
# There is insufficient memory for the Java Runtime Environment to continue.
# Native memory allocation (malloc) failed to allocate 1313856 bytes. Error detail: Chunk::new
# Possible reasons:
#   The system is out of physical RAM or swap space
#   This process is running with CompressedOops enabled, and the Java Heap may be blocking the growth of the native heap
# Possible solutions:
#   Reduce memory load on the system
#   Increase physical memory or swap space
#   Check if swap backing store is full
#   Decrease Java heap size (-Xmx/-Xms)
#   Decrease number of Java threads
#   Decrease Java thread stack sizes (-Xss)
#   Set larger code cache with -XX:ReservedCodeCacheSize=
#   JVM is running with Unscaled Compressed Oops mode in which the Java heap is
#     placed in the first 4GB address space. The Java Heap base address is the
#     maximum limit for the native heap growth. Please use -XX:HeapBaseMinAddress
#     to set the Java Heap base and to place the Java Heap above 4GB virtual address.
# This output file may be truncated or incomplete.
#
#  Out of Memory Error (arena.cpp:168), pid=150020, tid=144056
#
# JRE version: OpenJDK Runtime Environment Corretto-21.0.6.7.1 (21.0.6+7) (build 21.0.6+7-LTS)
# Java VM: OpenJDK 64-Bit Server VM Corretto-21.0.6.7.1 (21.0.6+7-LTS, mixed mode, sharing, tiered, compressed oops, compressed class ptrs, g1 gc, windows-amd64)
# No core dump will be written. Minidumps are not enabled by default on client versions of Windows
#

---------------  S U M M A R Y ------------

Command Line: --add-opens=java.base/java.lang=ALL-UNNAMED --add-opens=java.base/java.lang.invoke=ALL-UNNAMED --add-opens=java.base/java.util=ALL-UNNAMED --add-opens=java.prefs/java.util.prefs=ALL-UNNAMED --add-exports=jdk.compiler/com.sun.tools.javac.api=ALL-UNNAMED --add-exports=jdk.compiler/com.sun.tools.javac.util=ALL-UNNAMED --add-opens=java.base/java.util=ALL-UNNAMED --add-opens=java.prefs/java.util.prefs=ALL-UNNAMED --add-opens=java.base/java.nio.charset=ALL-UNNAMED --add-opens=java.base/java.net=ALL-UNNAMED --add-opens=java.base/java.util.concurrent.atomic=ALL-UNNAMED --add-opens=java.xml/javax.xml.namespace=ALL-UNNAMED -XX:MaxMetaspaceSize=384m -XX:+HeapDumpOnOutOfMemoryError -Xms256m -Xmx512m -Dfile.encoding=UTF-8 -Duser.country=RU -Duser.language=ru -Duser.variant -javaagent:C:\gradle-8.12-bin\gradle-8.12\wrapper\dists\gradle-8.12.1-bin\eumc4uhoysa37zql93vfjkxy0\gradle-8.12.1\lib\agents\gradle-instrumentation-agent-8.12.1.jar org.gradle.launcher.daemon.bootstrap.GradleDaemon 8.12.1

Host: AMD Ryzen 5 2600 Six-Core Processor            , 12 cores, 15G,  Windows 11 , 64 bit Build 26100 (10.0.26100.2454)
Time: Sat Feb 15 12:50:37 2025  Windows 11 , 64 bit Build 26100 (10.0.26100.2454) elapsed time: 4.342106 seconds (0d 0h 0m 4s)

---------------  T H R E A D  ---------------

Current thread (0x0000015c599dd570):  JavaThread "C2 CompilerThread0" daemon [_thread_in_native, id=144056, stack(0x0000004992000000,0x0000004992100000) (1024K)]


Current CompileTask:
C2:4342 2666       4       java.lang.invoke.MethodType::makeImpl (109 bytes)

Stack: [0x0000004992000000,0x0000004992100000]
Native frames: (J=compiled Java code, j=interpreted, Vv=VM code, C=native code)
V  [jvm.dll+0x6da5e9]
V  [jvm.dll+0x8b6b73]
V  [jvm.dll+0x8b8ece]
V  [jvm.dll+0x8b95b3]
V  [jvm.dll+0x286256]
V  [jvm.dll+0xc65ed]
V  [jvm.dll+0xc6b23]
V  [jvm.dll+0x3c063b]
V  [jvm.dll+0x1e4f24]
V  [jvm.dll+0x24e734]
V  [jvm.dll+0x24dbb1]
V  [jvm.dll+0x1cc3e4]
V  [jvm.dll+0x25d279]
V  [jvm.dll+0x25b82b]
V  [jvm.dll+0x3facb6]
V  [jvm.dll+0x85f868]
V  [jvm.dll+0x6d8ded]
C  [ucrtbase.dll+0x14ea0]
C  [KERNEL32.DLL+0x2e8d7]
C  [ntdll.dll+0xdfbcc]


---------------  P R O C E S S  ---------------

Threads class SMR info:
_java_thread_list=0x0000015c74801e90, length=26, elements={
0x0000015c3c2683b0, 0x0000015c599949b0, 0x0000015c59995010, 0x0000015c5998e3a0,
0x0000015c5999a4c0, 0x0000015c599983f0, 0x0000015c59999110, 0x0000015c599dd570,
0x0000015c599e07a0, 0x0000015c59998a80, 0x0000015c599997a0, 0x0000015c599dec60,
0x0000015c59999e30, 0x0000015c59997d60, 0x0000015c599976d0, 0x0000015c5999ab50,
0x0000015c74a45030, 0x0000015c74a46a70, 0x0000015c74a47e20, 0x0000015c74a456c0,
0x0000015c74a47100, 0x0000015c74a45d50, 0x0000015c74a49860, 0x0000015c74a47790,
0x0000015c74a484b0, 0x0000015c599e0e70
}

Java Threads: ( => current thread )
  0x0000015c3c2683b0 JavaThread "main"                              [_thread_blocked, id=138776, stack(0x0000004991200000,0x0000004991300000) (1024K)]
  0x0000015c599949b0 JavaThread "Reference Handler"          daemon [_thread_blocked, id=154648, stack(0x0000004991a00000,0x0000004991b00000) (1024K)]
  0x0000015c59995010 JavaThread "Finalizer"                  daemon [_thread_blocked, id=154424, stack(0x0000004991b00000,0x0000004991c00000) (1024K)]
  0x0000015c5998e3a0 JavaThread "Signal Dispatcher"          daemon [_thread_blocked, id=149636, stack(0x0000004991c00000,0x0000004991d00000) (1024K)]
  0x0000015c5999a4c0 JavaThread "Attach Listener"            daemon [_thread_blocked, id=151292, stack(0x0000004991d00000,0x0000004991e00000) (1024K)]
  0x0000015c599983f0 JavaThread "Service Thread"             daemon [_thread_blocked, id=155540, stack(0x0000004991e00000,0x0000004991f00000) (1024K)]
  0x0000015c59999110 JavaThread "Monitor Deflation Thread"   daemon [_thread_blocked, id=80604, stack(0x0000004991f00000,0x0000004992000000) (1024K)]
=>0x0000015c599dd570 JavaThread "C2 CompilerThread0"         daemon [_thread_in_native, id=144056, stack(0x0000004992000000,0x0000004992100000) (1024K)]
  0x0000015c599e07a0 JavaThread "C1 CompilerThread0"         daemon [_thread_blocked, id=152616, stack(0x0000004992100000,0x0000004992200000) (1024K)]
  0x0000015c59998a80 JavaThread "Common-Cleaner"             daemon [_thread_blocked, id=154872, stack(0x0000004992200000,0x0000004992300000) (1024K)]
  0x0000015c599997a0 JavaThread "Notification Thread"        daemon [_thread_blocked, id=150160, stack(0x0000004992300000,0x0000004992400000) (1024K)]
  0x0000015c599dec60 JavaThread "C2 CompilerThread1"         daemon [_thread_in_native, id=148108, stack(0x0000004992400000,0x0000004992500000) (1024K)]
  0x0000015c59999e30 JavaThread "Daemon health stats"               [_thread_blocked, id=153524, stack(0x0000004992500000,0x0000004992600000) (1024K)]
  0x0000015c59997d60 JavaThread "Incoming local TCP Connector on port 62427"        [_thread_in_native, id=155364, stack(0x0000004992b00000,0x0000004992c00000) (1024K)]
  0x0000015c599976d0 JavaThread "Daemon periodic checks"            [_thread_blocked, id=154452, stack(0x0000004992c00000,0x0000004992d00000) (1024K)]
  0x0000015c5999ab50 JavaThread "Daemon"                            [_thread_blocked, id=150764, stack(0x0000004992d00000,0x0000004992e00000) (1024K)]
  0x0000015c74a45030 JavaThread "Handler for socket connection from /127.0.0.1:62427 to /127.0.0.1:62429"        [_thread_in_native, id=154552, stack(0x0000004992e00000,0x0000004992f00000) (1024K)]
  0x0000015c74a46a70 JavaThread "Cancel handler"                    [_thread_blocked, id=150756, stack(0x0000004992f00000,0x0000004993000000) (1024K)]
  0x0000015c74a47e20 JavaThread "Daemon worker"                     [_thread_in_vm, id=151384, stack(0x0000004993000000,0x0000004993100000) (1024K)]
  0x0000015c74a456c0 JavaThread "Asynchronous log dispatcher for DefaultDaemonConnection: socket connection from /127.0.0.1:62427 to /127.0.0.1:62429"        [_thread_blocked, id=137404, stack(0x0000004993100000,0x0000004993200000) (1024K)]
  0x0000015c74a47100 JavaThread "Stdin handler"                     [_thread_blocked, id=149672, stack(0x0000004993200000,0x0000004993300000) (1024K)]
  0x0000015c74a45d50 JavaThread "Daemon client event forwarder"        [_thread_blocked, id=146660, stack(0x0000004993300000,0x0000004993400000) (1024K)]
  0x0000015c74a49860 JavaThread "Cache worker for journal cache (C:\gradle-8.12-bin\gradle-8.12\caches\journal-1)"        [_thread_blocked, id=154568, stack(0x0000004993400000,0x0000004993500000) (1024K)]
  0x0000015c74a47790 JavaThread "File lock request listener"        [_thread_in_native, id=147676, stack(0x0000004993500000,0x0000004993600000) (1024K)]
  0x0000015c74a484b0 JavaThread "Cache worker for file hash cache (C:\gradle-8.12-bin\gradle-8.12\caches\8.12.1\fileHashes)"        [_thread_blocked, id=137372, stack(0x0000004993600000,0x0000004993700000) (1024K)]
  0x0000015c599e0e70 JavaThread "C2 CompilerThread2"         daemon [_thread_in_native, id=152800, stack(0x0000004993700000,0x0000004993800000) (1024K)]
Total: 26

Other Threads:
  0x0000015c599728e0 VMThread "VM Thread"                           [id=154740, stack(0x0000004991900000,0x0000004991a00000) (1024K)]
  0x0000015c59965ba0 WatcherThread "VM Periodic Task Thread"        [id=154272, stack(0x0000004991800000,0x0000004991900000) (1024K)]
  0x0000015c3e6d6760 WorkerThread "GC Thread#0"                     [id=153612, stack(0x0000004991300000,0x0000004991400000) (1024K)]
  0x0000015c59d1f340 WorkerThread "GC Thread#1"                     [id=155240, stack(0x0000004992600000,0x0000004992700000) (1024K)]
  0x0000015c732a47b0 WorkerThread "GC Thread#2"                     [id=154916, stack(0x0000004992700000,0x0000004992800000) (1024K)]
  0x0000015c733e3180 WorkerThread "GC Thread#3"                     [id=151936, stack(0x0000004992800000,0x0000004992900000) (1024K)]
  0x0000015c59d120d0 WorkerThread "GC Thread#4"                     [id=132184, stack(0x0000004992900000,0x0000004992a00000) (1024K)]
  0x0000015c59d11d30 WorkerThread "GC Thread#5"                     [id=148264, stack(0x0000004992a00000,0x0000004992b00000) (1024K)]
  0x0000015c3e6dc660 ConcurrentGCThread "G1 Main Marker"            [id=153924, stack(0x0000004991400000,0x0000004991500000) (1024K)]
  0x0000015c3e6ddef0 WorkerThread "G1 Conc#0"                       [id=155304, stack(0x0000004991500000,0x0000004991600000) (1024K)]
  0x0000015c5983ca40 ConcurrentGCThread "G1 Refine#0"               [id=155032, stack(0x0000004991600000,0x0000004991700000) (1024K)]
  0x0000015c5983de80 ConcurrentGCThread "G1 Service"                [id=155628, stack(0x0000004991700000,0x0000004991800000) (1024K)]
Total: 12

Threads with active compile tasks:
C2 CompilerThread0  4370 2666       4       java.lang.invoke.MethodType::makeImpl (109 bytes)
C2 CompilerThread1  4370 2667   !   4       java.lang.ClassLoader::loadClass (121 bytes)
C2 CompilerThread2  4370 2818       4       java.lang.invoke.MethodType::methodType (69 bytes)
Total: 3

VM state: not at safepoint (normal execution)

VM Mutex/Monitor currently owned by a thread: None

Heap address: 0x00000000e0000000, size: 512 MB, Compressed Oops mode: 32-bit

CDS archive(s) mapped at: [0x0000015c5a000000-0x0000015c5ac80000-0x0000015c5ac80000), size 13107200, SharedBaseAddress: 0x0000015c5a000000, ArchiveRelocationMode: 1.
Compressed class space mapped at: 0x0000015c5b000000-0x0000015c6f000000, reserved size: 335544320
Narrow klass base: 0x0000015c5a000000, Narrow klass shift: 0, Narrow klass range: 0x100000000

GC Precious Log:
 CardTable entry size: 512
 Card Set container configuration: InlinePtr #cards 5 size 8 Array Of Cards #cards 12 size 40 Howl #buckets 4 coarsen threshold 1843 Howl Bitmap #cards 512 size 80 coarsen threshold 460 Card regions per heap region 1 cards per card region 2048
 CPUs: 12 total, 12 available
 Memory: 16320M
 Large Page Support: Disabled
 NUMA Support: Disabled
 Compressed Oops: Enabled (32-bit)
 Heap Region Size: 1M
 Heap Min Capacity: 256M
 Heap Initial Capacity: 256M
 Heap Max Capacity: 512M
 Pre-touch: Disabled
 Parallel Workers: 10
 Concurrent Workers: 3
 Concurrent Refinement Workers: 10
 Periodic GC: Disabled

Heap:
 garbage-first heap   total 262144K, used 81293K [0x00000000e0000000, 0x0000000100000000)
  region size 1024K, 69 young (70656K), 5 survivors (5120K)
 Metaspace       used 17977K, committed 18496K, reserved 393216K
  class space    used 2481K, committed 2752K, reserved 327680K

Heap Regions: E=young(eden), S=young(survivor), O=old, HS=humongous(starts), HC=humongous(continues), CS=collection set, F=free, TAMS=top-at-mark-start, PB=parsable bottom
|   0|0x00000000e0000000, 0x00000000e0100000, 0x00000000e0100000|100%| O|  |TAMS 0x00000000e0000000| PB 0x00000000e0000000| Untracked 
|   1|0x00000000e0100000, 0x00000000e0200000, 0x00000000e0200000|100%|HS|  |TAMS 0x00000000e0100000| PB 0x00000000e0100000| Complete 
|   2|0x00000000e0200000, 0x00000000e0300000, 0x00000000e0300000|100%|HC|  |TAMS 0x00000000e0200000| PB 0x00000000e0200000| Complete 
|   3|0x00000000e0300000, 0x00000000e0400000, 0x00000000e0400000|100%|HC|  |TAMS 0x00000000e0300000| PB 0x00000000e0300000| Complete 
|   4|0x00000000e0400000, 0x00000000e0500000, 0x00000000e0500000|100%| O|  |TAMS 0x00000000e0400000| PB 0x00000000e0400000| Untracked 
|   5|0x00000000e0500000, 0x00000000e0600000, 0x00000000e0600000|100%| O|  |TAMS 0x00000000e0500000| PB 0x00000000e0500000| Untracked 
|   6|0x00000000e0600000, 0x00000000e0700000, 0x00000000e0700000|100%| O|  |TAMS 0x00000000e0600000| PB 0x00000000e0600000| Untracked 
|   7|0x00000000e0700000, 0x00000000e0800000, 0x00000000e0800000|100%|HS|  |TAMS 0x00000000e0700000| PB 0x00000000e0700000| Complete 
|   8|0x00000000e0800000, 0x00000000e0800000, 0x00000000e0900000|  0%| F|  |TAMS 0x00000000e0800000| PB 0x00000000e0800000| Untracked 
|   9|0x00000000e0900000, 0x00000000e0a00000, 0x00000000e0a00000|100%| O|  |TAMS 0x00000000e0900000| PB 0x00000000e0900000| Untracked 
|  10|0x00000000e0a00000, 0x00000000e0b00000, 0x00000000e0b00000|100%| O|  |TAMS 0x00000000e0a00000| PB 0x00000000e0a00000| Untracked 
|  11|0x00000000e0b00000, 0x00000000e0c00000, 0x00000000e0c00000|100%| O|  |TAMS 0x00000000e0b00000| PB 0x00000000e0b00000| Untracked 
|  12|0x00000000e0c00000, 0x00000000e0c9ddd8, 0x00000000e0d00000| 61%| O|  |TAMS 0x00000000e0c00000| PB 0x00000000e0c00000| Untracked 
|  13|0x00000000e0d00000, 0x00000000e0d00000, 0x00000000e0e00000|  0%| F|  |TAMS 0x00000000e0d00000| PB 0x00000000e0d00000| Untracked 
|  14|0x00000000e0e00000, 0x00000000e0e00000, 0x00000000e0f00000|  0%| F|  |TAMS 0x00000000e0e00000| PB 0x00000000e0e00000| Untracked 
|  15|0x00000000e0f00000, 0x00000000e0f00000, 0x00000000e1000000|  0%| F|  |TAMS 0x00000000e0f00000| PB 0x00000000e0f00000| Untracked 
|  16|0x00000000e1000000, 0x00000000e1000000, 0x00000000e1100000|  0%| F|  |TAMS 0x00000000e1000000| PB 0x00000000e1000000| Untracked 
|  17|0x00000000e1100000, 0x00000000e1100000, 0x00000000e1200000|  0%| F|  |TAMS 0x00000000e1100000| PB 0x00000000e1100000| Untracked 
|  18|0x00000000e1200000, 0x00000000e1200000, 0x00000000e1300000|  0%| F|  |TAMS 0x00000000e1200000| PB 0x00000000e1200000| Untracked 
|  19|0x00000000e1300000, 0x00000000e1300000, 0x00000000e1400000|  0%| F|  |TAMS 0x00000000e1300000| PB 0x00000000e1300000| Untracked 
|  20|0x00000000e1400000, 0x00000000e1400000, 0x00000000e1500000|  0%| F|  |TAMS 0x00000000e1400000| PB 0x00000000e1400000| Untracked 
|  21|0x00000000e1500000, 0x00000000e1500000, 0x00000000e1600000|  0%| F|  |TAMS 0x00000000e1500000| PB 0x00000000e1500000| Untracked 
|  22|0x00000000e1600000, 0x00000000e1600000, 0x00000000e1700000|  0%| F|  |TAMS 0x00000000e1600000| PB 0x00000000e1600000| Untracked 
|  23|0x00000000e1700000, 0x00000000e1700000, 0x00000000e1800000|  0%| F|  |TAMS 0x00000000e1700000| PB 0x00000000e1700000| Untracked 
|  24|0x00000000e1800000, 0x00000000e1800000, 0x00000000e1900000|  0%| F|  |TAMS 0x00000000e1800000| PB 0x00000000e1800000| Untracked 
|  25|0x00000000e1900000, 0x00000000e1900000, 0x00000000e1a00000|  0%| F|  |TAMS 0x00000000e1900000| PB 0x00000000e1900000| Untracked 
|  26|0x00000000e1a00000, 0x00000000e1a00000, 0x00000000e1b00000|  0%| F|  |TAMS 0x00000000e1a00000| PB 0x00000000e1a00000| Untracked 
|  27|0x00000000e1b00000, 0x00000000e1b00000, 0x00000000e1c00000|  0%| F|  |TAMS 0x00000000e1b00000| PB 0x00000000e1b00000| Untracked 
|  28|0x00000000e1c00000, 0x00000000e1c00000, 0x00000000e1d00000|  0%| F|  |TAMS 0x00000000e1c00000| PB 0x00000000e1c00000| Untracked 
|  29|0x00000000e1d00000, 0x00000000e1d00000, 0x00000000e1e00000|  0%| F|  |TAMS 0x00000000e1d00000| PB 0x00000000e1d00000| Untracked 
|  30|0x00000000e1e00000, 0x00000000e1e00000, 0x00000000e1f00000|  0%| F|  |TAMS 0x00000000e1e00000| PB 0x00000000e1e00000| Untracked 
|  31|0x00000000e1f00000, 0x00000000e1f00000, 0x00000000e2000000|  0%| F|  |TAMS 0x00000000e1f00000| PB 0x00000000e1f00000| Untracked 
|  32|0x00000000e2000000, 0x00000000e2000000, 0x00000000e2100000|  0%| F|  |TAMS 0x00000000e2000000| PB 0x00000000e2000000| Untracked 
|  33|0x00000000e2100000, 0x00000000e2100000, 0x00000000e2200000|  0%| F|  |TAMS 0x00000000e2100000| PB 0x00000000e2100000| Untracked 
|  34|0x00000000e2200000, 0x00000000e2200000, 0x00000000e2300000|  0%| F|  |TAMS 0x00000000e2200000| PB 0x00000000e2200000| Untracked 
|  35|0x00000000e2300000, 0x00000000e2300000, 0x00000000e2400000|  0%| F|  |TAMS 0x00000000e2300000| PB 0x00000000e2300000| Untracked 
|  36|0x00000000e2400000, 0x00000000e2400000, 0x00000000e2500000|  0%| F|  |TAMS 0x00000000e2400000| PB 0x00000000e2400000| Untracked 
|  37|0x00000000e2500000, 0x00000000e2500000, 0x00000000e2600000|  0%| F|  |TAMS 0x00000000e2500000| PB 0x00000000e2500000| Untracked 
|  38|0x00000000e2600000, 0x00000000e2600000, 0x00000000e2700000|  0%| F|  |TAMS 0x00000000e2600000| PB 0x00000000e2600000| Untracked 
|  39|0x00000000e2700000, 0x00000000e2700000, 0x00000000e2800000|  0%| F|  |TAMS 0x00000000e2700000| PB 0x00000000e2700000| Untracked 
|  40|0x00000000e2800000, 0x00000000e2800000, 0x00000000e2900000|  0%| F|  |TAMS 0x00000000e2800000| PB 0x00000000e2800000| Untracked 
|  41|0x00000000e2900000, 0x00000000e2900000, 0x00000000e2a00000|  0%| F|  |TAMS 0x00000000e2900000| PB 0x00000000e2900000| Untracked 
|  42|0x00000000e2a00000, 0x00000000e2a00000, 0x00000000e2b00000|  0%| F|  |TAMS 0x00000000e2a00000| PB 0x00000000e2a00000| Untracked 
|  43|0x00000000e2b00000, 0x00000000e2b00000, 0x00000000e2c00000|  0%| F|  |TAMS 0x00000000e2b00000| PB 0x00000000e2b00000| Untracked 
|  44|0x00000000e2c00000, 0x00000000e2c00000, 0x00000000e2d00000|  0%| F|  |TAMS 0x00000000e2c00000| PB 0x00000000e2c00000| Untracked 
|  45|0x00000000e2d00000, 0x00000000e2d00000, 0x00000000e2e00000|  0%| F|  |TAMS 0x00000000e2d00000| PB 0x00000000e2d00000| Untracked 
|  46|0x00000000e2e00000, 0x00000000e2e00000, 0x00000000e2f00000|  0%| F|  |TAMS 0x00000000e2e00000| PB 0x00000000e2e00000| Untracked 
|  47|0x00000000e2f00000, 0x00000000e2f00000, 0x00000000e3000000|  0%| F|  |TAMS 0x00000000e2f00000| PB 0x00000000e2f00000| Untracked 
|  48|0x00000000e3000000, 0x00000000e3000000, 0x00000000e3100000|  0%| F|  |TAMS 0x00000000e3000000| PB 0x00000000e3000000| Untracked 
|  49|0x00000000e3100000, 0x00000000e3100000, 0x00000000e3200000|  0%| F|  |TAMS 0x00000000e3100000| PB 0x00000000e3100000| Untracked 
|  50|0x00000000e3200000, 0x00000000e3200000, 0x00000000e3300000|  0%| F|  |TAMS 0x00000000e3200000| PB 0x00000000e3200000| Untracked 
|  51|0x00000000e3300000, 0x00000000e3300000, 0x00000000e3400000|  0%| F|  |TAMS 0x00000000e3300000| PB 0x00000000e3300000| Untracked 
|  52|0x00000000e3400000, 0x00000000e3400000, 0x00000000e3500000|  0%| F|  |TAMS 0x00000000e3400000| PB 0x00000000e3400000| Untracked 
|  53|0x00000000e3500000, 0x00000000e3500000, 0x00000000e3600000|  0%| F|  |TAMS 0x00000000e3500000| PB 0x00000000e3500000| Untracked 
|  54|0x00000000e3600000, 0x00000000e3600000, 0x00000000e3700000|  0%| F|  |TAMS 0x00000000e3600000| PB 0x00000000e3600000| Untracked 
|  55|0x00000000e3700000, 0x00000000e3700000, 0x00000000e3800000|  0%| F|  |TAMS 0x00000000e3700000| PB 0x00000000e3700000| Untracked 
|  56|0x00000000e3800000, 0x00000000e3800000, 0x00000000e3900000|  0%| F|  |TAMS 0x00000000e3800000| PB 0x00000000e3800000| Untracked 
|  57|0x00000000e3900000, 0x00000000e3900000, 0x00000000e3a00000|  0%| F|  |TAMS 0x00000000e3900000| PB 0x00000000e3900000| Untracked 
|  58|0x00000000e3a00000, 0x00000000e3a00000, 0x00000000e3b00000|  0%| F|  |TAMS 0x00000000e3a00000| PB 0x00000000e3a00000| Untracked 
|  59|0x00000000e3b00000, 0x00000000e3b00000, 0x00000000e3c00000|  0%| F|  |TAMS 0x00000000e3b00000| PB 0x00000000e3b00000| Untracked 
|  60|0x00000000e3c00000, 0x00000000e3c00000, 0x00000000e3d00000|  0%| F|  |TAMS 0x00000000e3c00000| PB 0x00000000e3c00000| Untracked 
|  61|0x00000000e3d00000, 0x00000000e3d00000, 0x00000000e3e00000|  0%| F|  |TAMS 0x00000000e3d00000| PB 0x00000000e3d00000| Untracked 
|  62|0x00000000e3e00000, 0x00000000e3e00000, 0x00000000e3f00000|  0%| F|  |TAMS 0x00000000e3e00000| PB 0x00000000e3e00000| Untracked 
|  63|0x00000000e3f00000, 0x00000000e3f00000, 0x00000000e4000000|  0%| F|  |TAMS 0x00000000e3f00000| PB 0x00000000e3f00000| Untracked 
|  64|0x00000000e4000000, 0x00000000e4000000, 0x00000000e4100000|  0%| F|  |TAMS 0x00000000e4000000| PB 0x00000000e4000000| Untracked 
|  65|0x00000000e4100000, 0x00000000e4100000, 0x00000000e4200000|  0%| F|  |TAMS 0x00000000e4100000| PB 0x00000000e4100000| Untracked 
|  66|0x00000000e4200000, 0x00000000e4200000, 0x00000000e4300000|  0%| F|  |TAMS 0x00000000e4200000| PB 0x00000000e4200000| Untracked 
|  67|0x00000000e4300000, 0x00000000e4300000, 0x00000000e4400000|  0%| F|  |TAMS 0x00000000e4300000| PB 0x00000000e4300000| Untracked 
|  68|0x00000000e4400000, 0x00000000e4400000, 0x00000000e4500000|  0%| F|  |TAMS 0x00000000e4400000| PB 0x00000000e4400000| Untracked 
|  69|0x00000000e4500000, 0x00000000e4500000, 0x00000000e4600000|  0%| F|  |TAMS 0x00000000e4500000| PB 0x00000000e4500000| Untracked 
|  70|0x00000000e4600000, 0x00000000e4600000, 0x00000000e4700000|  0%| F|  |TAMS 0x00000000e4600000| PB 0x00000000e4600000| Untracked 
|  71|0x00000000e4700000, 0x00000000e4700000, 0x00000000e4800000|  0%| F|  |TAMS 0x00000000e4700000| PB 0x00000000e4700000| Untracked 
|  72|0x00000000e4800000, 0x00000000e4800000, 0x00000000e4900000|  0%| F|  |TAMS 0x00000000e4800000| PB 0x00000000e4800000| Untracked 
|  73|0x00000000e4900000, 0x00000000e4900000, 0x00000000e4a00000|  0%| F|  |TAMS 0x00000000e4900000| PB 0x00000000e4900000| Untracked 
|  74|0x00000000e4a00000, 0x00000000e4a00000, 0x00000000e4b00000|  0%| F|  |TAMS 0x00000000e4a00000| PB 0x00000000e4a00000| Untracked 
|  75|0x00000000e4b00000, 0x00000000e4b00000, 0x00000000e4c00000|  0%| F|  |TAMS 0x00000000e4b00000| PB 0x00000000e4b00000| Untracked 
|  76|0x00000000e4c00000, 0x00000000e4c00000, 0x00000000e4d00000|  0%| F|  |TAMS 0x00000000e4c00000| PB 0x00000000e4c00000| Untracked 
|  77|0x00000000e4d00000, 0x00000000e4d00000, 0x00000000e4e00000|  0%| F|  |TAMS 0x00000000e4d00000| PB 0x00000000e4d00000| Untracked 
|  78|0x00000000e4e00000, 0x00000000e4e00000, 0x00000000e4f00000|  0%| F|  |TAMS 0x00000000e4e00000| PB 0x00000000e4e00000| Untracked 
|  79|0x00000000e4f00000, 0x00000000e4f00000, 0x00000000e5000000|  0%| F|  |TAMS 0x00000000e4f00000| PB 0x00000000e4f00000| Untracked 
|  80|0x00000000e5000000, 0x00000000e5000000, 0x00000000e5100000|  0%| F|  |TAMS 0x00000000e5000000| PB 0x00000000e5000000| Untracked 
|  81|0x00000000e5100000, 0x00000000e5100000, 0x00000000e5200000|  0%| F|  |TAMS 0x00000000e5100000| PB 0x00000000e5100000| Untracked 
|  82|0x00000000e5200000, 0x00000000e5200000, 0x00000000e5300000|  0%| F|  |TAMS 0x00000000e5200000| PB 0x00000000e5200000| Untracked 
|  83|0x00000000e5300000, 0x00000000e5300000, 0x00000000e5400000|  0%| F|  |TAMS 0x00000000e5300000| PB 0x00000000e5300000| Untracked 
|  84|0x00000000e5400000, 0x00000000e5400000, 0x00000000e5500000|  0%| F|  |TAMS 0x00000000e5400000| PB 0x00000000e5400000| Untracked 
|  85|0x00000000e5500000, 0x00000000e5500000, 0x00000000e5600000|  0%| F|  |TAMS 0x00000000e5500000| PB 0x00000000e5500000| Untracked 
|  86|0x00000000e5600000, 0x00000000e5600000, 0x00000000e5700000|  0%| F|  |TAMS 0x00000000e5600000| PB 0x00000000e5600000| Untracked 
|  87|0x00000000e5700000, 0x00000000e5700000, 0x00000000e5800000|  0%| F|  |TAMS 0x00000000e5700000| PB 0x00000000e5700000| Untracked 
|  88|0x00000000e5800000, 0x00000000e5800000, 0x00000000e5900000|  0%| F|  |TAMS 0x00000000e5800000| PB 0x00000000e5800000| Untracked 
|  89|0x00000000e5900000, 0x00000000e5900000, 0x00000000e5a00000|  0%| F|  |TAMS 0x00000000e5900000| PB 0x00000000e5900000| Untracked 
|  90|0x00000000e5a00000, 0x00000000e5a00000, 0x00000000e5b00000|  0%| F|  |TAMS 0x00000000e5a00000| PB 0x00000000e5a00000| Untracked 
|  91|0x00000000e5b00000, 0x00000000e5b00000, 0x00000000e5c00000|  0%| F|  |TAMS 0x00000000e5b00000| PB 0x00000000e5b00000| Untracked 
|  92|0x00000000e5c00000, 0x00000000e5c00000, 0x00000000e5d00000|  0%| F|  |TAMS 0x00000000e5c00000| PB 0x00000000e5c00000| Untracked 
|  93|0x00000000e5d00000, 0x00000000e5d00000, 0x00000000e5e00000|  0%| F|  |TAMS 0x00000000e5d00000| PB 0x00000000e5d00000| Untracked 
|  94|0x00000000e5e00000, 0x00000000e5e00000, 0x00000000e5f00000|  0%| F|  |TAMS 0x00000000e5e00000| PB 0x00000000e5e00000| Untracked 
|  95|0x00000000e5f00000, 0x00000000e5f00000, 0x00000000e6000000|  0%| F|  |TAMS 0x00000000e5f00000| PB 0x00000000e5f00000| Untracked 
|  96|0x00000000e6000000, 0x00000000e6000000, 0x00000000e6100000|  0%| F|  |TAMS 0x00000000e6000000| PB 0x00000000e6000000| Untracked 
|  97|0x00000000e6100000, 0x00000000e6100000, 0x00000000e6200000|  0%| F|  |TAMS 0x00000000e6100000| PB 0x00000000e6100000| Untracked 
|  98|0x00000000e6200000, 0x00000000e6200000, 0x00000000e6300000|  0%| F|  |TAMS 0x00000000e6200000| PB 0x00000000e6200000| Untracked 
|  99|0x00000000e6300000, 0x00000000e6300000, 0x00000000e6400000|  0%| F|  |TAMS 0x00000000e6300000| PB 0x00000000e6300000| Untracked 
| 100|0x00000000e6400000, 0x00000000e6400000, 0x00000000e6500000|  0%| F|  |TAMS 0x00000000e6400000| PB 0x00000000e6400000| Untracked 
| 101|0x00000000e6500000, 0x00000000e6500000, 0x00000000e6600000|  0%| F|  |TAMS 0x00000000e6500000| PB 0x00000000e6500000| Untracked 
| 102|0x00000000e6600000, 0x00000000e6600000, 0x00000000e6700000|  0%| F|  |TAMS 0x00000000e6600000| PB 0x00000000e6600000| Untracked 
| 103|0x00000000e6700000, 0x00000000e6700000, 0x00000000e6800000|  0%| F|  |TAMS 0x00000000e6700000| PB 0x00000000e6700000| Untracked 
| 104|0x00000000e6800000, 0x00000000e6800000, 0x00000000e6900000|  0%| F|  |TAMS 0x00000000e6800000| PB 0x00000000e6800000| Untracked 
| 105|0x00000000e6900000, 0x00000000e6900000, 0x00000000e6a00000|  0%| F|  |TAMS 0x00000000e6900000| PB 0x00000000e6900000| Untracked 
| 106|0x00000000e6a00000, 0x00000000e6a00000, 0x00000000e6b00000|  0%| F|  |TAMS 0x00000000e6a00000| PB 0x00000000e6a00000| Untracked 
| 107|0x00000000e6b00000, 0x00000000e6b00000, 0x00000000e6c00000|  0%| F|  |TAMS 0x00000000e6b00000| PB 0x00000000e6b00000| Untracked 
| 108|0x00000000e6c00000, 0x00000000e6c00000, 0x00000000e6d00000|  0%| F|  |TAMS 0x00000000e6c00000| PB 0x00000000e6c00000| Untracked 
| 109|0x00000000e6d00000, 0x00000000e6d00000, 0x00000000e6e00000|  0%| F|  |TAMS 0x00000000e6d00000| PB 0x00000000e6d00000| Untracked 
| 110|0x00000000e6e00000, 0x00000000e6e00000, 0x00000000e6f00000|  0%| F|  |TAMS 0x00000000e6e00000| PB 0x00000000e6e00000| Untracked 
| 111|0x00000000e6f00000, 0x00000000e6f00000, 0x00000000e7000000|  0%| F|  |TAMS 0x00000000e6f00000| PB 0x00000000e6f00000| Untracked 
| 112|0x00000000e7000000, 0x00000000e7000000, 0x00000000e7100000|  0%| F|  |TAMS 0x00000000e7000000| PB 0x00000000e7000000| Untracked 
| 113|0x00000000e7100000, 0x00000000e7100000, 0x00000000e7200000|  0%| F|  |TAMS 0x00000000e7100000| PB 0x00000000e7100000| Untracked 
| 114|0x00000000e7200000, 0x00000000e7200000, 0x00000000e7300000|  0%| F|  |TAMS 0x00000000e7200000| PB 0x00000000e7200000| Untracked 
| 115|0x00000000e7300000, 0x00000000e7300000, 0x00000000e7400000|  0%| F|  |TAMS 0x00000000e7300000| PB 0x00000000e7300000| Untracked 
| 116|0x00000000e7400000, 0x00000000e7400000, 0x00000000e7500000|  0%| F|  |TAMS 0x00000000e7400000| PB 0x00000000e7400000| Untracked 
| 117|0x00000000e7500000, 0x00000000e7500000, 0x00000000e7600000|  0%| F|  |TAMS 0x00000000e7500000| PB 0x00000000e7500000| Untracked 
| 118|0x00000000e7600000, 0x00000000e7600000, 0x00000000e7700000|  0%| F|  |TAMS 0x00000000e7600000| PB 0x00000000e7600000| Untracked 
| 119|0x00000000e7700000, 0x00000000e7700000, 0x00000000e7800000|  0%| F|  |TAMS 0x00000000e7700000| PB 0x00000000e7700000| Untracked 
| 120|0x00000000e7800000, 0x00000000e7800000, 0x00000000e7900000|  0%| F|  |TAMS 0x00000000e7800000| PB 0x00000000e7800000| Untracked 
| 121|0x00000000e7900000, 0x00000000e7900000, 0x00000000e7a00000|  0%| F|  |TAMS 0x00000000e7900000| PB 0x00000000e7900000| Untracked 
| 122|0x00000000e7a00000, 0x00000000e7a00000, 0x00000000e7b00000|  0%| F|  |TAMS 0x00000000e7a00000| PB 0x00000000e7a00000| Untracked 
| 123|0x00000000e7b00000, 0x00000000e7b00000, 0x00000000e7c00000|  0%| F|  |TAMS 0x00000000e7b00000| PB 0x00000000e7b00000| Untracked 
| 124|0x00000000e7c00000, 0x00000000e7c00000, 0x00000000e7d00000|  0%| F|  |TAMS 0x00000000e7c00000| PB 0x00000000e7c00000| Untracked 
| 125|0x00000000e7d00000, 0x00000000e7d00000, 0x00000000e7e00000|  0%| F|  |TAMS 0x00000000e7d00000| PB 0x00000000e7d00000| Untracked 
| 126|0x00000000e7e00000, 0x00000000e7e00000, 0x00000000e7f00000|  0%| F|  |TAMS 0x00000000e7e00000| PB 0x00000000e7e00000| Untracked 
| 127|0x00000000e7f00000, 0x00000000e7f00000, 0x00000000e8000000|  0%| F|  |TAMS 0x00000000e7f00000| PB 0x00000000e7f00000| Untracked 
| 128|0x00000000e8000000, 0x00000000e8000000, 0x00000000e8100000|  0%| F|  |TAMS 0x00000000e8000000| PB 0x00000000e8000000| Untracked 
| 129|0x00000000e8100000, 0x00000000e8100000, 0x00000000e8200000|  0%| F|  |TAMS 0x00000000e8100000| PB 0x00000000e8100000| Untracked 
| 130|0x00000000e8200000, 0x00000000e8200000, 0x00000000e8300000|  0%| F|  |TAMS 0x00000000e8200000| PB 0x00000000e8200000| Untracked 
| 131|0x00000000e8300000, 0x00000000e8300000, 0x00000000e8400000|  0%| F|  |TAMS 0x00000000e8300000| PB 0x00000000e8300000| Untracked 
| 132|0x00000000e8400000, 0x00000000e8400000, 0x00000000e8500000|  0%| F|  |TAMS 0x00000000e8400000| PB 0x00000000e8400000| Untracked 
| 133|0x00000000e8500000, 0x00000000e8500000, 0x00000000e8600000|  0%| F|  |TAMS 0x00000000e8500000| PB 0x00000000e8500000| Untracked 
| 134|0x00000000e8600000, 0x00000000e8600000, 0x00000000e8700000|  0%| F|  |TAMS 0x00000000e8600000| PB 0x00000000e8600000| Untracked 
| 135|0x00000000e8700000, 0x00000000e8700000, 0x00000000e8800000|  0%| F|  |TAMS 0x00000000e8700000| PB 0x00000000e8700000| Untracked 
| 136|0x00000000e8800000, 0x00000000e8800000, 0x00000000e8900000|  0%| F|  |TAMS 0x00000000e8800000| PB 0x00000000e8800000| Untracked 
| 137|0x00000000e8900000, 0x00000000e8900000, 0x00000000e8a00000|  0%| F|  |TAMS 0x00000000e8900000| PB 0x00000000e8900000| Untracked 
| 138|0x00000000e8a00000, 0x00000000e8a00000, 0x00000000e8b00000|  0%| F|  |TAMS 0x00000000e8a00000| PB 0x00000000e8a00000| Untracked 
| 139|0x00000000e8b00000, 0x00000000e8b00000, 0x00000000e8c00000|  0%| F|  |TAMS 0x00000000e8b00000| PB 0x00000000e8b00000| Untracked 
| 140|0x00000000e8c00000, 0x00000000e8c00000, 0x00000000e8d00000|  0%| F|  |TAMS 0x00000000e8c00000| PB 0x00000000e8c00000| Untracked 
| 141|0x00000000e8d00000, 0x00000000e8d00000, 0x00000000e8e00000|  0%| F|  |TAMS 0x00000000e8d00000| PB 0x00000000e8d00000| Untracked 
| 142|0x00000000e8e00000, 0x00000000e8e00000, 0x00000000e8f00000|  0%| F|  |TAMS 0x00000000e8e00000| PB 0x00000000e8e00000| Untracked 
| 143|0x00000000e8f00000, 0x00000000e8f00000, 0x00000000e9000000|  0%| F|  |TAMS 0x00000000e8f00000| PB 0x00000000e8f00000| Untracked 
| 144|0x00000000e9000000, 0x00000000e9000000, 0x00000000e9100000|  0%| F|  |TAMS 0x00000000e9000000| PB 0x00000000e9000000| Untracked 
| 145|0x00000000e9100000, 0x00000000e9100000, 0x00000000e9200000|  0%| F|  |TAMS 0x00000000e9100000| PB 0x00000000e9100000| Untracked 
| 146|0x00000000e9200000, 0x00000000e9200000, 0x00000000e9300000|  0%| F|  |TAMS 0x00000000e9200000| PB 0x00000000e9200000| Untracked 
| 147|0x00000000e9300000, 0x00000000e9300000, 0x00000000e9400000|  0%| F|  |TAMS 0x00000000e9300000| PB 0x00000000e9300000| Untracked 
| 148|0x00000000e9400000, 0x00000000e9400000, 0x00000000e9500000|  0%| F|  |TAMS 0x00000000e9400000| PB 0x00000000e9400000| Untracked 
| 149|0x00000000e9500000, 0x00000000e9500000, 0x00000000e9600000|  0%| F|  |TAMS 0x00000000e9500000| PB 0x00000000e9500000| Untracked 
| 150|0x00000000e9600000, 0x00000000e9600000, 0x00000000e9700000|  0%| F|  |TAMS 0x00000000e9600000| PB 0x00000000e9600000| Untracked 
| 151|0x00000000e9700000, 0x00000000e9700000, 0x00000000e9800000|  0%| F|  |TAMS 0x00000000e9700000| PB 0x00000000e9700000| Untracked 
| 152|0x00000000e9800000, 0x00000000e9800000, 0x00000000e9900000|  0%| F|  |TAMS 0x00000000e9800000| PB 0x00000000e9800000| Untracked 
| 153|0x00000000e9900000, 0x00000000e9900000, 0x00000000e9a00000|  0%| F|  |TAMS 0x00000000e9900000| PB 0x00000000e9900000| Untracked 
| 154|0x00000000e9a00000, 0x00000000e9a00000, 0x00000000e9b00000|  0%| F|  |TAMS 0x00000000e9a00000| PB 0x00000000e9a00000| Untracked 
| 155|0x00000000e9b00000, 0x00000000e9b00000, 0x00000000e9c00000|  0%| F|  |TAMS 0x00000000e9b00000| PB 0x00000000e9b00000| Untracked 
| 156|0x00000000e9c00000, 0x00000000e9c00000, 0x00000000e9d00000|  0%| F|  |TAMS 0x00000000e9c00000| PB 0x00000000e9c00000| Untracked 
| 157|0x00000000e9d00000, 0x00000000e9d00000, 0x00000000e9e00000|  0%| F|  |TAMS 0x00000000e9d00000| PB 0x00000000e9d00000| Untracked 
| 158|0x00000000e9e00000, 0x00000000e9e00000, 0x00000000e9f00000|  0%| F|  |TAMS 0x00000000e9e00000| PB 0x00000000e9e00000| Untracked 
| 159|0x00000000e9f00000, 0x00000000e9f00000, 0x00000000ea000000|  0%| F|  |TAMS 0x00000000e9f00000| PB 0x00000000e9f00000| Untracked 
| 160|0x00000000ea000000, 0x00000000ea000000, 0x00000000ea100000|  0%| F|  |TAMS 0x00000000ea000000| PB 0x00000000ea000000| Untracked 
| 161|0x00000000ea100000, 0x00000000ea100000, 0x00000000ea200000|  0%| F|  |TAMS 0x00000000ea100000| PB 0x00000000ea100000| Untracked 
| 162|0x00000000ea200000, 0x00000000ea200000, 0x00000000ea300000|  0%| F|  |TAMS 0x00000000ea200000| PB 0x00000000ea200000| Untracked 
| 163|0x00000000ea300000, 0x00000000ea300000, 0x00000000ea400000|  0%| F|  |TAMS 0x00000000ea300000| PB 0x00000000ea300000| Untracked 
| 164|0x00000000ea400000, 0x00000000ea400000, 0x00000000ea500000|  0%| F|  |TAMS 0x00000000ea400000| PB 0x00000000ea400000| Untracked 
| 165|0x00000000ea500000, 0x00000000ea500000, 0x00000000ea600000|  0%| F|  |TAMS 0x00000000ea500000| PB 0x00000000ea500000| Untracked 
| 166|0x00000000ea600000, 0x00000000ea600000, 0x00000000ea700000|  0%| F|  |TAMS 0x00000000ea600000| PB 0x00000000ea600000| Untracked 
| 167|0x00000000ea700000, 0x00000000ea700000, 0x00000000ea800000|  0%| F|  |TAMS 0x00000000ea700000| PB 0x00000000ea700000| Untracked 
| 168|0x00000000ea800000, 0x00000000ea800000, 0x00000000ea900000|  0%| F|  |TAMS 0x00000000ea800000| PB 0x00000000ea800000| Untracked 
| 169|0x00000000ea900000, 0x00000000ea900000, 0x00000000eaa00000|  0%| F|  |TAMS 0x00000000ea900000| PB 0x00000000ea900000| Untracked 
| 170|0x00000000eaa00000, 0x00000000eaa00000, 0x00000000eab00000|  0%| F|  |TAMS 0x00000000eaa00000| PB 0x00000000eaa00000| Untracked 
| 171|0x00000000eab00000, 0x00000000eab00000, 0x00000000eac00000|  0%| F|  |TAMS 0x00000000eab00000| PB 0x00000000eab00000| Untracked 
| 172|0x00000000eac00000, 0x00000000eac00000, 0x00000000ead00000|  0%| F|  |TAMS 0x00000000eac00000| PB 0x00000000eac00000| Untracked 
| 173|0x00000000ead00000, 0x00000000ead00000, 0x00000000eae00000|  0%| F|  |TAMS 0x00000000ead00000| PB 0x00000000ead00000| Untracked 
| 174|0x00000000eae00000, 0x00000000eae00000, 0x00000000eaf00000|  0%| F|  |TAMS 0x00000000eae00000| PB 0x00000000eae00000| Untracked 
| 175|0x00000000eaf00000, 0x00000000eaf00000, 0x00000000eb000000|  0%| F|  |TAMS 0x00000000eaf00000| PB 0x00000000eaf00000| Untracked 
| 176|0x00000000eb000000, 0x00000000eb000000, 0x00000000eb100000|  0%| F|  |TAMS 0x00000000eb000000| PB 0x00000000eb000000| Untracked 
| 177|0x00000000eb100000, 0x00000000eb100000, 0x00000000eb200000|  0%| F|  |TAMS 0x00000000eb100000| PB 0x00000000eb100000| Untracked 
| 178|0x00000000eb200000, 0x00000000eb200000, 0x00000000eb300000|  0%| F|  |TAMS 0x00000000eb200000| PB 0x00000000eb200000| Untracked 
| 179|0x00000000eb300000, 0x00000000eb300000, 0x00000000eb400000|  0%| F|  |TAMS 0x00000000eb300000| PB 0x00000000eb300000| Untracked 
| 180|0x00000000eb400000, 0x00000000eb400000, 0x00000000eb500000|  0%| F|  |TAMS 0x00000000eb400000| PB 0x00000000eb400000| Untracked 
| 181|0x00000000eb500000, 0x00000000eb500000, 0x00000000eb600000|  0%| F|  |TAMS 0x00000000eb500000| PB 0x00000000eb500000| Untracked 
| 182|0x00000000eb600000, 0x00000000eb600000, 0x00000000eb700000|  0%| F|  |TAMS 0x00000000eb600000| PB 0x00000000eb600000| Untracked 
| 183|0x00000000eb700000, 0x00000000eb700000, 0x00000000eb800000|  0%| F|  |TAMS 0x00000000eb700000| PB 0x00000000eb700000| Untracked 
| 184|0x00000000eb800000, 0x00000000eb800000, 0x00000000eb900000|  0%| F|  |TAMS 0x00000000eb800000| PB 0x00000000eb800000| Untracked 
| 185|0x00000000eb900000, 0x00000000eb900000, 0x00000000eba00000|  0%| F|  |TAMS 0x00000000eb900000| PB 0x00000000eb900000| Untracked 
| 186|0x00000000eba00000, 0x00000000eba00000, 0x00000000ebb00000|  0%| F|  |TAMS 0x00000000eba00000| PB 0x00000000eba00000| Untracked 
| 187|0x00000000ebb00000, 0x00000000ebb80000, 0x00000000ebc00000| 50%| E|  |TAMS 0x00000000ebb00000| PB 0x00000000ebb00000| Complete 
| 188|0x00000000ebc00000, 0x00000000ebd00000, 0x00000000ebd00000|100%| E|CS|TAMS 0x00000000ebc00000| PB 0x00000000ebc00000| Complete 
| 189|0x00000000ebd00000, 0x00000000ebe00000, 0x00000000ebe00000|100%| E|CS|TAMS 0x00000000ebd00000| PB 0x00000000ebd00000| Complete 
| 190|0x00000000ebe00000, 0x00000000ebf00000, 0x00000000ebf00000|100%| E|CS|TAMS 0x00000000ebe00000| PB 0x00000000ebe00000| Complete 
| 191|0x00000000ebf00000, 0x00000000ec000000, 0x00000000ec000000|100%| E|CS|TAMS 0x00000000ebf00000| PB 0x00000000ebf00000| Complete 
| 192|0x00000000ec000000, 0x00000000ec100000, 0x00000000ec100000|100%| E|CS|TAMS 0x00000000ec000000| PB 0x00000000ec000000| Complete 
| 193|0x00000000ec100000, 0x00000000ec200000, 0x00000000ec200000|100%| E|CS|TAMS 0x00000000ec100000| PB 0x00000000ec100000| Complete 
| 194|0x00000000ec200000, 0x00000000ec300000, 0x00000000ec300000|100%| E|CS|TAMS 0x00000000ec200000| PB 0x00000000ec200000| Complete 
| 195|0x00000000ec300000, 0x00000000ec400000, 0x00000000ec400000|100%| E|CS|TAMS 0x00000000ec300000| PB 0x00000000ec300000| Complete 
| 196|0x00000000ec400000, 0x00000000ec500000, 0x00000000ec500000|100%| E|CS|TAMS 0x00000000ec400000| PB 0x00000000ec400000| Complete 
| 197|0x00000000ec500000, 0x00000000ec600000, 0x00000000ec600000|100%| E|CS|TAMS 0x00000000ec500000| PB 0x00000000ec500000| Complete 
| 198|0x00000000ec600000, 0x00000000ec700000, 0x00000000ec700000|100%| E|CS|TAMS 0x00000000ec600000| PB 0x00000000ec600000| Complete 
| 199|0x00000000ec700000, 0x00000000ec800000, 0x00000000ec800000|100%| E|CS|TAMS 0x00000000ec700000| PB 0x00000000ec700000| Complete 
| 200|0x00000000ec800000, 0x00000000ec8c58e0, 0x00000000ec900000| 77%| S|CS|TAMS 0x00000000ec800000| PB 0x00000000ec800000| Complete 
| 201|0x00000000ec900000, 0x00000000eca00000, 0x00000000eca00000|100%| S|CS|TAMS 0x00000000ec900000| PB 0x00000000ec900000| Complete 
| 202|0x00000000eca00000, 0x00000000ecb00000, 0x00000000ecb00000|100%| S|CS|TAMS 0x00000000eca00000| PB 0x00000000eca00000| Complete 
| 203|0x00000000ecb00000, 0x00000000ecc00000, 0x00000000ecc00000|100%| S|CS|TAMS 0x00000000ecb00000| PB 0x00000000ecb00000| Complete 
| 204|0x00000000ecc00000, 0x00000000ecd00000, 0x00000000ecd00000|100%| S|CS|TAMS 0x00000000ecc00000| PB 0x00000000ecc00000| Complete 
| 205|0x00000000ecd00000, 0x00000000ece00000, 0x00000000ece00000|100%| E|CS|TAMS 0x00000000ecd00000| PB 0x00000000ecd00000| Complete 
| 206|0x00000000ece00000, 0x00000000ecf00000, 0x00000000ecf00000|100%| E|CS|TAMS 0x00000000ece00000| PB 0x00000000ece00000| Complete 
| 207|0x00000000ecf00000, 0x00000000ed000000, 0x00000000ed000000|100%| E|CS|TAMS 0x00000000ecf00000| PB 0x00000000ecf00000| Complete 
| 208|0x00000000ed000000, 0x00000000ed100000, 0x00000000ed100000|100%| E|CS|TAMS 0x00000000ed000000| PB 0x00000000ed000000| Complete 
| 209|0x00000000ed100000, 0x00000000ed200000, 0x00000000ed200000|100%| E|CS|TAMS 0x00000000ed100000| PB 0x00000000ed100000| Complete 
| 210|0x00000000ed200000, 0x00000000ed300000, 0x00000000ed300000|100%| E|CS|TAMS 0x00000000ed200000| PB 0x00000000ed200000| Complete 
| 211|0x00000000ed300000, 0x00000000ed400000, 0x00000000ed400000|100%| E|CS|TAMS 0x00000000ed300000| PB 0x00000000ed300000| Complete 
| 212|0x00000000ed400000, 0x00000000ed500000, 0x00000000ed500000|100%| E|CS|TAMS 0x00000000ed400000| PB 0x00000000ed400000| Complete 
| 213|0x00000000ed500000, 0x00000000ed600000, 0x00000000ed600000|100%| E|CS|TAMS 0x00000000ed500000| PB 0x00000000ed500000| Complete 
| 214|0x00000000ed600000, 0x00000000ed700000, 0x00000000ed700000|100%| E|CS|TAMS 0x00000000ed600000| PB 0x00000000ed600000| Complete 
| 215|0x00000000ed700000, 0x00000000ed800000, 0x00000000ed800000|100%| E|CS|TAMS 0x00000000ed700000| PB 0x00000000ed700000| Complete 
| 216|0x00000000ed800000, 0x00000000ed900000, 0x00000000ed900000|100%| E|CS|TAMS 0x00000000ed800000| PB 0x00000000ed800000| Complete 
| 217|0x00000000ed900000, 0x00000000eda00000, 0x00000000eda00000|100%| E|CS|TAMS 0x00000000ed900000| PB 0x00000000ed900000| Complete 
| 218|0x00000000eda00000, 0x00000000edb00000, 0x00000000edb00000|100%| E|CS|TAMS 0x00000000eda00000| PB 0x00000000eda00000| Complete 
| 219|0x00000000edb00000, 0x00000000edc00000, 0x00000000edc00000|100%| E|CS|TAMS 0x00000000edb00000| PB 0x00000000edb00000| Complete 
| 220|0x00000000edc00000, 0x00000000edd00000, 0x00000000edd00000|100%| E|CS|TAMS 0x00000000edc00000| PB 0x00000000edc00000| Complete 
| 221|0x00000000edd00000, 0x00000000ede00000, 0x00000000ede00000|100%| E|CS|TAMS 0x00000000edd00000| PB 0x00000000edd00000| Complete 
| 222|0x00000000ede00000, 0x00000000edf00000, 0x00000000edf00000|100%| E|CS|TAMS 0x00000000ede00000| PB 0x00000000ede00000| Complete 
| 223|0x00000000edf00000, 0x00000000ee000000, 0x00000000ee000000|100%| E|CS|TAMS 0x00000000edf00000| PB 0x00000000edf00000| Complete 
| 224|0x00000000ee000000, 0x00000000ee100000, 0x00000000ee100000|100%| E|CS|TAMS 0x00000000ee000000| PB 0x00000000ee000000| Complete 
| 225|0x00000000ee100000, 0x00000000ee200000, 0x00000000ee200000|100%| E|CS|TAMS 0x00000000ee100000| PB 0x00000000ee100000| Complete 
| 226|0x00000000ee200000, 0x00000000ee300000, 0x00000000ee300000|100%| E|CS|TAMS 0x00000000ee200000| PB 0x00000000ee200000| Complete 
| 227|0x00000000ee300000, 0x00000000ee400000, 0x00000000ee400000|100%| E|CS|TAMS 0x00000000ee300000| PB 0x00000000ee300000| Complete 
| 228|0x00000000ee400000, 0x00000000ee500000, 0x00000000ee500000|100%| E|CS|TAMS 0x00000000ee400000| PB 0x00000000ee400000| Complete 
| 229|0x00000000ee500000, 0x00000000ee600000, 0x00000000ee600000|100%| E|CS|TAMS 0x00000000ee500000| PB 0x00000000ee500000| Complete 
| 230|0x00000000ee600000, 0x00000000ee700000, 0x00000000ee700000|100%| E|CS|TAMS 0x00000000ee600000| PB 0x00000000ee600000| Complete 
| 231|0x00000000ee700000, 0x00000000ee800000, 0x00000000ee800000|100%| E|CS|TAMS 0x00000000ee700000| PB 0x00000000ee700000| Complete 
| 232|0x00000000ee800000, 0x00000000ee900000, 0x00000000ee900000|100%| E|CS|TAMS 0x00000000ee800000| PB 0x00000000ee800000| Complete 
| 233|0x00000000ee900000, 0x00000000eea00000, 0x00000000eea00000|100%| E|CS|TAMS 0x00000000ee900000| PB 0x00000000ee900000| Complete 
| 234|0x00000000eea00000, 0x00000000eeb00000, 0x00000000eeb00000|100%| E|CS|TAMS 0x00000000eea00000| PB 0x00000000eea00000| Complete 
| 235|0x00000000eeb00000, 0x00000000eec00000, 0x00000000eec00000|100%| E|CS|TAMS 0x00000000eeb00000| PB 0x00000000eeb00000| Complete 
| 236|0x00000000eec00000, 0x00000000eed00000, 0x00000000eed00000|100%| E|CS|TAMS 0x00000000eec00000| PB 0x00000000eec00000| Complete 
| 237|0x00000000eed00000, 0x00000000eee00000, 0x00000000eee00000|100%| E|CS|TAMS 0x00000000eed00000| PB 0x00000000eed00000| Complete 
| 238|0x00000000eee00000, 0x00000000eef00000, 0x00000000eef00000|100%| E|CS|TAMS 0x00000000eee00000| PB 0x00000000eee00000| Complete 
| 239|0x00000000eef00000, 0x00000000ef000000, 0x00000000ef000000|100%| E|CS|TAMS 0x00000000eef00000| PB 0x00000000eef00000| Complete 
| 240|0x00000000ef000000, 0x00000000ef100000, 0x00000000ef100000|100%| E|CS|TAMS 0x00000000ef000000| PB 0x00000000ef000000| Complete 
| 241|0x00000000ef100000, 0x00000000ef200000, 0x00000000ef200000|100%| E|CS|TAMS 0x00000000ef100000| PB 0x00000000ef100000| Complete 
| 242|0x00000000ef200000, 0x00000000ef300000, 0x00000000ef300000|100%| E|CS|TAMS 0x00000000ef200000| PB 0x00000000ef200000| Complete 
| 243|0x00000000ef300000, 0x00000000ef400000, 0x00000000ef400000|100%| E|CS|TAMS 0x00000000ef300000| PB 0x00000000ef300000| Complete 
| 244|0x00000000ef400000, 0x00000000ef500000, 0x00000000ef500000|100%| E|CS|TAMS 0x00000000ef400000| PB 0x00000000ef400000| Complete 
| 245|0x00000000ef500000, 0x00000000ef600000, 0x00000000ef600000|100%| E|CS|TAMS 0x00000000ef500000| PB 0x00000000ef500000| Complete 
| 246|0x00000000ef600000, 0x00000000ef700000, 0x00000000ef700000|100%| E|CS|TAMS 0x00000000ef600000| PB 0x00000000ef600000| Complete 
| 247|0x00000000ef700000, 0x00000000ef800000, 0x00000000ef800000|100%| E|CS|TAMS 0x00000000ef700000| PB 0x00000000ef700000| Complete 
| 248|0x00000000ef800000, 0x00000000ef900000, 0x00000000ef900000|100%| E|CS|TAMS 0x00000000ef800000| PB 0x00000000ef800000| Complete 
| 249|0x00000000ef900000, 0x00000000efa00000, 0x00000000efa00000|100%| E|CS|TAMS 0x00000000ef900000| PB 0x00000000ef900000| Complete 
| 250|0x00000000efa00000, 0x00000000efb00000, 0x00000000efb00000|100%| E|CS|TAMS 0x00000000efa00000| PB 0x00000000efa00000| Complete 
| 251|0x00000000efb00000, 0x00000000efc00000, 0x00000000efc00000|100%| E|CS|TAMS 0x00000000efb00000| PB 0x00000000efb00000| Complete 
| 252|0x00000000efc00000, 0x00000000efd00000, 0x00000000efd00000|100%| E|CS|TAMS 0x00000000efc00000| PB 0x00000000efc00000| Complete 
| 253|0x00000000efd00000, 0x00000000efe00000, 0x00000000efe00000|100%| E|CS|TAMS 0x00000000efd00000| PB 0x00000000efd00000| Complete 
| 254|0x00000000efe00000, 0x00000000eff00000, 0x00000000eff00000|100%| E|CS|TAMS 0x00000000efe00000| PB 0x00000000efe00000| Complete 
| 255|0x00000000eff00000, 0x00000000f0000000, 0x00000000f0000000|100%| E|CS|TAMS 0x00000000eff00000| PB 0x00000000eff00000| Complete 

Card table byte_map: [0x0000015c563e0000,0x0000015c564e0000] _byte_map_base: 0x0000015c55ce0000

Marking Bits: (CMBitMap*) 0x0000015c3e6d7d80
 Bits: [0x0000015c564e0000, 0x0000015c56ce0000)

Polling page: 0x0000015c3c510000

Metaspace:

Usage:
  Non-class:     15.16 MB used.
      Class:      2.43 MB used.
       Both:     17.58 MB used.

Virtual space:
  Non-class space:       64.00 MB reserved,      15.44 MB ( 24%) committed,  1 nodes.
      Class space:      320.00 MB reserved,       2.69 MB ( <1%) committed,  1 nodes.
             Both:      384.00 MB reserved,      18.12 MB (  5%) committed. 

Chunk freelists:
   Non-Class:  352.00 KB
       Class:  13.12 MB
        Both:  13.47 MB

MaxMetaspaceSize: 384.00 MB
CompressedClassSpaceSize: 320.00 MB
Initial GC threshold: 21.00 MB
Current GC threshold: 21.00 MB
CDS: on
 - commit_granule_bytes: 65536.
 - commit_granule_words: 8192.
 - virtual_space_node_default_size: 8388608.
 - enlarge_chunks_in_place: 1.
 - use_allocation_guard: 0.


Internal statistics:

num_allocs_failed_limit: 0.
num_arena_births: 716.
num_arena_deaths: 0.
num_vsnodes_births: 2.
num_vsnodes_deaths: 0.
num_space_committed: 290.
num_space_uncommitted: 0.
num_chunks_returned_to_freelist: 0.
num_chunks_taken_from_freelist: 1341.
num_chunk_merges: 0.
num_chunk_splits: 878.
num_chunks_enlarged: 599.
num_inconsistent_stats: 0.

CodeHeap 'non-profiled nmethods': size=120000Kb used=1348Kb max_used=1348Kb free=118651Kb
 bounds [0x0000015c4e860000, 0x0000015c4ead0000, 0x0000015c55d90000]
CodeHeap 'profiled nmethods': size=120000Kb used=5569Kb max_used=5569Kb free=114430Kb
 bounds [0x0000015c46d90000, 0x0000015c47310000, 0x0000015c4e2c0000]
CodeHeap 'non-nmethods': size=5760Kb used=1502Kb max_used=1508Kb free=4257Kb
 bounds [0x0000015c4e2c0000, 0x0000015c4e530000, 0x0000015c4e860000]
 total_blobs=3406 nmethods=2831 adapters=479
 compilation: enabled
              stopped_count=0, restarted_count=0
 full_count=0

Compilation events (20 events):
Event: 3.396 Thread 0x0000015c599e0e70 nmethod 2770 0x0000015c4e9ad410 code [0x0000015c4e9ad5c0, 0x0000015c4e9ada80]
Event: 3.396 Thread 0x0000015c599e0e70 2753       4       sun.invoke.util.VerifyType::isNullConversion (157 bytes)
Event: 3.401 Thread 0x0000015c599e0e70 nmethod 2753 0x0000015c4e9add10 code [0x0000015c4e9adf40, 0x0000015c4e9ae3a0]
Event: 3.406 Thread 0x0000015c599e0e70 2815       4       java.lang.Class::getPackageName (81 bytes)
Event: 3.421 Thread 0x0000015c599e0e70 nmethod 2815 0x0000015c4e9ae810 code [0x0000015c4e9aea20, 0x0000015c4e9af408]
Event: 3.421 Thread 0x0000015c599e0e70 2817       4       java.lang.Integer::numberOfLeadingZeros (79 bytes)
Event: 3.422 Thread 0x0000015c599e0e70 nmethod 2817 0x0000015c4e9af890 code [0x0000015c4e9afa00, 0x0000015c4e9afac0]
Event: 3.422 Thread 0x0000015c599e0e70 2816       4       java.lang.ClassNotFoundException::<init> (7 bytes)
Event: 3.427 Thread 0x0000015c599e0e70 nmethod 2816 0x0000015c4e9afb90 code [0x0000015c4e9afd60, 0x0000015c4e9b04c0]
Event: 3.427 Thread 0x0000015c599e0e70 2818       4       java.lang.invoke.MethodType::methodType (69 bytes)
Event: 3.584 Thread 0x0000015c599e07a0 2820       3       jdk.internal.misc.Unsafe::weakCompareAndSetInt (11 bytes)
Event: 3.584 Thread 0x0000015c599e07a0 nmethod 2820 0x0000015c472fb890 code [0x0000015c472fba20, 0x0000015c472fbb48]
Event: 4.185 Thread 0x0000015c599e07a0 2821       3       java.util.HashMap::put (13 bytes)
Event: 4.185 Thread 0x0000015c599e07a0 nmethod 2821 0x0000015c472fbc10 code [0x0000015c472fbde0, 0x0000015c472fc0e8]
Event: 4.185 Thread 0x0000015c599e07a0 2822       3       java.util.stream.StreamOpFlag::combineOpFlags (9 bytes)
Event: 4.185 Thread 0x0000015c599e07a0 nmethod 2822 0x0000015c472fc210 code [0x0000015c472fc3c0, 0x0000015c472fc570]
Event: 4.185 Thread 0x0000015c599e07a0 2823       3       java.util.stream.StreamOpFlag::getMask (30 bytes)
Event: 4.185 Thread 0x0000015c599e07a0 nmethod 2823 0x0000015c472fc610 code [0x0000015c472fc7c0, 0x0000015c472fc930]
Event: 4.310 Thread 0x0000015c599e07a0 2824       3       java.util.concurrent.TimeUnit::toNanos (45 bytes)
Event: 4.311 Thread 0x0000015c599e07a0 nmethod 2824 0x0000015c472fc990 code [0x0000015c472fcb40, 0x0000015c472fcd90]

GC Heap History (6 events):
Event: 0.675 GC heap before
{Heap before GC invocations=0 (full 0):
 garbage-first heap   total 262144K, used 23552K [0x00000000e0000000, 0x0000000100000000)
  region size 1024K, 23 young (23552K), 0 survivors (0K)
 Metaspace       used 1066K, committed 1216K, reserved 393216K
  class space    used 77K, committed 128K, reserved 327680K
}
Event: 0.683 GC heap after
{Heap after GC invocations=1 (full 0):
 garbage-first heap   total 262144K, used 3165K [0x00000000e0000000, 0x0000000100000000)
  region size 1024K, 3 young (3072K), 3 survivors (3072K)
 Metaspace       used 1066K, committed 1216K, reserved 393216K
  class space    used 77K, committed 128K, reserved 327680K
}
Event: 1.374 GC heap before
{Heap before GC invocations=1 (full 0):
 garbage-first heap   total 262144K, used 40029K [0x00000000e0000000, 0x0000000100000000)
  region size 1024K, 37 young (37888K), 3 survivors (3072K)
 Metaspace       used 4398K, committed 4608K, reserved 393216K
  class space    used 537K, committed 640K, reserved 327680K
}
Event: 1.380 GC heap after
{Heap after GC invocations=2 (full 0):
 garbage-first heap   total 262144K, used 11288K [0x00000000e0000000, 0x0000000100000000)
  region size 1024K, 5 young (5120K), 5 survivors (5120K)
 Metaspace       used 4398K, committed 4608K, reserved 393216K
  class space    used 537K, committed 640K, reserved 327680K
}
Event: 1.968 GC heap before
{Heap before GC invocations=2 (full 0):
 garbage-first heap   total 262144K, used 60440K [0x00000000e0000000, 0x0000000100000000)
  region size 1024K, 51 young (52224K), 5 survivors (5120K)
 Metaspace       used 5411K, committed 5632K, reserved 393216K
  class space    used 707K, committed 832K, reserved 327680K
}
Event: 1.974 GC heap after
{Heap after GC invocations=3 (full 0):
 garbage-first heap   total 262144K, used 16781K [0x00000000e0000000, 0x0000000100000000)
  region size 1024K, 5 young (5120K), 5 survivors (5120K)
 Metaspace       used 5411K, committed 5632K, reserved 393216K
  class space    used 707K, committed 832K, reserved 327680K
}

Dll operation events (15 events):
Event: 0.009 Loaded shared library C:\Users\Zemich\.jdks\corretto-21.0.6\bin\java.dll
Event: 0.049 Loaded shared library C:\Users\Zemich\.jdks\corretto-21.0.6\bin\jsvml.dll
Event: 0.122 Loaded shared library C:\Users\Zemich\.jdks\corretto-21.0.6\bin\zip.dll
Event: 0.127 Loaded shared library C:\Users\Zemich\.jdks\corretto-21.0.6\bin\instrument.dll
Event: 0.133 Loaded shared library C:\Users\Zemich\.jdks\corretto-21.0.6\bin\net.dll
Event: 0.135 Loaded shared library C:\Users\Zemich\.jdks\corretto-21.0.6\bin\nio.dll
Event: 0.139 Loaded shared library C:\Users\Zemich\.jdks\corretto-21.0.6\bin\zip.dll
Event: 0.543 Loaded shared library C:\Users\Zemich\.jdks\corretto-21.0.6\bin\jimage.dll
Event: 0.761 Loaded shared library C:\Users\Zemich\.jdks\corretto-21.0.6\bin\verify.dll
Event: 0.926 Loaded shared library C:\gradle-8.12-bin\gradle-8.12\native\1def1411415f61bf3af743bc5b6707747c0891f09f0c88961ee8f79bc544acac\windows-amd64\native-platform.dll
Event: 0.939 Loaded shared library C:\gradle-8.12-bin\gradle-8.12\native\0.2.6\x86_64-windows-gnu\gradle-fileevents.dll
Event: 2.130 Loaded shared library C:\Users\Zemich\.jdks\corretto-21.0.6\bin\management.dll
Event: 2.133 Loaded shared library C:\Users\Zemich\.jdks\corretto-21.0.6\bin\management_ext.dll
Event: 2.268 Loaded shared library C:\Users\Zemich\.jdks\corretto-21.0.6\bin\extnet.dll
Event: 2.540 Loaded shared library C:\Users\Zemich\.jdks\corretto-21.0.6\bin\sunmscapi.dll

Deoptimization events (20 events):
Event: 2.966 Thread 0x0000015c74a47e20 DEOPT PACKING pc=0x0000015c4e9845ac sp=0x00000049930fcfb0
Event: 2.966 Thread 0x0000015c74a47e20 DEOPT UNPACKING pc=0x0000015c4e3146a2 sp=0x00000049930fcf78 mode 2
Event: 3.081 Thread 0x0000015c74a47790 Uncommon trap: trap_request=0xffffff45 fr.pc=0x0000015c4e95289c relative=0x000000000000017c
Event: 3.081 Thread 0x0000015c74a47790 Uncommon trap: reason=unstable_if action=reinterpret pc=0x0000015c4e95289c method=java.util.concurrent.locks.ReentrantLock$NonfairSync.initialTryLock()Z @ 25 c2
Event: 3.081 Thread 0x0000015c74a47790 DEOPT PACKING pc=0x0000015c4e95289c sp=0x00000049935ff280
Event: 3.081 Thread 0x0000015c74a47790 DEOPT UNPACKING pc=0x0000015c4e3146a2 sp=0x00000049935ff220 mode 2
Event: 3.182 Thread 0x0000015c74a47e20 Uncommon trap: trap_request=0xffffff45 fr.pc=0x0000015c4e886b9c relative=0x0000000000000d1c
Event: 3.182 Thread 0x0000015c74a47e20 Uncommon trap: reason=unstable_if action=reinterpret pc=0x0000015c4e886b9c method=java.io.WinNTFileSystem.resolve(Ljava/lang/String;Ljava/lang/String;)Ljava/lang/String; @ 19 c2
Event: 3.182 Thread 0x0000015c74a47e20 DEOPT PACKING pc=0x0000015c4e886b9c sp=0x00000049930fb2e0
Event: 3.182 Thread 0x0000015c74a47e20 DEOPT UNPACKING pc=0x0000015c4e3146a2 sp=0x00000049930fb278 mode 2
Event: 3.184 Thread 0x0000015c74a47e20 Uncommon trap: trap_request=0xffffff45 fr.pc=0x0000015c4e8f2790 relative=0x0000000000000630
Event: 3.184 Thread 0x0000015c74a47e20 Uncommon trap: reason=unstable_if action=reinterpret pc=0x0000015c4e8f2790 method=java.io.File.getName()Ljava/lang/String; @ 16 c2
Event: 3.184 Thread 0x0000015c74a47e20 DEOPT PACKING pc=0x0000015c4e8f2790 sp=0x00000049930fb2a0
Event: 3.184 Thread 0x0000015c74a47e20 DEOPT UNPACKING pc=0x0000015c4e3146a2 sp=0x00000049930fb270 mode 2
Event: 3.242 Thread 0x0000015c74a47e20 DEOPT PACKING pc=0x0000015c47285ae1 sp=0x00000049930fa660
Event: 3.242 Thread 0x0000015c74a47e20 DEOPT UNPACKING pc=0x0000015c4e314e42 sp=0x00000049930f9b70 mode 0
Event: 3.249 Thread 0x0000015c74a47e20 Uncommon trap: trap_request=0xffffff45 fr.pc=0x0000015c4e88ce14 relative=0x00000000000000f4
Event: 3.249 Thread 0x0000015c74a47e20 Uncommon trap: reason=unstable_if action=reinterpret pc=0x0000015c4e88ce14 method=java.util.HashMap.hash(Ljava/lang/Object;)I @ 1 c2
Event: 3.249 Thread 0x0000015c74a47e20 DEOPT PACKING pc=0x0000015c4e88ce14 sp=0x00000049930fc300
Event: 3.249 Thread 0x0000015c74a47e20 DEOPT UNPACKING pc=0x0000015c4e3146a2 sp=0x00000049930fc240 mode 2

Classes loaded (20 events):
Event: 3.335 Loading class java/lang/invoke/BoundMethodHandle$Species_LLLLLLLLLLLLLLLL
Event: 3.335 Loading class java/lang/invoke/BoundMethodHandle$Species_LLLLLLLLLLLLLLLL done
Event: 3.338 Loading class java/lang/invoke/BoundMethodHandle$Species_LLLLLLLLLLLLLLLLL
Event: 3.338 Loading class java/lang/invoke/BoundMethodHandle$Species_LLLLLLLLLLLLLLLLL done
Event: 3.341 Loading class java/lang/invoke/BoundMethodHandle$Species_LLLLLLLLLLLLLLLLLL
Event: 3.341 Loading class java/lang/invoke/BoundMethodHandle$Species_LLLLLLLLLLLLLLLLLL done
Event: 3.344 Loading class java/lang/invoke/BoundMethodHandle$Species_LLLLLLLLLLLLLLLLLLL
Event: 3.344 Loading class java/lang/invoke/BoundMethodHandle$Species_LLLLLLLLLLLLLLLLLLL done
Event: 3.346 Loading class java/lang/invoke/BoundMethodHandle$Species_LLLLLLLLLLLLLLLLLLLL
Event: 3.346 Loading class java/lang/invoke/BoundMethodHandle$Species_LLLLLLLLLLLLLLLLLLLL done
Event: 3.350 Loading class java/lang/invoke/BoundMethodHandle$Species_LLLLLLLLLLLLLLLLLLLLL
Event: 3.350 Loading class java/lang/invoke/BoundMethodHandle$Species_LLLLLLLLLLLLLLLLLLLLL done
Event: 3.354 Loading class java/lang/invoke/BoundMethodHandle$Species_LLLLLLLLLLLLLLLLLLLLLL
Event: 3.354 Loading class java/lang/invoke/BoundMethodHandle$Species_LLLLLLLLLLLLLLLLLLLLLL done
Event: 3.357 Loading class java/lang/invoke/BoundMethodHandle$Species_LLLLLLLLLLLLLLLLLLLLLLL
Event: 3.357 Loading class java/lang/invoke/BoundMethodHandle$Species_LLLLLLLLLLLLLLLLLLLLLLL done
Event: 3.359 Loading class java/lang/invoke/BoundMethodHandle$Species_LLLLLLLLLLLLLLLLLLLLLLLL
Event: 3.359 Loading class java/lang/invoke/BoundMethodHandle$Species_LLLLLLLLLLLLLLLLLLLLLLLL done
Event: 3.405 Loading class java/util/Collections$2
Event: 3.405 Loading class java/util/Collections$2 done

Classes unloaded (0 events):
No events

Classes redefined (0 events):
No events

Internal exceptions (20 events):
Event: 3.075 Thread 0x0000015c74a47e20 Exception <a 'java/lang/NoSuchMethodError'{0x00000000ed3d8cf8}: 'java.lang.Object java.lang.invoke.DirectMethodHandle$Holder.newInvokeSpecial(java.lang.Object, java.lang.Object, int)'> (0x00000000ed3d8cf8) 
thrown [s\src\hotspot\share\interpreter\linkResolver.cpp, line 773]
Event: 3.163 Thread 0x0000015c74a47e20 Exception <a 'java/lang/NoSuchMethodError'{0x00000000ece66ed8}: 'java.lang.Object java.lang.invoke.DirectMethodHandle$Holder.invokeVirtual(java.lang.Object, java.lang.Object, java.lang.Object, java.lang.Object, java.lang.Object, java.lang.Object, java.lang.Object, java.lang.Object)'> (0x00000000ece66ed8) 
thrown [s\src\hotspot\share\interpreter\linkResolver.cpp, line 773]
Event: 3.221 Thread 0x0000015c74a47e20 Exception <a 'java/lang/NoSuchMethodError'{0x00000000ec7d9d20}: 'int java.lang.invoke.DirectMethodHandle$Holder.invokeSpecialIFC(java.lang.Object, java.lang.Object, java.lang.Object, java.lang.Object)'> (0x00000000ec7d9d20) 
thrown [s\src\hotspot\share\interpreter\linkResolver.cpp, line 773]
Event: 3.223 Thread 0x0000015c74a47e20 Exception <a 'java/lang/NoSuchMethodError'{0x00000000ec7e7568}: 'java.lang.Object java.lang.invoke.DirectMethodHandle$Holder.invokeInterface(java.lang.Object, java.lang.Object, java.lang.Object)'> (0x00000000ec7e7568) 
thrown [s\src\hotspot\share\interpreter\linkResolver.cpp, line 773]
Event: 3.223 Thread 0x0000015c74a47e20 Exception <a 'java/lang/IncompatibleClassChangeError'{0x00000000ec7eb180}: Found class java.lang.Object, but interface was expected> (0x00000000ec7eb180) 
thrown [s\src\hotspot\share\interpreter\linkResolver.cpp, line 840]
Event: 3.249 Thread 0x0000015c74a47e20 Implicit null exception at 0x0000015c4e88cd66 to 0x0000015c4e88ce0a
Event: 3.269 Thread 0x0000015c74a47e20 Exception <a 'java/lang/NoSuchMethodError'{0x00000000ec5e8eb0}: 'int java.lang.invoke.DirectMethodHandle$Holder.invokeStatic(java.lang.Object, java.lang.Object, java.lang.Object, java.lang.Object)'> (0x00000000ec5e8eb0) 
thrown [s\src\hotspot\share\interpreter\linkResolver.cpp, line 773]
Event: 3.327 Thread 0x0000015c74a47e20 Exception <a 'java/lang/NoSuchMethodError'{0x00000000ec25cd20}: 'java.lang.Object java.lang.invoke.DelegatingMethodHandle$Holder.reinvoke_L(java.lang.Object, java.lang.Object, java.lang.Object, java.lang.Object, java.lang.Object, java.lang.Object, java.lang.Object, java.lang.Object, java.lang.Object, java.lang.Object, java.lang.Object, java.lang.Object, java.lang.Object, java.lang.Object, java.lang.Object, java.lang.Object, java.lang.Object, java.lang.Object, java.lang.Object, java.lang.Object, java.lang.O
Event: 3.331 Thread 0x0000015c74a47e20 Exception <a 'java/lang/NoSuchMethodError'{0x00000000ec2cc148}: 'java.lang.Object java.lang.invoke.DirectMethodHandle$Holder.invokeStatic(java.lang.Object, java.lang.Object, java.lang.Object, java.lang.Object, java.lang.Object, java.lang.Object, java.lang.Object, java.lang.Object, java.lang.Object, java.lang.Object, java.lang.Object, java.lang.Object, java.lang.Object, java.lang.Object, java.lang.Object, java.lang.Object, java.lang.Object)'> (0x00000000ec2cc148) 
thrown [s\src\hotspot\share\interpreter\lin
Event: 3.334 Thread 0x0000015c74a47e20 Exception <a 'java/lang/NoSuchMethodError'{0x00000000ec2f4f10}: 'java.lang.Object java.lang.invoke.DirectMethodHandle$Holder.invokeStatic(java.lang.Object, java.lang.Object, java.lang.Object, java.lang.Object, java.lang.Object, java.lang.Object, java.lang.Object, java.lang.Object, java.lang.Object, java.lang.Object, java.lang.Object, java.lang.Object, java.lang.Object, java.lang.Object, java.lang.Object, java.lang.Object, java.lang.Object, java.lang.Object)'> (0x00000000ec2f4f10) 
thrown [s\src\hotspot\sha
Event: 3.337 Thread 0x0000015c74a47e20 Exception <a 'java/lang/NoSuchMethodError'{0x00000000ec11f398}: 'java.lang.Object java.lang.invoke.DirectMethodHandle$Holder.invokeStatic(java.lang.Object, java.lang.Object, java.lang.Object, java.lang.Object, java.lang.Object, java.lang.Object, java.lang.Object, java.lang.Object, java.lang.Object, java.lang.Object, java.lang.Object, java.lang.Object, java.lang.Object, java.lang.Object, java.lang.Object, java.lang.Object, java.lang.Object, java.lang.Object, java.lang.Object)'> (0x00000000ec11f398) 
thrown 
Event: 3.340 Thread 0x0000015c74a47e20 Exception <a 'java/lang/NoSuchMethodError'{0x00000000ec14aa20}: 'java.lang.Object java.lang.invoke.DirectMethodHandle$Holder.invokeStatic(java.lang.Object, java.lang.Object, java.lang.Object, java.lang.Object, java.lang.Object, java.lang.Object, java.lang.Object, java.lang.Object, java.lang.Object, java.lang.Object, java.lang.Object, java.lang.Object, java.lang.Object, java.lang.Object, java.lang.Object, java.lang.Object, java.lang.Object, java.lang.Object, java.lang.Object, java.lang.Object)'> (0x00000000
Event: 3.342 Thread 0x0000015c74a47e20 Exception <a 'java/lang/NoSuchMethodError'{0x00000000ec1772d0}: 'java.lang.Object java.lang.invoke.DirectMethodHandle$Holder.invokeStatic(java.lang.Object, java.lang.Object, java.lang.Object, java.lang.Object, java.lang.Object, java.lang.Object, java.lang.Object, java.lang.Object, java.lang.Object, java.lang.Object, java.lang.Object, java.lang.Object, java.lang.Object, java.lang.Object, java.lang.Object, java.lang.Object, java.lang.Object, java.lang.Object, java.lang.Object, java.lang.Object, java.lang.Obj
Event: 3.345 Thread 0x0000015c74a47e20 Exception <a 'java/lang/NoSuchMethodError'{0x00000000ec1a5000}: 'java.lang.Object java.lang.invoke.DirectMethodHandle$Holder.invokeStatic(java.lang.Object, java.lang.Object, java.lang.Object, java.lang.Object, java.lang.Object, java.lang.Object, java.lang.Object, java.lang.Object, java.lang.Object, java.lang.Object, java.lang.Object, java.lang.Object, java.lang.Object, java.lang.Object, java.lang.Object, java.lang.Object, java.lang.Object, java.lang.Object, java.lang.Object, java.lang.Object, java.lang.Obj
Event: 3.347 Thread 0x0000015c74a47e20 Exception <a 'java/lang/NoSuchMethodError'{0x00000000ec1d3b70}: 'java.lang.Object java.lang.invoke.DirectMethodHandle$Holder.invokeStatic(java.lang.Object, java.lang.Object, java.lang.Object, java.lang.Object, java.lang.Object, java.lang.Object, java.lang.Object, java.lang.Object, java.lang.Object, java.lang.Object, java.lang.Object, java.lang.Object, java.lang.Object, java.lang.Object, java.lang.Object, java.lang.Object, java.lang.Object, java.lang.Object, java.lang.Object, java.lang.Object, java.lang.Obj
Event: 3.352 Thread 0x0000015c74a47e20 Exception <a 'java/lang/NoSuchMethodError'{0x00000000ec004570}: 'java.lang.Object java.lang.invoke.DirectMethodHandle$Holder.invokeStatic(java.lang.Object, java.lang.Object, java.lang.Object, java.lang.Object, java.lang.Object, java.lang.Object, java.lang.Object, java.lang.Object, java.lang.Object, java.lang.Object, java.lang.Object, java.lang.Object, java.lang.Object, java.lang.Object, java.lang.Object, java.lang.Object, java.lang.Object, java.lang.Object, java.lang.Object, java.lang.Object, java.lang.Obj
Event: 3.355 Thread 0x0000015c74a47e20 Exception <a 'java/lang/NoSuchMethodError'{0x00000000ec034cb8}: 'java.lang.Object java.lang.invoke.DirectMethodHandle$Holder.invokeStatic(java.lang.Object, java.lang.Object, java.lang.Object, java.lang.Object, java.lang.Object, java.lang.Object, java.lang.Object, java.lang.Object, java.lang.Object, java.lang.Object, java.lang.Object, java.lang.Object, java.lang.Object, java.lang.Object, java.lang.Object, java.lang.Object, java.lang.Object, java.lang.Object, java.lang.Object, java.lang.Object, java.lang.Obj
Event: 3.358 Thread 0x0000015c74a47e20 Exception <a 'java/lang/NoSuchMethodError'{0x00000000ec065bd8}: 'java.lang.Object java.lang.invoke.DirectMethodHandle$Holder.invokeStatic(java.lang.Object, java.lang.Object, java.lang.Object, java.lang.Object, java.lang.Object, java.lang.Object, java.lang.Object, java.lang.Object, java.lang.Object, java.lang.Object, java.lang.Object, java.lang.Object, java.lang.Object, java.lang.Object, java.lang.Object, java.lang.Object, java.lang.Object, java.lang.Object, java.lang.Object, java.lang.Object, java.lang.Obj
Event: 3.361 Thread 0x0000015c74a47e20 Exception <a 'java/lang/NoSuchMethodError'{0x00000000ec0988e8}: 'java.lang.Object java.lang.invoke.DirectMethodHandle$Holder.invokeStatic(java.lang.Object, java.lang.Object, java.lang.Object, java.lang.Object, java.lang.Object, java.lang.Object, java.lang.Object, java.lang.Object, java.lang.Object, java.lang.Object, java.lang.Object, java.lang.Object, java.lang.Object, java.lang.Object, java.lang.Object, java.lang.Object, java.lang.Object, java.lang.Object, java.lang.Object, java.lang.Object, java.lang.Obj
Event: 3.388 Thread 0x0000015c74a47e20 Exception <a 'java/lang/IncompatibleClassChangeError'{0x00000000ebfbe168}: Found class java.lang.Object, but interface was expected> (0x00000000ebfbe168) 
thrown [s\src\hotspot\share\interpreter\linkResolver.cpp, line 840]

ZGC Phase Switch (0 events):
No events

VM Operations (20 events):
Event: 2.208 Executing VM operation: HandshakeAllThreads (Deoptimize)
Event: 2.208 Executing VM operation: HandshakeAllThreads (Deoptimize) done
Event: 2.284 Executing VM operation: HandshakeAllThreads (Deoptimize)
Event: 2.284 Executing VM operation: HandshakeAllThreads (Deoptimize) done
Event: 2.314 Executing VM operation: HandshakeAllThreads (Deoptimize)
Event: 2.314 Executing VM operation: HandshakeAllThreads (Deoptimize) done
Event: 2.359 Executing VM operation: HandshakeAllThreads (Deoptimize)
Event: 2.359 Executing VM operation: HandshakeAllThreads (Deoptimize) done
Event: 2.525 Executing VM operation: HandshakeAllThreads (Deoptimize)
Event: 2.525 Executing VM operation: HandshakeAllThreads (Deoptimize) done
Event: 2.681 Executing VM operation: ICBufferFull
Event: 2.681 Executing VM operation: ICBufferFull done
Event: 3.073 Executing VM operation: HandshakeAllThreads (Deoptimize)
Event: 3.074 Executing VM operation: HandshakeAllThreads (Deoptimize) done
Event: 3.246 Executing VM operation: ICBufferFull
Event: 3.246 Executing VM operation: ICBufferFull done
Event: 3.369 Executing VM operation: HandshakeAllThreads (Deoptimize)
Event: 3.370 Executing VM operation: HandshakeAllThreads (Deoptimize) done
Event: 3.370 Executing VM operation: HandshakeAllThreads (Deoptimize)
Event: 3.370 Executing VM operation: HandshakeAllThreads (Deoptimize) done

Memory protections (0 events):
No events

Nmethod flushes (0 events):
No events

Events (20 events):
Event: 0.162 Thread 0x0000015c3c2683b0 Thread added: 0x0000015c599997a0
Event: 0.253 Thread 0x0000015c599e07a0 Thread added: 0x0000015c599dfa00
Event: 0.542 Thread 0x0000015c599dfa00 Thread added: 0x0000015c599df330
Event: 1.564 Thread 0x0000015c599df330 Thread exited: 0x0000015c599df330
Event: 1.744 Thread 0x0000015c599dfa00 Thread exited: 0x0000015c599dfa00
Event: 2.070 Thread 0x0000015c599e07a0 Thread added: 0x0000015c599dec60
Event: 2.174 Thread 0x0000015c3c2683b0 Thread added: 0x0000015c59999e30
Event: 2.375 Thread 0x0000015c3c2683b0 Thread added: 0x0000015c59997d60
Event: 2.515 Thread 0x0000015c3c2683b0 Thread added: 0x0000015c599976d0
Event: 2.565 Thread 0x0000015c59997d60 Thread added: 0x0000015c5999ab50
Event: 2.569 Thread 0x0000015c5999ab50 Thread added: 0x0000015c74a45030
Event: 2.644 Thread 0x0000015c5999ab50 Thread added: 0x0000015c74a46a70
Event: 2.652 Thread 0x0000015c5999ab50 Thread added: 0x0000015c74a47e20
Event: 2.665 Thread 0x0000015c74a47e20 Thread added: 0x0000015c74a456c0
Event: 2.671 Thread 0x0000015c74a47e20 Thread added: 0x0000015c74a47100
Event: 2.674 Thread 0x0000015c74a47e20 Thread added: 0x0000015c74a45d50
Event: 3.074 Thread 0x0000015c74a47e20 Thread added: 0x0000015c74a49860
Event: 3.081 Thread 0x0000015c74a47e20 Thread added: 0x0000015c74a47790
Event: 3.145 Thread 0x0000015c74a47e20 Thread added: 0x0000015c74a484b0
Event: 3.211 Thread 0x0000015c599e07a0 Thread added: 0x0000015c599e0e70


Dynamic libraries:
0x00007ff6c2390000 - 0x00007ff6c239e000 	C:\Users\Zemich\.jdks\corretto-21.0.6\bin\java.exe
0x00007ffe45040000 - 0x00007ffe452a3000 	C:\Windows\SYSTEM32\ntdll.dll
0x00007ffe43470000 - 0x00007ffe43538000 	C:\Windows\System32\KERNEL32.DLL
0x00007ffe42410000 - 0x00007ffe427c2000 	C:\Windows\System32\KERNELBASE.dll
0x00007ffe42bf0000 - 0x00007ffe42d3b000 	C:\Windows\System32\ucrtbase.dll
0x00007ffe16a40000 - 0x00007ffe16a58000 	C:\Users\Zemich\.jdks\corretto-21.0.6\bin\jli.dll
0x00007ffe15d50000 - 0x00007ffe15d6b000 	C:\Users\Zemich\.jdks\corretto-21.0.6\bin\VCRUNTIME140.dll
0x00007ffe43c00000 - 0x00007ffe43dc8000 	C:\Windows\System32\USER32.dll
0x00007ffe42990000 - 0x00007ffe429b7000 	C:\Windows\System32\win32u.dll
0x00007ffe44be0000 - 0x00007ffe44c0a000 	C:\Windows\System32\GDI32.dll
0x00007ffe2e5e0000 - 0x00007ffe2e870000 	C:\Windows\WinSxS\amd64_microsoft.windows.common-controls_6595b64144ccf1df_6.0.26100.2454_none_3e0b68a2e331ad60\COMCTL32.dll
0x00007ffe42860000 - 0x00007ffe4298b000 	C:\Windows\System32\gdi32full.dll
0x00007ffe440a0000 - 0x00007ffe44149000 	C:\Windows\System32\msvcrt.dll
0x00007ffe429c0000 - 0x00007ffe42a63000 	C:\Windows\System32\msvcp_win.dll
0x00007ffe44a80000 - 0x00007ffe44aaf000 	C:\Windows\System32\IMM32.DLL
0x00007ffe2f490000 - 0x00007ffe2f49c000 	C:\Users\Zemich\.jdks\corretto-21.0.6\bin\vcruntime140_1.dll
0x00007ffe0b430000 - 0x00007ffe0b4bd000 	C:\Users\Zemich\.jdks\corretto-21.0.6\bin\msvcp140.dll
0x00007ffdf8830000 - 0x00007ffdf95cf000 	C:\Users\Zemich\.jdks\corretto-21.0.6\bin\server\jvm.dll
0x00007ffe42ea0000 - 0x00007ffe42f54000 	C:\Windows\System32\ADVAPI32.dll
0x00007ffe44ec0000 - 0x00007ffe44f66000 	C:\Windows\System32\sechost.dll
0x00007ffe43f80000 - 0x00007ffe44096000 	C:\Windows\System32\RPCRT4.dll
0x00007ffe44230000 - 0x00007ffe442a4000 	C:\Windows\System32\WS2_32.dll
0x00007ffe420e0000 - 0x00007ffe4212e000 	C:\Windows\SYSTEM32\POWRPROF.dll
0x00007ffe38f40000 - 0x00007ffe38f76000 	C:\Windows\SYSTEM32\WINMM.dll
0x00007ffe3be90000 - 0x00007ffe3be9b000 	C:\Windows\SYSTEM32\VERSION.dll
0x00007ffe420c0000 - 0x00007ffe420d4000 	C:\Windows\SYSTEM32\UMPDC.dll
0x00007ffe41170000 - 0x00007ffe4118a000 	C:\Windows\SYSTEM32\kernel.appcore.dll
0x00007ffe29fc0000 - 0x00007ffe29fca000 	C:\Users\Zemich\.jdks\corretto-21.0.6\bin\jimage.dll
0x00007ffe1f930000 - 0x00007ffe1fb71000 	C:\Windows\SYSTEM32\DBGHELP.DLL
0x00007ffe435b0000 - 0x00007ffe4392e000 	C:\Windows\System32\combase.dll
0x00007ffe44de0000 - 0x00007ffe44eb6000 	C:\Windows\System32\OLEAUT32.dll
0x00007ffe17fa0000 - 0x00007ffe17fd9000 	C:\Windows\SYSTEM32\dbgcore.DLL
0x00007ffe42e00000 - 0x00007ffe42e99000 	C:\Windows\System32\bcryptPrimitives.dll
0x00007ffe29a10000 - 0x00007ffe29a1e000 	C:\Users\Zemich\.jdks\corretto-21.0.6\bin\instrument.dll
0x00007ffe10270000 - 0x00007ffe1028f000 	C:\Users\Zemich\.jdks\corretto-21.0.6\bin\java.dll
0x00007ffe44360000 - 0x00007ffe44a61000 	C:\Windows\System32\SHELL32.dll
0x00007ffe40100000 - 0x00007ffe40931000 	C:\Windows\SYSTEM32\windows.storage.dll
0x00007ffe44150000 - 0x00007ffe4422a000 	C:\Windows\System32\SHCORE.dll
0x00007ffe439b0000 - 0x00007ffe43a0d000 	C:\Windows\System32\shlwapi.dll
0x00007ffe42320000 - 0x00007ffe4234e000 	C:\Windows\SYSTEM32\profapi.dll
0x00007ffe0b350000 - 0x00007ffe0b427000 	C:\Users\Zemich\.jdks\corretto-21.0.6\bin\jsvml.dll
0x00007ffe0d770000 - 0x00007ffe0d788000 	C:\Users\Zemich\.jdks\corretto-21.0.6\bin\zip.dll
0x00007ffe21240000 - 0x00007ffe21250000 	C:\Users\Zemich\.jdks\corretto-21.0.6\bin\net.dll
0x00007ffe3e380000 - 0x00007ffe3e4a6000 	C:\Windows\SYSTEM32\WINHTTP.dll
0x00007ffe416f0000 - 0x00007ffe41758000 	C:\Windows\system32\mswsock.dll
0x00007ffe0b990000 - 0x00007ffe0b9a6000 	C:\Users\Zemich\.jdks\corretto-21.0.6\bin\nio.dll
0x00007ffe17fe0000 - 0x00007ffe17ff0000 	C:\Users\Zemich\.jdks\corretto-21.0.6\bin\verify.dll
0x00007ffe3d8a0000 - 0x00007ffe3d8c7000 	C:\gradle-8.12-bin\gradle-8.12\native\1def1411415f61bf3af743bc5b6707747c0891f09f0c88961ee8f79bc544acac\windows-amd64\native-platform.dll
0x00007ffe0b770000 - 0x00007ffe0b7e8000 	C:\gradle-8.12-bin\gradle-8.12\native\0.2.6\x86_64-windows-gnu\gradle-fileevents.dll
0x00007ffe161a0000 - 0x00007ffe161a9000 	C:\Users\Zemich\.jdks\corretto-21.0.6\bin\management.dll
0x00007ffe15da0000 - 0x00007ffe15dab000 	C:\Users\Zemich\.jdks\corretto-21.0.6\bin\management_ext.dll
0x00007ffe439a0000 - 0x00007ffe439a8000 	C:\Windows\System32\PSAPI.DLL
0x00007ffe40c30000 - 0x00007ffe40c62000 	C:\Windows\SYSTEM32\IPHLPAPI.DLL
0x00007ffe44ff0000 - 0x00007ffe44ffa000 	C:\Windows\System32\NSI.dll
0x00007ffe15d40000 - 0x00007ffe15d49000 	C:\Users\Zemich\.jdks\corretto-21.0.6\bin\extnet.dll
0x00007ffe41aa0000 - 0x00007ffe41abc000 	C:\Windows\SYSTEM32\CRYPTSP.dll
0x00007ffe41190000 - 0x00007ffe411c8000 	C:\Windows\system32\rsaenh.dll
0x00007ffe41790000 - 0x00007ffe417bb000 	C:\Windows\SYSTEM32\USERENV.dll
0x00007ffe41ca0000 - 0x00007ffe41cc6000 	C:\Windows\SYSTEM32\bcrypt.dll
0x00007ffe41920000 - 0x00007ffe4192c000 	C:\Windows\SYSTEM32\CRYPTBASE.dll
0x00007ffe14fd0000 - 0x00007ffe14fde000 	C:\Users\Zemich\.jdks\corretto-21.0.6\bin\sunmscapi.dll
0x00007ffe42a70000 - 0x00007ffe42be6000 	C:\Windows\System32\CRYPT32.dll
0x00007ffe41bf0000 - 0x00007ffe41c20000 	C:\Windows\SYSTEM32\ncrypt.dll
0x00007ffe41ba0000 - 0x00007ffe41bdf000 	C:\Windows\SYSTEM32\NTASN1.dll
0x00007ffe2a310000 - 0x00007ffe2a318000 	C:\Windows\system32\wshunix.dll

dbghelp: loaded successfully - version: 4.0.5 - missing functions: none
symbol engine: initialized successfully - sym options: 0x614 - pdb path: .;C:\Users\Zemich\.jdks\corretto-21.0.6\bin;C:\Windows\SYSTEM32;C:\Windows\WinSxS\amd64_microsoft.windows.common-controls_6595b64144ccf1df_6.0.26100.2454_none_3e0b68a2e331ad60;C:\Users\Zemich\.jdks\corretto-21.0.6\bin\server;C:\gradle-8.12-bin\gradle-8.12\native\1def1411415f61bf3af743bc5b6707747c0891f09f0c88961ee8f79bc544acac\windows-amd64;C:\gradle-8.12-bin\gradle-8.12\native\0.2.6\x86_64-windows-gnu

VM Arguments:
jvm_args: --add-opens=java.base/java.lang=ALL-UNNAMED --add-opens=java.base/java.lang.invoke=ALL-UNNAMED --add-opens=java.base/java.util=ALL-UNNAMED --add-opens=java.prefs/java.util.prefs=ALL-UNNAMED --add-exports=jdk.compiler/com.sun.tools.javac.api=ALL-UNNAMED --add-exports=jdk.compiler/com.sun.tools.javac.util=ALL-UNNAMED --add-opens=java.base/java.util=ALL-UNNAMED --add-opens=java.prefs/java.util.prefs=ALL-UNNAMED --add-opens=java.base/java.nio.charset=ALL-UNNAMED --add-opens=java.base/java.net=ALL-UNNAMED --add-opens=java.base/java.util.concurrent.atomic=ALL-UNNAMED --add-opens=java.xml/javax.xml.namespace=ALL-UNNAMED -XX:MaxMetaspaceSize=384m -XX:+HeapDumpOnOutOfMemoryError -Xms256m -Xmx512m -Dfile.encoding=UTF-8 -Duser.country=RU -Duser.language=ru -Duser.variant -javaagent:C:\gradle-8.12-bin\gradle-8.12\wrapper\dists\gradle-8.12.1-bin\eumc4uhoysa37zql93vfjkxy0\gradle-8.12.1\lib\agents\gradle-instrumentation-agent-8.12.1.jar 
java_command: org.gradle.launcher.daemon.bootstrap.GradleDaemon 8.12.1
java_class_path (initial): C:\gradle-8.12-bin\gradle-8.12\wrapper\dists\gradle-8.12.1-bin\eumc4uhoysa37zql93vfjkxy0\gradle-8.12.1\lib\gradle-daemon-main-8.12.1.jar
Launcher Type: SUN_STANDARD

[Global flags]
     intx CICompilerCount                          = 4                                         {product} {ergonomic}
   size_t CompressedClassSpaceSize                 = 335544320                                 {product} {ergonomic}
     uint ConcGCThreads                            = 3                                         {product} {ergonomic}
     uint G1ConcRefinementThreads                  = 10                                        {product} {ergonomic}
   size_t G1HeapRegionSize                         = 1048576                                   {product} {ergonomic}
    uintx GCDrainStackTargetSize                   = 64                                        {product} {ergonomic}
     bool HeapDumpOnOutOfMemoryError               = true                                   {manageable} {command line}
   size_t InitialHeapSize                          = 268435456                                 {product} {command line}
   size_t MarkStackSize                            = 4194304                                   {product} {ergonomic}
   size_t MaxHeapSize                              = 536870912                                 {product} {command line}
   size_t MaxMetaspaceSize                         = 402653184                                 {product} {command line}
   size_t MaxNewSize                               = 321912832                                 {product} {ergonomic}
   size_t MinHeapDeltaBytes                        = 1048576                                   {product} {ergonomic}
   size_t MinHeapSize                              = 268435456                                 {product} {command line}
    uintx NonNMethodCodeHeapSize                   = 5839372                                {pd product} {ergonomic}
    uintx NonProfiledCodeHeapSize                  = 122909434                              {pd product} {ergonomic}
    uintx ProfiledCodeHeapSize                     = 122909434                              {pd product} {ergonomic}
    uintx ReservedCodeCacheSize                    = 251658240                              {pd product} {ergonomic}
     bool SegmentedCodeCache                       = true                                      {product} {ergonomic}
   size_t SoftMaxHeapSize                          = 536870912                              {manageable} {ergonomic}
     bool UseCompressedOops                        = true                           {product lp64_product} {ergonomic}
     bool UseG1GC                                  = true                                      {product} {ergonomic}
     bool UseLargePagesIndividualAllocation        = false                                  {pd product} {ergonomic}

Logging:
Log output configuration:
 #0: stdout all=warning uptime,level,tags foldmultilines=false
 #1: stderr all=off uptime,level,tags foldmultilines=false

Environment Variables:
JAVA_HOME=C:\Users\Zemich\.jdks\corretto-21.0.6
PATH=C:\Windows\system32;C:\Windows;C:\Windows\System32\Wbem;C:\Windows\System32\WindowsPowerShell\v1.0\;C:\Windows\System32\OpenSSH\;C:\Program Files\dotnet\;C:\gradle-8.12-bin\gradle-8.12\bin;C:\Program Files\Git\cmd;C:\Program Files\Docker\Docker\resources\bin;C:\Users\Zemich\AppData\Local\Microsoft\WindowsApps;C:\Program Files\JetBrains\IntelliJ IDEA 2024.3.2\bin;;C:\Users\Zemich\.jdks\corretto-21.0.6\bin;
USERNAME=Zemich
OS=Windows_NT
PROCESSOR_IDENTIFIER=AMD64 Family 23 Model 8 Stepping 2, AuthenticAMD
TMP=C:\Users\Zemich\AppData\Local\Temp
TEMP=C:\Users\Zemich\AppData\Local\Temp




Periodic native trim disabled

---------------  S Y S T E M  ---------------

OS:
 Windows 11 , 64 bit Build 26100 (10.0.26100.2454)
OS uptime: 5 days 19:53 hours
Hyper-V role detected

CPU: total 12 (initial active 12) (12 cores per cpu, 2 threads per core) family 23 model 8 stepping 2 microcode 0x800820d, cx8, cmov, fxsr, ht, mmx, 3dnowpref, sse, sse2, sse3, ssse3, sse4a, sse4.1, sse4.2, popcnt, lzcnt, tsc, tscinvbit, avx, avx2, aes, clmul, bmi1, bmi2, adx, sha, fma, vzeroupper, clflush, clflushopt, hv, rdtscp, f16c
Processor Information for the first 12 processors :
  Max Mhz: 3400, Current Mhz: 3400, Mhz Limit: 3400

Memory: 4k page, system-wide physical 16320M (2227M free)
TotalPageFile size 29512M (AvailPageFile size 47M)
current process WorkingSet (physical memory assigned to process): 213M, peak: 213M
current process commit charge ("private bytes"): 441M, peak: 441M

vm_info: OpenJDK 64-Bit Server VM (21.0.6+7-LTS) for windows-amd64 JRE (21.0.6+7-LTS), built on 2025-01-07T23:42:01Z by "Administrator" with MS VC++ 16.10 / 16.11 (VS2019)

END.
